{"/Users/onasis/dev-hub/seftec-store/locales/ar.json": {"path":"/Users/onasis/dev-hub/seftec-store/locales/ar.json","statementMap":{},"fnMap":{},"branchMap":{},"s":{},"f":{},"b":{},"meta":{"lastBranch":0,"lastFunction":0,"lastStatement":0,"seen":{}}}
,"/Users/onasis/dev-hub/seftec-store/locales/de.json": {"path":"/Users/onasis/dev-hub/seftec-store/locales/de.json","statementMap":{},"fnMap":{},"branchMap":{},"s":{},"f":{},"b":{},"meta":{"lastBranch":0,"lastFunction":0,"lastStatement":0,"seen":{}}}
,"/Users/onasis/dev-hub/seftec-store/locales/en.json": {"path":"/Users/onasis/dev-hub/seftec-store/locales/en.json","statementMap":{},"fnMap":{},"branchMap":{},"s":{},"f":{},"b":{},"meta":{"lastBranch":0,"lastFunction":0,"lastStatement":0,"seen":{}}}
,"/Users/onasis/dev-hub/seftec-store/locales/es.json": {"path":"/Users/onasis/dev-hub/seftec-store/locales/es.json","statementMap":{},"fnMap":{},"branchMap":{},"s":{},"f":{},"b":{},"meta":{"lastBranch":0,"lastFunction":0,"lastStatement":0,"seen":{}}}
,"/Users/onasis/dev-hub/seftec-store/locales/fr.json": {"path":"/Users/onasis/dev-hub/seftec-store/locales/fr.json","statementMap":{},"fnMap":{},"branchMap":{},"s":{},"f":{},"b":{},"meta":{"lastBranch":0,"lastFunction":0,"lastStatement":0,"seen":{}}}
,"/Users/onasis/dev-hub/seftec-store/locales/ja.json": {"path":"/Users/onasis/dev-hub/seftec-store/locales/ja.json","statementMap":{},"fnMap":{},"branchMap":{},"s":{},"f":{},"b":{},"meta":{"lastBranch":0,"lastFunction":0,"lastStatement":0,"seen":{}}}
,"/Users/onasis/dev-hub/seftec-store/locales/pt.json": {"path":"/Users/onasis/dev-hub/seftec-store/locales/pt.json","statementMap":{},"fnMap":{},"branchMap":{},"s":{},"f":{},"b":{},"meta":{"lastBranch":0,"lastFunction":0,"lastStatement":0,"seen":{}}}
,"/Users/onasis/dev-hub/seftec-store/locales/zh.json": {"path":"/Users/onasis/dev-hub/seftec-store/locales/zh.json","statementMap":{},"fnMap":{},"branchMap":{},"s":{},"f":{},"b":{},"meta":{"lastBranch":0,"lastFunction":0,"lastStatement":0,"seen":{}}}
,"/Users/onasis/dev-hub/seftec-store/src/components/icons.tsx": {"path":"/Users/onasis/dev-hub/seftec-store/src/components/icons.tsx","statementMap":{"0":{"start":{"line":6,"column":21},"end":{"line":41,"column":null}}},"fnMap":{},"branchMap":{},"s":{"0":1},"f":{},"b":{},"meta":{"lastBranch":0,"lastFunction":0,"lastStatement":1,"seen":{"s:6:21:41:Infinity":0}}}
,"/Users/onasis/dev-hub/seftec-store/src/components/auth/AuthForm.tsx": {"path":"/Users/onasis/dev-hub/seftec-store/src/components/auth/AuthForm.tsx","statementMap":{"0":{"start":{"line":20,"column":31},"end":{"line":20,"column":null}},"1":{"start":{"line":21,"column":33},"end":{"line":21,"column":null}},"2":{"start":{"line":22,"column":45},"end":{"line":22,"column":null}},"3":{"start":{"line":23,"column":31},"end":{"line":23,"column":null}},"4":{"start":{"line":24,"column":29},"end":{"line":24,"column":null}},"5":{"start":{"line":25,"column":37},"end":{"line":25,"column":null}},"6":{"start":{"line":26,"column":22},"end":{"line":26,"column":null}},"7":{"start":{"line":27,"column":16},"end":{"line":27,"column":null}},"8":{"start":{"line":28,"column":22},"end":{"line":28,"column":null}},"9":{"start":{"line":31,"column":2},"end":{"line":41,"column":null}},"10":{"start":{"line":36,"column":4},"end":{"line":40,"column":null}},"11":{"start":{"line":37,"column":6},"end":{"line":37,"column":null}},"12":{"start":{"line":38,"column":6},"end":{"line":38,"column":null}},"13":{"start":{"line":39,"column":6},"end":{"line":39,"column":null}},"14":{"start":{"line":43,"column":25},"end":{"line":45,"column":null}},"15":{"start":{"line":44,"column":4},"end":{"line":44,"column":null}},"16":{"start":{"line":47,"column":31},"end":{"line":49,"column":null}},"17":{"start":{"line":48,"column":4},"end":{"line":48,"column":null}},"18":{"start":{"line":51,"column":27},"end":{"line":54,"column":null}},"19":{"start":{"line":52,"column":4},"end":{"line":52,"column":null}},"20":{"start":{"line":53,"column":4},"end":{"line":53,"column":null}},"21":{"start":{"line":53,"column":19},"end":{"line":53,"column":null}},"22":{"start":{"line":56,"column":2},"end":{"line":58,"column":null}},"23":{"start":{"line":60,"column":2},"end":{"line":62,"column":null}},"24":{"start":{"line":61,"column":44},"end":{"line":61,"column":null}},"25":{"start":{"line":77,"column":57},"end":{"line":77,"column":82}},"26":{"start":{"line":80,"column":59},"end":{"line":80,"column":86}}},"fnMap":{"0":{"name":"AuthForm","decl":{"start":{"line":19,"column":16},"end":{"line":19,"column":25}},"loc":{"start":{"line":19,"column":65},"end":{"line":117,"column":null}},"line":19},"1":{"name":"(anonymous_1)","decl":{"start":{"line":31,"column":12},"end":{"line":31,"column":null}},"loc":{"start":{"line":31,"column":12},"end":{"line":41,"column":5}},"line":31},"2":{"name":"(anonymous_2)","decl":{"start":{"line":43,"column":25},"end":{"line":43,"column":null}},"loc":{"start":{"line":43,"column":25},"end":{"line":45,"column":null}},"line":43},"3":{"name":"(anonymous_3)","decl":{"start":{"line":47,"column":31},"end":{"line":47,"column":null}},"loc":{"start":{"line":47,"column":31},"end":{"line":49,"column":null}},"line":47},"4":{"name":"(anonymous_4)","decl":{"start":{"line":51,"column":27},"end":{"line":51,"column":null}},"loc":{"start":{"line":51,"column":27},"end":{"line":54,"column":null}},"line":51},"5":{"name":"(anonymous_5)","decl":{"start":{"line":61,"column":38},"end":{"line":61,"column":44}},"loc":{"start":{"line":61,"column":44},"end":{"line":61,"column":null}},"line":61},"6":{"name":"(anonymous_6)","decl":{"start":{"line":77,"column":51},"end":{"line":77,"column":57}},"loc":{"start":{"line":77,"column":57},"end":{"line":77,"column":82}},"line":77},"7":{"name":"(anonymous_7)","decl":{"start":{"line":80,"column":53},"end":{"line":80,"column":59}},"loc":{"start":{"line":80,"column":59},"end":{"line":80,"column":86}},"line":80}},"branchMap":{"0":{"loc":{"start":{"line":20,"column":43},"end":{"line":20,"column":null}},"type":"binary-expr","locations":[{"start":{"line":20,"column":43},"end":{"line":20,"column":57}},{"start":{"line":20,"column":57},"end":{"line":20,"column":null}}],"line":20},"1":{"loc":{"start":{"line":36,"column":4},"end":{"line":40,"column":null}},"type":"if","locations":[{"start":{"line":36,"column":4},"end":{"line":40,"column":null}},{"start":{},"end":{}}],"line":36},"2":{"loc":{"start":{"line":36,"column":8},"end":{"line":36,"column":51}},"type":"binary-expr","locations":[{"start":{"line":36,"column":8},"end":{"line":36,"column":16}},{"start":{"line":36,"column":16},"end":{"line":36,"column":51}}],"line":36},"3":{"loc":{"start":{"line":38,"column":21},"end":{"line":38,"column":null}},"type":"binary-expr","locations":[{"start":{"line":38,"column":21},"end":{"line":38,"column":62}},{"start":{"line":38,"column":62},"end":{"line":38,"column":null}}],"line":38},"4":{"loc":{"start":{"line":53,"column":4},"end":{"line":53,"column":null}},"type":"if","locations":[{"start":{"line":53,"column":4},"end":{"line":53,"column":null}},{"start":{},"end":{}}],"line":53},"5":{"loc":{"start":{"line":56,"column":2},"end":{"line":58,"column":null}},"type":"if","locations":[{"start":{"line":56,"column":2},"end":{"line":58,"column":null}},{"start":{},"end":{}}],"line":56},"6":{"loc":{"start":{"line":60,"column":2},"end":{"line":62,"column":null}},"type":"if","locations":[{"start":{"line":60,"column":2},"end":{"line":62,"column":null}},{"start":{},"end":{}}],"line":60}},"s":{"0":0,"1":0,"2":0,"3":0,"4":0,"5":0,"6":0,"7":0,"8":0,"9":0,"10":0,"11":0,"12":0,"13":0,"14":0,"15":0,"16":0,"17":0,"18":0,"19":0,"20":0,"21":0,"22":0,"23":0,"24":0,"25":0,"26":0},"f":{"0":0,"1":0,"2":0,"3":0,"4":0,"5":0,"6":0,"7":0},"b":{"0":[0,0],"1":[0,0],"2":[0,0],"3":[0,0],"4":[0,0],"5":[0,0],"6":[0,0]},"meta":{"lastBranch":7,"lastFunction":8,"lastStatement":27,"seen":{"f:19:16:19:25":0,"s:20:31:20:Infinity":0,"b:20:43:20:57:20:57:20:Infinity":0,"s:21:33:21:Infinity":1,"s:22:45:22:Infinity":2,"s:23:31:23:Infinity":3,"s:24:29:24:Infinity":4,"s:25:37:25:Infinity":5,"s:26:22:26:Infinity":6,"s:27:16:27:Infinity":7,"s:28:22:28:Infinity":8,"s:31:2:41:Infinity":9,"f:31:12:31:Infinity":1,"b:36:4:40:Infinity:undefined:undefined:undefined:undefined":1,"s:36:4:40:Infinity":10,"b:36:8:36:16:36:16:36:51":2,"s:37:6:37:Infinity":11,"s:38:6:38:Infinity":12,"b:38:21:38:62:38:62:38:Infinity":3,"s:39:6:39:Infinity":13,"s:43:25:45:Infinity":14,"f:43:25:43:Infinity":2,"s:44:4:44:Infinity":15,"s:47:31:49:Infinity":16,"f:47:31:47:Infinity":3,"s:48:4:48:Infinity":17,"s:51:27:54:Infinity":18,"f:51:27:51:Infinity":4,"s:52:4:52:Infinity":19,"b:53:4:53:Infinity:undefined:undefined:undefined:undefined":4,"s:53:4:53:Infinity":20,"s:53:19:53:Infinity":21,"b:56:2:58:Infinity:undefined:undefined:undefined:undefined":5,"s:56:2:58:Infinity":22,"b:60:2:62:Infinity:undefined:undefined:undefined:undefined":6,"s:60:2:62:Infinity":23,"f:61:38:61:44":5,"s:61:44:61:Infinity":24,"f:77:51:77:57":6,"s:77:57:77:82":25,"f:80:53:80:59":7,"s:80:59:80:86":26}}}
,"/Users/onasis/dev-hub/seftec-store/src/components/auth/AuthModal.tsx": {"path":"/Users/onasis/dev-hub/seftec-store/src/components/auth/AuthModal.tsx","statementMap":{"0":{"start":{"line":13,"column":16},"end":{"line":13,"column":null}},"1":{"start":{"line":14,"column":26},"end":{"line":14,"column":null}},"2":{"start":{"line":17,"column":2},"end":{"line":19,"column":null}},"3":{"start":{"line":27,"column":35},"end":{"line":27,"column":null}}},"fnMap":{"0":{"name":"AuthModal","decl":{"start":{"line":12,"column":16},"end":{"line":12,"column":26}},"loc":{"start":{"line":12,"column":54},"end":{"line":31,"column":null}},"line":12},"1":{"name":"(anonymous_1)","decl":{"start":{"line":27,"column":29},"end":{"line":27,"column":35}},"loc":{"start":{"line":27,"column":35},"end":{"line":27,"column":null}},"line":27}},"branchMap":{"0":{"loc":{"start":{"line":17,"column":2},"end":{"line":19,"column":null}},"type":"if","locations":[{"start":{"line":17,"column":2},"end":{"line":19,"column":null}},{"start":{},"end":{}}],"line":17}},"s":{"0":0,"1":0,"2":0,"3":0},"f":{"0":0,"1":0},"b":{"0":[0,0]},"meta":{"lastBranch":1,"lastFunction":2,"lastStatement":4,"seen":{"f:12:16:12:26":0,"s:13:16:13:Infinity":0,"s:14:26:14:Infinity":1,"b:17:2:19:Infinity:undefined:undefined:undefined:undefined":0,"s:17:2:19:Infinity":2,"f:27:29:27:35":1,"s:27:35:27:Infinity":3}}}
,"/Users/onasis/dev-hub/seftec-store/src/components/auth/AuthToggle.tsx": {"path":"/Users/onasis/dev-hub/seftec-store/src/components/auth/AuthToggle.tsx","statementMap":{},"fnMap":{"0":{"name":"AuthToggle","decl":{"start":{"line":10,"column":16},"end":{"line":10,"column":27}},"loc":{"start":{"line":10,"column":66},"end":{"line":25,"column":null}},"line":10}},"branchMap":{"0":{"loc":{"start":{"line":14,"column":9},"end":{"line":14,"column":null}},"type":"cond-expr","locations":[{"start":{"line":14,"column":20},"end":{"line":14,"column":49}},{"start":{"line":14,"column":49},"end":{"line":14,"column":null}}],"line":14},"1":{"loc":{"start":{"line":20,"column":11},"end":{"line":20,"column":null}},"type":"cond-expr","locations":[{"start":{"line":20,"column":22},"end":{"line":20,"column":34}},{"start":{"line":20,"column":34},"end":{"line":20,"column":null}}],"line":20}},"s":{},"f":{"0":0},"b":{"0":[0,0],"1":[0,0]},"meta":{"lastBranch":2,"lastFunction":1,"lastStatement":0,"seen":{"f:10:16:10:27":0,"b:14:20:14:49:14:49:14:Infinity":0,"b:20:22:20:34:20:34:20:Infinity":1}}}
,"/Users/onasis/dev-hub/seftec-store/src/components/auth/MFAVerificationForm.tsx": {"path":"/Users/onasis/dev-hub/seftec-store/src/components/auth/MFAVerificationForm.tsx","statementMap":{"0":{"start":{"line":17,"column":23},"end":{"line":17,"column":null}},"1":{"start":{"line":18,"column":33},"end":{"line":18,"column":null}},"2":{"start":{"line":19,"column":21},"end":{"line":19,"column":null}},"3":{"start":{"line":20,"column":17},"end":{"line":20,"column":null}},"4":{"start":{"line":22,"column":23},"end":{"line":57,"column":null}},"5":{"start":{"line":23,"column":4},"end":{"line":23,"column":null}},"6":{"start":{"line":25,"column":4},"end":{"line":32,"column":null}},"7":{"start":{"line":26,"column":6},"end":{"line":30,"column":null}},"8":{"start":{"line":31,"column":6},"end":{"line":31,"column":null}},"9":{"start":{"line":34,"column":4},"end":{"line":34,"column":null}},"10":{"start":{"line":36,"column":4},"end":{"line":56,"column":null}},"11":{"start":{"line":37,"column":22},"end":{"line":37,"column":null}},"12":{"start":{"line":39,"column":6},"end":{"line":47,"column":null}},"13":{"start":{"line":40,"column":8},"end":{"line":40,"column":null}},"14":{"start":{"line":40,"column":23},"end":{"line":40,"column":null}},"15":{"start":{"line":42,"column":8},"end":{"line":46,"column":null}},"16":{"start":{"line":49,"column":6},"end":{"line":53,"column":null}},"17":{"start":{"line":55,"column":6},"end":{"line":55,"column":null}},"18":{"start":{"line":75,"column":31},"end":{"line":75,"column":null}}},"fnMap":{"0":{"name":"MFAVerificationForm","decl":{"start":{"line":16,"column":16},"end":{"line":16,"column":36}},"loc":{"start":{"line":16,"column":85},"end":{"line":105,"column":null}},"line":16},"1":{"name":"(anonymous_1)","decl":{"start":{"line":22,"column":23},"end":{"line":22,"column":30}},"loc":{"start":{"line":22,"column":30},"end":{"line":57,"column":null}},"line":22},"2":{"name":"(anonymous_2)","decl":{"start":{"line":75,"column":24},"end":{"line":75,"column":25}},"loc":{"start":{"line":75,"column":31},"end":{"line":75,"column":null}},"line":75}},"branchMap":{"0":{"loc":{"start":{"line":25,"column":4},"end":{"line":32,"column":null}},"type":"if","locations":[{"start":{"line":25,"column":4},"end":{"line":32,"column":null}},{"start":{},"end":{}}],"line":25},"1":{"loc":{"start":{"line":39,"column":6},"end":{"line":47,"column":null}},"type":"if","locations":[{"start":{"line":39,"column":6},"end":{"line":47,"column":null}},{"start":{"line":41,"column":13},"end":{"line":47,"column":null}}],"line":39},"2":{"loc":{"start":{"line":40,"column":8},"end":{"line":40,"column":null}},"type":"if","locations":[{"start":{"line":40,"column":8},"end":{"line":40,"column":null}},{"start":{},"end":{}}],"line":40},"3":{"loc":{"start":{"line":52,"column":21},"end":{"line":52,"column":null}},"type":"binary-expr","locations":[{"start":{"line":52,"column":21},"end":{"line":52,"column":34}},{"start":{"line":52,"column":38},"end":{"line":52,"column":null}}],"line":52},"4":{"loc":{"start":{"line":85,"column":22},"end":{"line":85,"column":null}},"type":"binary-expr","locations":[{"start":{"line":85,"column":22},"end":{"line":85,"column":35}},{"start":{"line":85,"column":35},"end":{"line":85,"column":null}}],"line":85},"5":{"loc":{"start":{"line":87,"column":13},"end":{"line":93,"column":null}},"type":"cond-expr","locations":[{"start":{"line":87,"column":13},"end":{"line":93,"column":null}},{"start":{"line":93,"column":14},"end":{"line":93,"column":null}}],"line":87}},"s":{"0":0,"1":0,"2":0,"3":0,"4":0,"5":0,"6":0,"7":0,"8":0,"9":0,"10":0,"11":0,"12":0,"13":0,"14":0,"15":0,"16":0,"17":0,"18":0},"f":{"0":0,"1":0,"2":0},"b":{"0":[0,0],"1":[0,0],"2":[0,0],"3":[0,0],"4":[0,0],"5":[0,0]},"meta":{"lastBranch":6,"lastFunction":3,"lastStatement":19,"seen":{"f:16:16:16:36":0,"s:17:23:17:Infinity":0,"s:18:33:18:Infinity":1,"s:19:21:19:Infinity":2,"s:20:17:20:Infinity":3,"s:22:23:57:Infinity":4,"f:22:23:22:30":1,"s:23:4:23:Infinity":5,"b:25:4:32:Infinity:undefined:undefined:undefined:undefined":0,"s:25:4:32:Infinity":6,"s:26:6:30:Infinity":7,"s:31:6:31:Infinity":8,"s:34:4:34:Infinity":9,"s:36:4:56:Infinity":10,"s:37:22:37:Infinity":11,"b:39:6:47:Infinity:41:13:47:Infinity":1,"s:39:6:47:Infinity":12,"b:40:8:40:Infinity:undefined:undefined:undefined:undefined":2,"s:40:8:40:Infinity":13,"s:40:23:40:Infinity":14,"s:42:8:46:Infinity":15,"s:49:6:53:Infinity":16,"b:52:21:52:34:52:38:52:Infinity":3,"s:55:6:55:Infinity":17,"f:75:24:75:25":2,"s:75:31:75:Infinity":18,"b:85:22:85:35:85:35:85:Infinity":4,"b:87:13:93:Infinity:93:14:93:Infinity":5}}}
,"/Users/onasis/dev-hub/seftec-store/src/components/auth/MagicLinkForm.tsx": {"path":"/Users/onasis/dev-hub/seftec-store/src/components/auth/MagicLinkForm.tsx","statementMap":{"0":{"start":{"line":20,"column":24},"end":{"line":22,"column":null}},"1":{"start":{"line":30,"column":31},"end":{"line":30,"column":null}},"2":{"start":{"line":31,"column":33},"end":{"line":31,"column":null}},"3":{"start":{"line":32,"column":39},"end":{"line":32,"column":null}},"4":{"start":{"line":34,"column":8},"end":{"line":39,"column":null}},"5":{"start":{"line":42,"column":4},"end":{"line":42,"column":null}},"6":{"start":{"line":44,"column":4},"end":{"line":52,"column":null}},"7":{"start":{"line":45,"column":6},"end":{"line":45,"column":null}},"8":{"start":{"line":46,"column":6},"end":{"line":46,"column":null}},"9":{"start":{"line":47,"column":6},"end":{"line":47,"column":null}},"10":{"start":{"line":49,"column":6},"end":{"line":49,"column":null}},"11":{"start":{"line":51,"column":6},"end":{"line":51,"column":null}},"12":{"start":{"line":55,"column":2},"end":{"line":75,"column":null}},"13":{"start":{"line":69,"column":25},"end":{"line":69,"column":null}}},"fnMap":{"0":{"name":"MagicLinkForm","decl":{"start":{"line":29,"column":16},"end":{"line":29,"column":30}},"loc":{"start":{"line":29,"column":77},"end":{"line":119,"column":null}},"line":29},"1":{"name":"onSubmit","decl":{"start":{"line":41,"column":17},"end":{"line":41,"column":26}},"loc":{"start":{"line":41,"column":65},"end":{"line":53,"column":null}},"line":41},"2":{"name":"(anonymous_2)","decl":{"start":{"line":69,"column":19},"end":{"line":69,"column":25}},"loc":{"start":{"line":69,"column":25},"end":{"line":69,"column":null}},"line":69}},"branchMap":{"0":{"loc":{"start":{"line":55,"column":2},"end":{"line":75,"column":null}},"type":"if","locations":[{"start":{"line":55,"column":2},"end":{"line":75,"column":null}},{"start":{},"end":{}}],"line":55},"1":{"loc":{"start":{"line":107,"column":11},"end":{"line":113,"column":null}},"type":"cond-expr","locations":[{"start":{"line":107,"column":11},"end":{"line":113,"column":null}},{"start":{"line":113,"column":12},"end":{"line":113,"column":null}}],"line":107}},"s":{"0":1,"1":0,"2":0,"3":0,"4":0,"5":0,"6":0,"7":0,"8":0,"9":0,"10":0,"11":0,"12":0,"13":0},"f":{"0":0,"1":0,"2":0},"b":{"0":[0,0],"1":[0,0]},"meta":{"lastBranch":2,"lastFunction":3,"lastStatement":14,"seen":{"s:20:24:22:Infinity":0,"f:29:16:29:30":0,"s:30:31:30:Infinity":1,"s:31:33:31:Infinity":2,"s:32:39:32:Infinity":3,"s:34:8:39:Infinity":4,"f:41:17:41:26":1,"s:42:4:42:Infinity":5,"s:44:4:52:Infinity":6,"s:45:6:45:Infinity":7,"s:46:6:46:Infinity":8,"s:47:6:47:Infinity":9,"s:49:6:49:Infinity":10,"s:51:6:51:Infinity":11,"b:55:2:75:Infinity:undefined:undefined:undefined:undefined":0,"s:55:2:75:Infinity":12,"f:69:19:69:25":2,"s:69:25:69:Infinity":13,"b:107:11:113:Infinity:113:12:113:Infinity":1}}}
,"/Users/onasis/dev-hub/seftec-store/src/components/auth/ResetPasswordForm.tsx": {"path":"/Users/onasis/dev-hub/seftec-store/src/components/auth/ResetPasswordForm.tsx","statementMap":{"0":{"start":{"line":16,"column":25},"end":{"line":16,"column":null}},"1":{"start":{"line":17,"column":33},"end":{"line":17,"column":null}},"2":{"start":{"line":18,"column":27},"end":{"line":18,"column":null}},"3":{"start":{"line":19,"column":17},"end":{"line":19,"column":null}},"4":{"start":{"line":21,"column":23},"end":{"line":56,"column":null}},"5":{"start":{"line":22,"column":4},"end":{"line":22,"column":null}},"6":{"start":{"line":24,"column":4},"end":{"line":31,"column":null}},"7":{"start":{"line":25,"column":6},"end":{"line":29,"column":null}},"8":{"start":{"line":30,"column":6},"end":{"line":30,"column":null}},"9":{"start":{"line":33,"column":4},"end":{"line":33,"column":null}},"10":{"start":{"line":35,"column":4},"end":{"line":55,"column":null}},"11":{"start":{"line":36,"column":24},"end":{"line":38,"column":null}},"12":{"start":{"line":40,"column":6},"end":{"line":40,"column":null}},"13":{"start":{"line":40,"column":17},"end":{"line":40,"column":null}},"14":{"start":{"line":42,"column":6},"end":{"line":42,"column":null}},"15":{"start":{"line":43,"column":6},"end":{"line":46,"column":null}},"16":{"start":{"line":48,"column":6},"end":{"line":52,"column":null}},"17":{"start":{"line":54,"column":6},"end":{"line":54,"column":null}},"18":{"start":{"line":91,"column":37},"end":{"line":91,"column":null}}},"fnMap":{"0":{"name":"ResetPasswordForm","decl":{"start":{"line":15,"column":16},"end":{"line":15,"column":34}},"loc":{"start":{"line":15,"column":68},"end":{"line":126,"column":null}},"line":15},"1":{"name":"(anonymous_1)","decl":{"start":{"line":21,"column":23},"end":{"line":21,"column":30}},"loc":{"start":{"line":21,"column":30},"end":{"line":56,"column":null}},"line":21},"2":{"name":"(anonymous_2)","decl":{"start":{"line":91,"column":30},"end":{"line":91,"column":31}},"loc":{"start":{"line":91,"column":37},"end":{"line":91,"column":null}},"line":91}},"branchMap":{"0":{"loc":{"start":{"line":24,"column":4},"end":{"line":31,"column":null}},"type":"if","locations":[{"start":{"line":24,"column":4},"end":{"line":31,"column":null}},{"start":{},"end":{}}],"line":24},"1":{"loc":{"start":{"line":40,"column":6},"end":{"line":40,"column":null}},"type":"if","locations":[{"start":{"line":40,"column":6},"end":{"line":40,"column":null}},{"start":{},"end":{}}],"line":40},"2":{"loc":{"start":{"line":51,"column":21},"end":{"line":51,"column":null}},"type":"binary-expr","locations":[{"start":{"line":51,"column":21},"end":{"line":51,"column":34}},{"start":{"line":51,"column":38},"end":{"line":51,"column":null}}],"line":51},"3":{"loc":{"start":{"line":72,"column":11},"end":{"line":74,"column":null}},"type":"cond-expr","locations":[{"start":{"line":73,"column":14},"end":{"line":73,"column":null}},{"start":{"line":74,"column":14},"end":{"line":74,"column":null}}],"line":72},"4":{"loc":{"start":{"line":102,"column":17},"end":{"line":102,"column":null}},"type":"cond-expr","locations":[{"start":{"line":102,"column":29},"end":{"line":102,"column":44}},{"start":{"line":102,"column":44},"end":{"line":102,"column":null}}],"line":102}},"s":{"0":0,"1":0,"2":0,"3":0,"4":0,"5":0,"6":0,"7":0,"8":0,"9":0,"10":0,"11":0,"12":0,"13":0,"14":0,"15":0,"16":0,"17":0,"18":0},"f":{"0":0,"1":0,"2":0},"b":{"0":[0,0],"1":[0,0],"2":[0,0],"3":[0,0],"4":[0,0]},"meta":{"lastBranch":5,"lastFunction":3,"lastStatement":19,"seen":{"f:15:16:15:34":0,"s:16:25:16:Infinity":0,"s:17:33:17:Infinity":1,"s:18:27:18:Infinity":2,"s:19:17:19:Infinity":3,"s:21:23:56:Infinity":4,"f:21:23:21:30":1,"s:22:4:22:Infinity":5,"b:24:4:31:Infinity:undefined:undefined:undefined:undefined":0,"s:24:4:31:Infinity":6,"s:25:6:29:Infinity":7,"s:30:6:30:Infinity":8,"s:33:4:33:Infinity":9,"s:35:4:55:Infinity":10,"s:36:24:38:Infinity":11,"b:40:6:40:Infinity:undefined:undefined:undefined:undefined":1,"s:40:6:40:Infinity":12,"s:40:17:40:Infinity":13,"s:42:6:42:Infinity":14,"s:43:6:46:Infinity":15,"s:48:6:52:Infinity":16,"b:51:21:51:34:51:38:51:Infinity":2,"s:54:6:54:Infinity":17,"b:73:14:73:Infinity:74:14:74:Infinity":3,"f:91:30:91:31":2,"s:91:37:91:Infinity":18,"b:102:29:102:44:102:44:102:Infinity":4}}}
,"/Users/onasis/dev-hub/seftec-store/src/components/auth/SignInForm.tsx": {"path":"/Users/onasis/dev-hub/seftec-store/src/components/auth/SignInForm.tsx","statementMap":{"0":{"start":{"line":35,"column":17},"end":{"line":35,"column":null}},"1":{"start":{"line":36,"column":18},"end":{"line":36,"column":null}},"2":{"start":{"line":37,"column":8},"end":{"line":37,"column":null}},"3":{"start":{"line":38,"column":8},"end":{"line":38,"column":null}},"4":{"start":{"line":41,"column":15},"end":{"line":41,"column":null}},"5":{"start":{"line":43,"column":8},"end":{"line":49,"column":null}},"6":{"start":{"line":52,"column":4},"end":{"line":52,"column":null}},"7":{"start":{"line":54,"column":4},"end":{"line":73,"column":null}},"8":{"start":{"line":55,"column":6},"end":{"line":55,"column":null}},"9":{"start":{"line":56,"column":6},"end":{"line":58,"column":null}},"10":{"start":{"line":61,"column":6},"end":{"line":61,"column":null}},"11":{"start":{"line":64,"column":6},"end":{"line":64,"column":null}},"12":{"start":{"line":64,"column":21},"end":{"line":64,"column":null}},"13":{"start":{"line":66,"column":6},"end":{"line":70,"column":null}},"14":{"start":{"line":72,"column":6},"end":{"line":72,"column":null}}},"fnMap":{"0":{"name":"SignInForm","decl":{"start":{"line":29,"column":16},"end":{"line":29,"column":27}},"loc":{"start":{"line":34,"column":18},"end":{"line":142,"column":null}},"line":34},"1":{"name":"handleSubmit","decl":{"start":{"line":51,"column":17},"end":{"line":51,"column":30}},"loc":{"start":{"line":51,"column":74},"end":{"line":74,"column":null}},"line":51}},"branchMap":{"0":{"loc":{"start":{"line":41,"column":15},"end":{"line":41,"column":null}},"type":"binary-expr","locations":[{"start":{"line":41,"column":15},"end":{"line":41,"column":39}},{"start":{"line":41,"column":39},"end":{"line":41,"column":null}}],"line":41},"1":{"loc":{"start":{"line":64,"column":6},"end":{"line":64,"column":null}},"type":"if","locations":[{"start":{"line":64,"column":6},"end":{"line":64,"column":null}},{"start":{},"end":{}}],"line":64},"2":{"loc":{"start":{"line":68,"column":21},"end":{"line":68,"column":null}},"type":"binary-expr","locations":[{"start":{"line":68,"column":21},"end":{"line":68,"column":34}},{"start":{"line":68,"column":38},"end":{"line":68,"column":null}}],"line":68},"3":{"loc":{"start":{"line":130,"column":11},"end":{"line":136,"column":null}},"type":"cond-expr","locations":[{"start":{"line":130,"column":11},"end":{"line":136,"column":null}},{"start":{"line":136,"column":12},"end":{"line":136,"column":null}}],"line":130}},"s":{"0":0,"1":0,"2":0,"3":0,"4":0,"5":0,"6":0,"7":0,"8":0,"9":0,"10":0,"11":0,"12":0,"13":0,"14":0},"f":{"0":0,"1":0},"b":{"0":[0,0],"1":[0,0],"2":[0,0],"3":[0,0]},"meta":{"lastBranch":4,"lastFunction":2,"lastStatement":15,"seen":{"f:29:16:29:27":0,"s:35:17:35:Infinity":0,"s:36:18:36:Infinity":1,"s:37:8:37:Infinity":2,"s:38:8:38:Infinity":3,"s:41:15:41:Infinity":4,"b:41:15:41:39:41:39:41:Infinity":0,"s:43:8:49:Infinity":5,"f:51:17:51:30":1,"s:52:4:52:Infinity":6,"s:54:4:73:Infinity":7,"s:55:6:55:Infinity":8,"s:56:6:58:Infinity":9,"s:61:6:61:Infinity":10,"b:64:6:64:Infinity:undefined:undefined:undefined:undefined":1,"s:64:6:64:Infinity":11,"s:64:21:64:Infinity":12,"s:66:6:70:Infinity":13,"b:68:21:68:34:68:38:68:Infinity":2,"s:72:6:72:Infinity":14,"b:130:11:136:Infinity:136:12:136:Infinity":3}}}
,"/Users/onasis/dev-hub/seftec-store/src/components/auth/SignUpForm.tsx": {"path":"/Users/onasis/dev-hub/seftec-store/src/components/auth/SignUpForm.tsx","statementMap":{"0":{"start":{"line":28,"column":17},"end":{"line":28,"column":null}},"1":{"start":{"line":29,"column":18},"end":{"line":29,"column":null}},"2":{"start":{"line":31,"column":8},"end":{"line":38,"column":null}},"3":{"start":{"line":41,"column":4},"end":{"line":41,"column":null}},"4":{"start":{"line":43,"column":4},"end":{"line":60,"column":null}},"5":{"start":{"line":44,"column":6},"end":{"line":46,"column":null}},"6":{"start":{"line":47,"column":6},"end":{"line":50,"column":null}},"7":{"start":{"line":51,"column":6},"end":{"line":51,"column":null}},"8":{"start":{"line":53,"column":6},"end":{"line":57,"column":null}},"9":{"start":{"line":59,"column":6},"end":{"line":59,"column":null}}},"fnMap":{"0":{"name":"SignUpForm","decl":{"start":{"line":27,"column":16},"end":{"line":27,"column":27}},"loc":{"start":{"line":27,"column":82},"end":{"line":130,"column":null}},"line":27},"1":{"name":"handleSubmit","decl":{"start":{"line":40,"column":17},"end":{"line":40,"column":30}},"loc":{"start":{"line":40,"column":74},"end":{"line":61,"column":null}},"line":40}},"branchMap":{},"s":{"0":0,"1":0,"2":0,"3":0,"4":0,"5":0,"6":0,"7":0,"8":0,"9":0},"f":{"0":0,"1":0},"b":{},"meta":{"lastBranch":0,"lastFunction":2,"lastStatement":10,"seen":{"f:27:16:27:27":0,"s:28:17:28:Infinity":0,"s:29:18:29:Infinity":1,"s:31:8:38:Infinity":2,"f:40:17:40:30":1,"s:41:4:41:Infinity":3,"s:43:4:60:Infinity":4,"s:44:6:46:Infinity":5,"s:47:6:50:Infinity":6,"s:51:6:51:Infinity":7,"s:53:6:57:Infinity":8,"s:59:6:59:Infinity":9}}}
,"/Users/onasis/dev-hub/seftec-store/src/components/auth/SocialAuthButtons.tsx": {"path":"/Users/onasis/dev-hub/seftec-store/src/components/auth/SocialAuthButtons.tsx","statementMap":{"0":{"start":{"line":13,"column":36},"end":{"line":23,"column":null}},"1":{"start":{"line":25,"column":27},"end":{"line":25,"column":null}},"2":{"start":{"line":27,"column":29},"end":{"line":37,"column":null}},"3":{"start":{"line":28,"column":4},"end":{"line":36,"column":null}},"4":{"start":{"line":29,"column":6},"end":{"line":29,"column":null}},"5":{"start":{"line":29,"column":28},"end":{"line":29,"column":null}},"6":{"start":{"line":30,"column":6},"end":{"line":30,"column":null}},"7":{"start":{"line":34,"column":6},"end":{"line":34,"column":null}},"8":{"start":{"line":35,"column":6},"end":{"line":35,"column":null}},"9":{"start":{"line":35,"column":28},"end":{"line":35,"column":null}},"10":{"start":{"line":45,"column":23},"end":{"line":45,"column":null}},"11":{"start":{"line":61,"column":23},"end":{"line":61,"column":null}},"12":{"start":{"line":75,"column":23},"end":{"line":75,"column":null}},"13":{"start":{"line":89,"column":23},"end":{"line":89,"column":null}}},"fnMap":{"0":{"name":"SocialAuthButtons","decl":{"start":{"line":12,"column":16},"end":{"line":12,"column":34}},"loc":{"start":{"line":12,"column":71},"end":{"line":100,"column":null}},"line":12},"1":{"name":"(anonymous_1)","decl":{"start":{"line":27,"column":29},"end":{"line":27,"column":36}},"loc":{"start":{"line":27,"column":36},"end":{"line":37,"column":null}},"line":27},"2":{"name":"(anonymous_2)","decl":{"start":{"line":29,"column":19},"end":{"line":29,"column":28}},"loc":{"start":{"line":29,"column":28},"end":{"line":29,"column":null}},"line":29},"3":{"name":"(anonymous_3)","decl":{"start":{"line":35,"column":19},"end":{"line":35,"column":28}},"loc":{"start":{"line":35,"column":28},"end":{"line":35,"column":null}},"line":35},"4":{"name":"(anonymous_4)","decl":{"start":{"line":45,"column":17},"end":{"line":45,"column":23}},"loc":{"start":{"line":45,"column":23},"end":{"line":45,"column":null}},"line":45},"5":{"name":"(anonymous_5)","decl":{"start":{"line":61,"column":17},"end":{"line":61,"column":23}},"loc":{"start":{"line":61,"column":23},"end":{"line":61,"column":null}},"line":61},"6":{"name":"(anonymous_6)","decl":{"start":{"line":75,"column":17},"end":{"line":75,"column":23}},"loc":{"start":{"line":75,"column":23},"end":{"line":75,"column":null}},"line":75},"7":{"name":"(anonymous_7)","decl":{"start":{"line":89,"column":17},"end":{"line":89,"column":23}},"loc":{"start":{"line":89,"column":23},"end":{"line":89,"column":null}},"line":89}},"branchMap":{},"s":{"0":0,"1":0,"2":0,"3":0,"4":0,"5":0,"6":0,"7":0,"8":0,"9":0,"10":0,"11":0,"12":0,"13":0},"f":{"0":0,"1":0,"2":0,"3":0,"4":0,"5":0,"6":0,"7":0},"b":{},"meta":{"lastBranch":0,"lastFunction":8,"lastStatement":14,"seen":{"f:12:16:12:34":0,"s:13:36:23:Infinity":0,"s:25:27:25:Infinity":1,"s:27:29:37:Infinity":2,"f:27:29:27:36":1,"s:28:4:36:Infinity":3,"s:29:6:29:Infinity":4,"f:29:19:29:28":2,"s:29:28:29:Infinity":5,"s:30:6:30:Infinity":6,"s:34:6:34:Infinity":7,"s:35:6:35:Infinity":8,"f:35:19:35:28":3,"s:35:28:35:Infinity":9,"f:45:17:45:23":4,"s:45:23:45:Infinity":10,"f:61:17:61:23":5,"s:61:23:61:Infinity":11,"f:75:17:75:23":6,"s:75:23:75:Infinity":12,"f:89:17:89:23":7,"s:89:23:89:Infinity":13}}}
,"/Users/onasis/dev-hub/seftec-store/src/components/auth/UserProfileDropdown.tsx": {"path":"/Users/onasis/dev-hub/seftec-store/src/components/auth/UserProfileDropdown.tsx","statementMap":{"0":{"start":{"line":19,"column":34},"end":{"line":19,"column":null}},"1":{"start":{"line":21,"column":22},"end":{"line":26,"column":null}},"2":{"start":{"line":22,"column":4},"end":{"line":24,"column":null}},"3":{"start":{"line":23,"column":6},"end":{"line":23,"column":null}},"4":{"start":{"line":25,"column":4},"end":{"line":25,"column":null}},"5":{"start":{"line":28,"column":2},"end":{"line":36,"column":null}},"6":{"start":{"line":127,"column":41},"end":{"line":127,"column":null}}},"fnMap":{"0":{"name":"UserProfileDropdown","decl":{"start":{"line":18,"column":16},"end":{"line":18,"column":null}},"loc":{"start":{"line":18,"column":16},"end":{"line":134,"column":null}},"line":18},"1":{"name":"(anonymous_1)","decl":{"start":{"line":21,"column":22},"end":{"line":21,"column":null}},"loc":{"start":{"line":21,"column":22},"end":{"line":26,"column":null}},"line":21},"2":{"name":"(anonymous_2)","decl":{"start":{"line":127,"column":35},"end":{"line":127,"column":41}},"loc":{"start":{"line":127,"column":41},"end":{"line":127,"column":null}},"line":127}},"branchMap":{"0":{"loc":{"start":{"line":22,"column":4},"end":{"line":24,"column":null}},"type":"if","locations":[{"start":{"line":22,"column":4},"end":{"line":24,"column":null}},{"start":{},"end":{}}],"line":22},"1":{"loc":{"start":{"line":22,"column":8},"end":{"line":22,"column":51}},"type":"binary-expr","locations":[{"start":{"line":22,"column":8},"end":{"line":22,"column":31}},{"start":{"line":22,"column":31},"end":{"line":22,"column":51}}],"line":22},"2":{"loc":{"start":{"line":25,"column":11},"end":{"line":25,"column":null}},"type":"binary-expr","locations":[{"start":{"line":25,"column":11},"end":{"line":25,"column":57}},{"start":{"line":25,"column":57},"end":{"line":25,"column":null}}],"line":25},"3":{"loc":{"start":{"line":28,"column":2},"end":{"line":36,"column":null}},"type":"if","locations":[{"start":{"line":28,"column":2},"end":{"line":36,"column":null}},{"start":{},"end":{}}],"line":28},"4":{"loc":{"start":{"line":52,"column":15},"end":{"line":54,"column":null}},"type":"cond-expr","locations":[{"start":{"line":53,"column":18},"end":{"line":53,"column":62}},{"start":{"line":54,"column":18},"end":{"line":54,"column":null}}],"line":52},"5":{"loc":{"start":{"line":52,"column":15},"end":{"line":52,"column":null}},"type":"binary-expr","locations":[{"start":{"line":52,"column":15},"end":{"line":52,"column":38}},{"start":{"line":52,"column":38},"end":{"line":52,"column":null}}],"line":52}},"s":{"0":0,"1":0,"2":0,"3":0,"4":0,"5":0,"6":0},"f":{"0":0,"1":0,"2":0},"b":{"0":[0,0],"1":[0,0],"2":[0,0],"3":[0,0],"4":[0,0],"5":[0,0]},"meta":{"lastBranch":6,"lastFunction":3,"lastStatement":7,"seen":{"f:18:16:18:Infinity":0,"s:19:34:19:Infinity":0,"s:21:22:26:Infinity":1,"f:21:22:21:Infinity":1,"b:22:4:24:Infinity:undefined:undefined:undefined:undefined":0,"s:22:4:24:Infinity":2,"b:22:8:22:31:22:31:22:51":1,"s:23:6:23:Infinity":3,"s:25:4:25:Infinity":4,"b:25:11:25:57:25:57:25:Infinity":2,"b:28:2:36:Infinity:undefined:undefined:undefined:undefined":3,"s:28:2:36:Infinity":5,"b:53:18:53:62:54:18:54:Infinity":4,"b:52:15:52:38:52:38:52:Infinity":5,"f:127:35:127:41":2,"s:127:41:127:Infinity":6}}}
,"/Users/onasis/dev-hub/seftec-store/src/components/dashboard/TradeFinanceTab.tsx": {"path":"/Users/onasis/dev-hub/seftec-store/src/components/dashboard/TradeFinanceTab.tsx","statementMap":{"0":{"start":{"line":13,"column":29},"end":{"line":23,"column":null}},"1":{"start":{"line":14,"column":41},"end":{"line":21,"column":null}},"2":{"start":{"line":22,"column":2},"end":{"line":22,"column":null}},"3":{"start":{"line":26,"column":28},"end":{"line":39,"column":null}},"4":{"start":{"line":27,"column":41},"end":{"line":37,"column":null}},"5":{"start":{"line":38,"column":2},"end":{"line":38,"column":null}},"6":{"start":{"line":41,"column":21},"end":{"line":43,"column":null}},"7":{"start":{"line":42,"column":2},"end":{"line":42,"column":null}},"8":{"start":{"line":42,"column":39},"end":{"line":42,"column":85}},"9":{"start":{"line":52,"column":5},"end":{"line":168,"column":null}},"10":{"start":{"line":53,"column":21},"end":{"line":57,"column":null}},"11":{"start":{"line":59,"column":21},"end":{"line":63,"column":null}},"12":{"start":{"line":65,"column":23},"end":{"line":69,"column":null}},"13":{"start":{"line":134,"column":31},"end":{"line":134,"column":null}},"14":{"start":{"line":143,"column":33},"end":{"line":143,"column":null}},"15":{"start":{"line":154,"column":20},"end":{"line":156,"column":null}},"16":{"start":{"line":155,"column":22},"end":{"line":155,"column":null}},"17":{"start":{"line":170,"column":24},"end":{"line":452,"column":null}},"18":{"start":{"line":171,"column":34},"end":{"line":171,"column":null}},"19":{"start":{"line":172,"column":60},"end":{"line":172,"column":null}},"20":{"start":{"line":173,"column":48},"end":{"line":173,"column":null}},"21":{"start":{"line":174,"column":44},"end":{"line":174,"column":null}},"22":{"start":{"line":175,"column":54},"end":{"line":175,"column":null}},"23":{"start":{"line":176,"column":48},"end":{"line":176,"column":null}},"24":{"start":{"line":177,"column":56},"end":{"line":177,"column":null}},"25":{"start":{"line":179,"column":8},"end":{"line":179,"column":null}},"26":{"start":{"line":180,"column":71},"end":{"line":180,"column":null}},"27":{"start":{"line":183,"column":29},"end":{"line":183,"column":null}},"28":{"start":{"line":183,"column":56},"end":{"line":183,"column":null}},"29":{"start":{"line":184,"column":30},"end":{"line":184,"column":null}},"30":{"start":{"line":184,"column":57},"end":{"line":184,"column":null}},"31":{"start":{"line":185,"column":32},"end":{"line":185,"column":null}},"32":{"start":{"line":185,"column":59},"end":{"line":185,"column":null}},"33":{"start":{"line":187,"column":28},"end":{"line":190,"column":null}},"34":{"start":{"line":188,"column":4},"end":{"line":188,"column":null}},"35":{"start":{"line":189,"column":4},"end":{"line":189,"column":null}},"36":{"start":{"line":192,"column":31},"end":{"line":195,"column":null}},"37":{"start":{"line":193,"column":4},"end":{"line":193,"column":null}},"38":{"start":{"line":194,"column":4},"end":{"line":194,"column":null}},"39":{"start":{"line":197,"column":32},"end":{"line":200,"column":null}},"40":{"start":{"line":198,"column":4},"end":{"line":198,"column":null}},"41":{"start":{"line":199,"column":4},"end":{"line":199,"column":null}},"42":{"start":{"line":202,"column":28},"end":{"line":204,"column":null}},"43":{"start":{"line":203,"column":4},"end":{"line":203,"column":null}},"44":{"start":{"line":206,"column":32},"end":{"line":209,"column":null}},"45":{"start":{"line":207,"column":4},"end":{"line":207,"column":null}},"46":{"start":{"line":208,"column":4},"end":{"line":208,"column":null}},"47":{"start":{"line":211,"column":30},"end":{"line":213,"column":null}},"48":{"start":{"line":212,"column":4},"end":{"line":212,"column":null}},"49":{"start":{"line":321,"column":40},"end":{"line":332,"column":17}},"50":{"start":{"line":360,"column":41},"end":{"line":371,"column":17}},"51":{"start":{"line":399,"column":43},"end":{"line":410,"column":17}}},"fnMap":{"0":{"name":"(anonymous_0)","decl":{"start":{"line":13,"column":29},"end":{"line":13,"column":30}},"loc":{"start":{"line":13,"column":30},"end":{"line":23,"column":null}},"line":13},"1":{"name":"(anonymous_1)","decl":{"start":{"line":26,"column":28},"end":{"line":26,"column":29}},"loc":{"start":{"line":26,"column":29},"end":{"line":39,"column":null}},"line":26},"2":{"name":"(anonymous_2)","decl":{"start":{"line":41,"column":21},"end":{"line":41,"column":22}},"loc":{"start":{"line":41,"column":22},"end":{"line":43,"column":null}},"line":41},"3":{"name":"(anonymous_3)","decl":{"start":{"line":42,"column":31},"end":{"line":42,"column":39}},"loc":{"start":{"line":42,"column":39},"end":{"line":42,"column":85}},"line":42},"4":{"name":"(anonymous_4)","decl":{"start":{"line":52,"column":5},"end":{"line":52,"column":6}},"loc":{"start":{"line":52,"column":72},"end":{"line":168,"column":null}},"line":52},"5":{"name":"(anonymous_5)","decl":{"start":{"line":134,"column":25},"end":{"line":134,"column":31}},"loc":{"start":{"line":134,"column":31},"end":{"line":134,"column":null}},"line":134},"6":{"name":"(anonymous_6)","decl":{"start":{"line":143,"column":27},"end":{"line":143,"column":33}},"loc":{"start":{"line":143,"column":33},"end":{"line":143,"column":null}},"line":143},"7":{"name":"(anonymous_7)","decl":{"start":{"line":153,"column":27},"end":{"line":153,"column":null}},"loc":{"start":{"line":153,"column":27},"end":{"line":157,"column":null}},"line":153},"8":{"name":"(anonymous_8)","decl":{"start":{"line":170,"column":24},"end":{"line":170,"column":null}},"loc":{"start":{"line":170,"column":24},"end":{"line":452,"column":null}},"line":170},"9":{"name":"(anonymous_9)","decl":{"start":{"line":183,"column":49},"end":{"line":183,"column":56}},"loc":{"start":{"line":183,"column":56},"end":{"line":183,"column":null}},"line":183},"10":{"name":"(anonymous_10)","decl":{"start":{"line":184,"column":50},"end":{"line":184,"column":57}},"loc":{"start":{"line":184,"column":57},"end":{"line":184,"column":null}},"line":184},"11":{"name":"(anonymous_11)","decl":{"start":{"line":185,"column":52},"end":{"line":185,"column":59}},"loc":{"start":{"line":185,"column":59},"end":{"line":185,"column":null}},"line":185},"12":{"name":"(anonymous_12)","decl":{"start":{"line":187,"column":28},"end":{"line":187,"column":29}},"loc":{"start":{"line":187,"column":29},"end":{"line":190,"column":null}},"line":187},"13":{"name":"(anonymous_13)","decl":{"start":{"line":192,"column":31},"end":{"line":192,"column":null}},"loc":{"start":{"line":192,"column":31},"end":{"line":195,"column":null}},"line":192},"14":{"name":"(anonymous_14)","decl":{"start":{"line":197,"column":32},"end":{"line":197,"column":33}},"loc":{"start":{"line":197,"column":33},"end":{"line":200,"column":null}},"line":197},"15":{"name":"(anonymous_15)","decl":{"start":{"line":202,"column":28},"end":{"line":202,"column":null}},"loc":{"start":{"line":202,"column":28},"end":{"line":204,"column":null}},"line":202},"16":{"name":"(anonymous_16)","decl":{"start":{"line":206,"column":32},"end":{"line":206,"column":33}},"loc":{"start":{"line":206,"column":33},"end":{"line":209,"column":null}},"line":206},"17":{"name":"(anonymous_17)","decl":{"start":{"line":211,"column":30},"end":{"line":211,"column":null}},"loc":{"start":{"line":211,"column":30},"end":{"line":213,"column":null}},"line":211},"18":{"name":"(anonymous_18)","decl":{"start":{"line":321,"column":39},"end":{"line":321,"column":40}},"loc":{"start":{"line":321,"column":40},"end":{"line":332,"column":17}},"line":321},"19":{"name":"(anonymous_19)","decl":{"start":{"line":360,"column":40},"end":{"line":360,"column":41}},"loc":{"start":{"line":360,"column":41},"end":{"line":371,"column":17}},"line":360},"20":{"name":"(anonymous_20)","decl":{"start":{"line":399,"column":42},"end":{"line":399,"column":43}},"loc":{"start":{"line":399,"column":43},"end":{"line":410,"column":17}},"line":399}},"branchMap":{"0":{"loc":{"start":{"line":22,"column":9},"end":{"line":22,"column":null}},"type":"binary-expr","locations":[{"start":{"line":22,"column":9},"end":{"line":22,"column":21}},{"start":{"line":22,"column":25},"end":{"line":22,"column":null}}],"line":22},"1":{"loc":{"start":{"line":38,"column":9},"end":{"line":38,"column":null}},"type":"binary-expr","locations":[{"start":{"line":38,"column":9},"end":{"line":38,"column":23}},{"start":{"line":38,"column":27},"end":{"line":38,"column":null}}],"line":38},"2":{"loc":{"start":{"line":87,"column":19},"end":{"line":87,"column":null}},"type":"binary-expr","locations":[{"start":{"line":87,"column":19},"end":{"line":87,"column":42}},{"start":{"line":87,"column":46},"end":{"line":87,"column":null}}],"line":87},"3":{"loc":{"start":{"line":109,"column":19},"end":{"line":109,"column":null}},"type":"cond-expr","locations":[{"start":{"line":109,"column":45},"end":{"line":109,"column":61}},{"start":{"line":109,"column":61},"end":{"line":109,"column":null}}],"line":109},"4":{"loc":{"start":{"line":114,"column":21},"end":{"line":118,"column":null}},"type":"cond-expr","locations":[{"start":{"line":115,"column":24},"end":{"line":115,"column":null}},{"start":{"line":116,"column":24},"end":{"line":118,"column":null}}],"line":114},"5":{"loc":{"start":{"line":116,"column":24},"end":{"line":118,"column":null}},"type":"cond-expr","locations":[{"start":{"line":117,"column":26},"end":{"line":117,"column":null}},{"start":{"line":118,"column":26},"end":{"line":118,"column":null}}],"line":116},"6":{"loc":{"start":{"line":154,"column":20},"end":{"line":156,"column":null}},"type":"if","locations":[{"start":{"line":154,"column":20},"end":{"line":156,"column":null}},{"start":{},"end":{}}],"line":154},"7":{"loc":{"start":{"line":154,"column":24},"end":{"line":154,"column":68}},"type":"binary-expr","locations":[{"start":{"line":154,"column":24},"end":{"line":154,"column":49}},{"start":{"line":154,"column":49},"end":{"line":154,"column":68}}],"line":154},"8":{"loc":{"start":{"line":159,"column":19},"end":{"line":159,"column":null}},"type":"cond-expr","locations":[{"start":{"line":159,"column":43},"end":{"line":159,"column":64}},{"start":{"line":159,"column":64},"end":{"line":159,"column":null}}],"line":159},"9":{"loc":{"start":{"line":217,"column":30},"end":{"line":217,"column":104}},"type":"cond-expr","locations":[{"start":{"line":217,"column":41},"end":{"line":217,"column":64}},{"start":{"line":217,"column":64},"end":{"line":217,"column":104}}],"line":217},"10":{"loc":{"start":{"line":243,"column":98},"end":{"line":243,"column":null}},"type":"binary-expr","locations":[{"start":{"line":243,"column":98},"end":{"line":243,"column":134}},{"start":{"line":243,"column":134},"end":{"line":243,"column":null}}],"line":243},"11":{"loc":{"start":{"line":245,"column":34},"end":{"line":245,"column":61}},"type":"binary-expr","locations":[{"start":{"line":245,"column":34},"end":{"line":245,"column":55}},{"start":{"line":245,"column":55},"end":{"line":245,"column":61}}],"line":245},"12":{"loc":{"start":{"line":245,"column":63},"end":{"line":245,"column":null}},"type":"binary-expr","locations":[{"start":{"line":245,"column":63},"end":{"line":245,"column":117}},{"start":{"line":245,"column":117},"end":{"line":245,"column":null}}],"line":245},"13":{"loc":{"start":{"line":260,"column":100},"end":{"line":260,"column":null}},"type":"binary-expr","locations":[{"start":{"line":260,"column":100},"end":{"line":260,"column":139}},{"start":{"line":260,"column":139},"end":{"line":260,"column":null}}],"line":260},"14":{"loc":{"start":{"line":262,"column":34},"end":{"line":262,"column":61}},"type":"binary-expr","locations":[{"start":{"line":262,"column":34},"end":{"line":262,"column":55}},{"start":{"line":262,"column":55},"end":{"line":262,"column":61}}],"line":262},"15":{"loc":{"start":{"line":262,"column":63},"end":{"line":262,"column":null}},"type":"binary-expr","locations":[{"start":{"line":262,"column":63},"end":{"line":262,"column":120}},{"start":{"line":262,"column":120},"end":{"line":262,"column":null}}],"line":262},"16":{"loc":{"start":{"line":278,"column":21},"end":{"line":278,"column":48}},"type":"binary-expr","locations":[{"start":{"line":278,"column":21},"end":{"line":278,"column":42}},{"start":{"line":278,"column":42},"end":{"line":278,"column":48}}],"line":278},"17":{"loc":{"start":{"line":278,"column":50},"end":{"line":278,"column":null}},"type":"binary-expr","locations":[{"start":{"line":278,"column":50},"end":{"line":278,"column":96}},{"start":{"line":278,"column":96},"end":{"line":278,"column":null}}],"line":278},"18":{"loc":{"start":{"line":281,"column":35},"end":{"line":281,"column":62}},"type":"binary-expr","locations":[{"start":{"line":281,"column":35},"end":{"line":281,"column":56}},{"start":{"line":281,"column":56},"end":{"line":281,"column":62}}],"line":281},"19":{"loc":{"start":{"line":281,"column":64},"end":{"line":281,"column":null}},"type":"binary-expr","locations":[{"start":{"line":281,"column":64},"end":{"line":281,"column":107}},{"start":{"line":281,"column":107},"end":{"line":281,"column":null}}],"line":281},"20":{"loc":{"start":{"line":293,"column":91},"end":{"line":293,"column":133}},"type":"cond-expr","locations":[{"start":{"line":293,"column":102},"end":{"line":293,"column":129}},{"start":{"line":293,"column":129},"end":{"line":293,"column":133}}],"line":293},"21":{"loc":{"start":{"line":296,"column":76},"end":{"line":296,"column":206}},"type":"cond-expr","locations":[{"start":{"line":296,"column":100},"end":{"line":296,"column":170}},{"start":{"line":296,"column":170},"end":{"line":296,"column":206}}],"line":296},"22":{"loc":{"start":{"line":298,"column":15},"end":{"line":298,"column":null}},"type":"cond-expr","locations":[{"start":{"line":298,"column":26},"end":{"line":298,"column":37}},{"start":{"line":298,"column":37},"end":{"line":298,"column":null}}],"line":298},"23":{"loc":{"start":{"line":302,"column":76},"end":{"line":302,"column":207}},"type":"cond-expr","locations":[{"start":{"line":302,"column":101},"end":{"line":302,"column":171}},{"start":{"line":302,"column":171},"end":{"line":302,"column":207}}],"line":302},"24":{"loc":{"start":{"line":304,"column":15},"end":{"line":304,"column":null}},"type":"cond-expr","locations":[{"start":{"line":304,"column":26},"end":{"line":304,"column":38}},{"start":{"line":304,"column":38},"end":{"line":304,"column":null}}],"line":304},"25":{"loc":{"start":{"line":308,"column":76},"end":{"line":308,"column":209}},"type":"cond-expr","locations":[{"start":{"line":308,"column":103},"end":{"line":308,"column":173}},{"start":{"line":308,"column":173},"end":{"line":308,"column":209}}],"line":308},"26":{"loc":{"start":{"line":310,"column":15},"end":{"line":310,"column":null}},"type":"cond-expr","locations":[{"start":{"line":310,"column":26},"end":{"line":310,"column":40}},{"start":{"line":310,"column":40},"end":{"line":310,"column":null}}],"line":310}},"s":{"0":1,"1":35,"2":35,"3":1,"4":35,"5":35,"6":1,"7":35,"8":35,"9":1,"10":35,"11":35,"12":35,"13":0,"14":0,"15":0,"16":0,"17":1,"18":20,"19":20,"20":20,"21":20,"22":20,"23":20,"24":20,"25":20,"26":20,"27":20,"28":64,"29":20,"30":64,"31":20,"32":64,"33":20,"34":0,"35":0,"36":20,"37":0,"38":0,"39":20,"40":0,"41":0,"42":20,"43":0,"44":20,"45":0,"46":0,"47":20,"48":0,"49":32,"50":16,"51":16},"f":{"0":35,"1":35,"2":35,"3":35,"4":35,"5":0,"6":0,"7":0,"8":20,"9":64,"10":64,"11":64,"12":0,"13":0,"14":0,"15":0,"16":0,"17":0,"18":32,"19":16,"20":16},"b":{"0":[35,0],"1":[35,0],"2":[35,0],"3":[32,3],"4":[32,3],"5":[3,0],"6":[0,0],"7":[0,0],"8":[3,30],"9":[2,18],"10":[18,2],"11":[18,1],"12":[18,1],"13":[18,2],"14":[18,1],"15":[18,1],"16":[18,1],"17":[18,1],"18":[18,1],"19":[18,1],"20":[2,18],"21":[16,4],"22":[2,18],"23":[2,18],"24":[2,18],"25":[2,18],"26":[2,18]},"meta":{"lastBranch":27,"lastFunction":21,"lastStatement":52,"seen":{"s:13:29:23:Infinity":0,"f:13:29:13:30":0,"s:14:41:21:Infinity":1,"s:22:2:22:Infinity":2,"b:22:9:22:21:22:25:22:Infinity":0,"s:26:28:39:Infinity":3,"f:26:28:26:29":1,"s:27:41:37:Infinity":4,"s:38:2:38:Infinity":5,"b:38:9:38:23:38:27:38:Infinity":1,"s:41:21:43:Infinity":6,"f:41:21:41:22":2,"s:42:2:42:Infinity":7,"f:42:31:42:39":3,"s:42:39:42:85":8,"s:52:5:168:Infinity":9,"f:52:5:52:6":4,"s:53:21:57:Infinity":10,"s:59:21:63:Infinity":11,"s:65:23:69:Infinity":12,"b:87:19:87:42:87:46:87:Infinity":2,"b:109:45:109:61:109:61:109:Infinity":3,"b:115:24:115:Infinity:116:24:118:Infinity":4,"b:117:26:117:Infinity:118:26:118:Infinity":5,"f:134:25:134:31":5,"s:134:31:134:Infinity":13,"f:143:27:143:33":6,"s:143:33:143:Infinity":14,"f:153:27:153:Infinity":7,"b:154:20:156:Infinity:undefined:undefined:undefined:undefined":6,"s:154:20:156:Infinity":15,"b:154:24:154:49:154:49:154:68":7,"s:155:22:155:Infinity":16,"b:159:43:159:64:159:64:159:Infinity":8,"s:170:24:452:Infinity":17,"f:170:24:170:Infinity":8,"s:171:34:171:Infinity":18,"s:172:60:172:Infinity":19,"s:173:48:173:Infinity":20,"s:174:44:174:Infinity":21,"s:175:54:175:Infinity":22,"s:176:48:176:Infinity":23,"s:177:56:177:Infinity":24,"s:179:8:179:Infinity":25,"s:180:71:180:Infinity":26,"s:183:29:183:Infinity":27,"f:183:49:183:56":9,"s:183:56:183:Infinity":28,"s:184:30:184:Infinity":29,"f:184:50:184:57":10,"s:184:57:184:Infinity":30,"s:185:32:185:Infinity":31,"f:185:52:185:59":11,"s:185:59:185:Infinity":32,"s:187:28:190:Infinity":33,"f:187:28:187:29":12,"s:188:4:188:Infinity":34,"s:189:4:189:Infinity":35,"s:192:31:195:Infinity":36,"f:192:31:192:Infinity":13,"s:193:4:193:Infinity":37,"s:194:4:194:Infinity":38,"s:197:32:200:Infinity":39,"f:197:32:197:33":14,"s:198:4:198:Infinity":40,"s:199:4:199:Infinity":41,"s:202:28:204:Infinity":42,"f:202:28:202:Infinity":15,"s:203:4:203:Infinity":43,"s:206:32:209:Infinity":44,"f:206:32:206:33":16,"s:207:4:207:Infinity":45,"s:208:4:208:Infinity":46,"s:211:30:213:Infinity":47,"f:211:30:211:Infinity":17,"s:212:4:212:Infinity":48,"b:217:41:217:64:217:64:217:104":9,"b:243:98:243:134:243:134:243:Infinity":10,"b:245:34:245:55:245:55:245:61":11,"b:245:63:245:117:245:117:245:Infinity":12,"b:260:100:260:139:260:139:260:Infinity":13,"b:262:34:262:55:262:55:262:61":14,"b:262:63:262:120:262:120:262:Infinity":15,"b:278:21:278:42:278:42:278:48":16,"b:278:50:278:96:278:96:278:Infinity":17,"b:281:35:281:56:281:56:281:62":18,"b:281:64:281:107:281:107:281:Infinity":19,"b:293:102:293:129:293:129:293:133":20,"b:296:100:296:170:296:170:296:206":21,"b:298:26:298:37:298:37:298:Infinity":22,"b:302:101:302:171:302:171:302:207":23,"b:304:26:304:38:304:38:304:Infinity":24,"b:308:103:308:173:308:173:308:209":25,"b:310:26:310:40:310:40:310:Infinity":26,"f:321:39:321:40":18,"s:321:40:332:17":49,"f:360:40:360:41":19,"s:360:41:371:17":50,"f:399:42:399:43":20,"s:399:43:410:17":51}}}
,"/Users/onasis/dev-hub/seftec-store/src/components/dashboard/trade-finance/ApplicationDetailModal.tsx": {"path":"/Users/onasis/dev-hub/seftec-store/src/components/dashboard/trade-finance/ApplicationDetailModal.tsx","statementMap":{"0":{"start":{"line":36,"column":23},"end":{"line":38,"column":null}},"1":{"start":{"line":37,"column":2},"end":{"line":37,"column":null}},"2":{"start":{"line":40,"column":19},"end":{"line":47,"column":null}},"3":{"start":{"line":41,"column":2},"end":{"line":41,"column":null}},"4":{"start":{"line":41,"column":13},"end":{"line":41,"column":null}},"5":{"start":{"line":42,"column":2},"end":{"line":46,"column":null}},"6":{"start":{"line":49,"column":29},"end":{"line":59,"column":null}},"7":{"start":{"line":50,"column":41},"end":{"line":57,"column":null}},"8":{"start":{"line":58,"column":2},"end":{"line":58,"column":null}},"9":{"start":{"line":61,"column":23},"end":{"line":74,"column":null}},"10":{"start":{"line":62,"column":41},"end":{"line":72,"column":null}},"11":{"start":{"line":73,"column":2},"end":{"line":73,"column":null}},"12":{"start":{"line":76,"column":21},"end":{"line":78,"column":null}},"13":{"start":{"line":77,"column":2},"end":{"line":77,"column":null}},"14":{"start":{"line":77,"column":39},"end":{"line":77,"column":85}},"15":{"start":{"line":80,"column":77},"end":{"line":425,"column":null}},"16":{"start":{"line":86,"column":35},"end":{"line":86,"column":null}},"17":{"start":{"line":87,"column":37},"end":{"line":87,"column":null}},"18":{"start":{"line":88,"column":29},"end":{"line":88,"column":null}},"19":{"start":{"line":90,"column":2},"end":{"line":106,"column":null}},"20":{"start":{"line":91,"column":28},"end":{"line":103,"column":null}},"21":{"start":{"line":92,"column":6},"end":{"line":102,"column":null}},"22":{"start":{"line":93,"column":8},"end":{"line":93,"column":null}},"23":{"start":{"line":94,"column":8},"end":{"line":101,"column":null}},"24":{"start":{"line":95,"column":23},"end":{"line":95,"column":null}},"25":{"start":{"line":96,"column":10},"end":{"line":96,"column":null}},"26":{"start":{"line":98,"column":10},"end":{"line":98,"column":null}},"27":{"start":{"line":100,"column":10},"end":{"line":100,"column":null}},"28":{"start":{"line":105,"column":4},"end":{"line":105,"column":null}},"29":{"start":{"line":108,"column":2},"end":{"line":108,"column":null}},"30":{"start":{"line":108,"column":13},"end":{"line":108,"column":null}},"31":{"start":{"line":352,"column":26},"end":{"line":354,"column":null}},"32":{"start":{"line":353,"column":28},"end":{"line":353,"column":null}}},"fnMap":{"0":{"name":"(anonymous_0)","decl":{"start":{"line":36,"column":23},"end":{"line":36,"column":24}},"loc":{"start":{"line":36,"column":40},"end":{"line":38,"column":null}},"line":36},"1":{"name":"(anonymous_1)","decl":{"start":{"line":40,"column":19},"end":{"line":40,"column":20}},"loc":{"start":{"line":40,"column":20},"end":{"line":47,"column":null}},"line":40},"2":{"name":"(anonymous_2)","decl":{"start":{"line":49,"column":29},"end":{"line":49,"column":30}},"loc":{"start":{"line":49,"column":30},"end":{"line":59,"column":null}},"line":49},"3":{"name":"(anonymous_3)","decl":{"start":{"line":61,"column":23},"end":{"line":61,"column":24}},"loc":{"start":{"line":61,"column":24},"end":{"line":74,"column":null}},"line":61},"4":{"name":"(anonymous_4)","decl":{"start":{"line":76,"column":21},"end":{"line":76,"column":22}},"loc":{"start":{"line":76,"column":22},"end":{"line":78,"column":null}},"line":76},"5":{"name":"(anonymous_5)","decl":{"start":{"line":77,"column":31},"end":{"line":77,"column":39}},"loc":{"start":{"line":77,"column":39},"end":{"line":77,"column":85}},"line":77},"6":{"name":"(anonymous_6)","decl":{"start":{"line":80,"column":77},"end":{"line":80,"column":78}},"loc":{"start":{"line":85,"column":1},"end":{"line":425,"column":null}},"line":85},"7":{"name":"(anonymous_7)","decl":{"start":{"line":90,"column":12},"end":{"line":90,"column":null}},"loc":{"start":{"line":90,"column":12},"end":{"line":106,"column":5}},"line":90},"8":{"name":"(anonymous_8)","decl":{"start":{"line":91,"column":28},"end":{"line":91,"column":null}},"loc":{"start":{"line":91,"column":28},"end":{"line":103,"column":null}},"line":91},"9":{"name":"(anonymous_9)","decl":{"start":{"line":351,"column":33},"end":{"line":351,"column":null}},"loc":{"start":{"line":351,"column":33},"end":{"line":355,"column":null}},"line":351}},"branchMap":{"0":{"loc":{"start":{"line":41,"column":2},"end":{"line":41,"column":null}},"type":"if","locations":[{"start":{"line":41,"column":2},"end":{"line":41,"column":null}},{"start":{},"end":{}}],"line":41},"1":{"loc":{"start":{"line":58,"column":9},"end":{"line":58,"column":null}},"type":"binary-expr","locations":[{"start":{"line":58,"column":9},"end":{"line":58,"column":21}},{"start":{"line":58,"column":25},"end":{"line":58,"column":null}}],"line":58},"2":{"loc":{"start":{"line":73,"column":9},"end":{"line":73,"column":null}},"type":"binary-expr","locations":[{"start":{"line":73,"column":9},"end":{"line":73,"column":23}},{"start":{"line":73,"column":27},"end":{"line":73,"column":null}}],"line":73},"3":{"loc":{"start":{"line":92,"column":6},"end":{"line":102,"column":null}},"type":"if","locations":[{"start":{"line":92,"column":6},"end":{"line":102,"column":null}},{"start":{},"end":{}}],"line":92},"4":{"loc":{"start":{"line":92,"column":10},"end":{"line":92,"column":33}},"type":"binary-expr","locations":[{"start":{"line":92,"column":10},"end":{"line":92,"column":27}},{"start":{"line":92,"column":27},"end":{"line":92,"column":33}}],"line":92},"5":{"loc":{"start":{"line":108,"column":2},"end":{"line":108,"column":null}},"type":"if","locations":[{"start":{"line":108,"column":2},"end":{"line":108,"column":null}},{"start":{},"end":{}}],"line":108},"6":{"loc":{"start":{"line":139,"column":29},"end":{"line":139,"column":null}},"type":"binary-expr","locations":[{"start":{"line":139,"column":29},"end":{"line":139,"column":50}},{"start":{"line":139,"column":54},"end":{"line":139,"column":null}}],"line":139},"7":{"loc":{"start":{"line":142,"column":32},"end":{"line":142,"column":null}},"type":"binary-expr","locations":[{"start":{"line":142,"column":32},"end":{"line":142,"column":56}},{"start":{"line":142,"column":60},"end":{"line":142,"column":null}}],"line":142},"8":{"loc":{"start":{"line":300,"column":17},"end":{"line":300,"column":null}},"type":"binary-expr","locations":[{"start":{"line":300,"column":17},"end":{"line":300,"column":38}},{"start":{"line":300,"column":42},"end":{"line":300,"column":null}}],"line":300},"9":{"loc":{"start":{"line":313,"column":57},"end":{"line":313,"column":null}},"type":"cond-expr","locations":[{"start":{"line":313,"column":73},"end":{"line":313,"column":114}},{"start":{"line":313,"column":117},"end":{"line":313,"column":null}}],"line":313},"10":{"loc":{"start":{"line":352,"column":26},"end":{"line":354,"column":null}},"type":"if","locations":[{"start":{"line":352,"column":26},"end":{"line":354,"column":null}},{"start":{},"end":{}}],"line":352},"11":{"loc":{"start":{"line":352,"column":30},"end":{"line":352,"column":64}},"type":"binary-expr","locations":[{"start":{"line":352,"column":30},"end":{"line":352,"column":51}},{"start":{"line":352,"column":51},"end":{"line":352,"column":64}}],"line":352},"12":{"loc":{"start":{"line":366,"column":17},"end":{"line":366,"column":null}},"type":"binary-expr","locations":[{"start":{"line":366,"column":17},"end":{"line":366,"column":41}},{"start":{"line":366,"column":45},"end":{"line":366,"column":null}}],"line":366},"13":{"loc":{"start":{"line":387,"column":51},"end":{"line":387,"column":112}},"type":"cond-expr","locations":[{"start":{"line":387,"column":80},"end":{"line":387,"column":97}},{"start":{"line":387,"column":97},"end":{"line":387,"column":112}}],"line":387}},"s":{"0":1,"1":0,"2":1,"3":0,"4":0,"5":0,"6":1,"7":0,"8":0,"9":1,"10":0,"11":0,"12":1,"13":0,"14":0,"15":1,"16":20,"17":20,"18":20,"19":20,"20":16,"21":16,"22":0,"23":0,"24":0,"25":0,"26":0,"27":0,"28":16,"29":20,"30":20,"31":0,"32":0},"f":{"0":0,"1":0,"2":0,"3":0,"4":0,"5":0,"6":20,"7":16,"8":16,"9":0},"b":{"0":[0,0],"1":[0,0],"2":[0,0],"3":[0,16],"4":[16,0],"5":[20,0],"6":[0,0],"7":[0,0],"8":[0,0],"9":[0,0],"10":[0,0],"11":[0,0],"12":[0,0],"13":[0,0]},"meta":{"lastBranch":14,"lastFunction":10,"lastStatement":33,"seen":{"s:36:23:38:Infinity":0,"f:36:23:36:24":0,"s:37:2:37:Infinity":1,"s:40:19:47:Infinity":2,"f:40:19:40:20":1,"b:41:2:41:Infinity:undefined:undefined:undefined:undefined":0,"s:41:2:41:Infinity":3,"s:41:13:41:Infinity":4,"s:42:2:46:Infinity":5,"s:49:29:59:Infinity":6,"f:49:29:49:30":2,"s:50:41:57:Infinity":7,"s:58:2:58:Infinity":8,"b:58:9:58:21:58:25:58:Infinity":1,"s:61:23:74:Infinity":9,"f:61:23:61:24":3,"s:62:41:72:Infinity":10,"s:73:2:73:Infinity":11,"b:73:9:73:23:73:27:73:Infinity":2,"s:76:21:78:Infinity":12,"f:76:21:76:22":4,"s:77:2:77:Infinity":13,"f:77:31:77:39":5,"s:77:39:77:85":14,"s:80:77:425:Infinity":15,"f:80:77:80:78":6,"s:86:35:86:Infinity":16,"s:87:37:87:Infinity":17,"s:88:29:88:Infinity":18,"s:90:2:106:Infinity":19,"f:90:12:90:Infinity":7,"s:91:28:103:Infinity":20,"f:91:28:91:Infinity":8,"b:92:6:102:Infinity:undefined:undefined:undefined:undefined":3,"s:92:6:102:Infinity":21,"b:92:10:92:27:92:27:92:33":4,"s:93:8:93:Infinity":22,"s:94:8:101:Infinity":23,"s:95:23:95:Infinity":24,"s:96:10:96:Infinity":25,"s:98:10:98:Infinity":26,"s:100:10:100:Infinity":27,"s:105:4:105:Infinity":28,"b:108:2:108:Infinity:undefined:undefined:undefined:undefined":5,"s:108:2:108:Infinity":29,"s:108:13:108:Infinity":30,"b:139:29:139:50:139:54:139:Infinity":6,"b:142:32:142:56:142:60:142:Infinity":7,"b:300:17:300:38:300:42:300:Infinity":8,"b:313:73:313:114:313:117:313:Infinity":9,"f:351:33:351:Infinity":9,"b:352:26:354:Infinity:undefined:undefined:undefined:undefined":10,"s:352:26:354:Infinity":31,"b:352:30:352:51:352:51:352:64":11,"s:353:28:353:Infinity":32,"b:366:17:366:41:366:45:366:Infinity":12,"b:387:80:387:97:387:97:387:112":13}}}
,"/Users/onasis/dev-hub/seftec-store/src/components/dashboard/trade-finance/ApplicationFormModal.tsx": {"path":"/Users/onasis/dev-hub/seftec-store/src/components/dashboard/trade-finance/ApplicationFormModal.tsx","statementMap":{"0":{"start":{"line":42,"column":34},"end":{"line":51,"column":null}},"1":{"start":{"line":53,"column":73},"end":{"line":393,"column":null}},"2":{"start":{"line":59,"column":48},"end":{"line":59,"column":null}},"3":{"start":{"line":60,"column":31},"end":{"line":60,"column":null}},"4":{"start":{"line":61,"column":27},"end":{"line":61,"column":null}},"5":{"start":{"line":62,"column":39},"end":{"line":62,"column":null}},"6":{"start":{"line":63,"column":31},"end":{"line":63,"column":null}},"7":{"start":{"line":65,"column":20},"end":{"line":65,"column":null}},"8":{"start":{"line":68,"column":2},"end":{"line":86,"column":null}},"9":{"start":{"line":69,"column":4},"end":{"line":85,"column":null}},"10":{"start":{"line":70,"column":6},"end":{"line":79,"column":null}},"11":{"start":{"line":80,"column":11},"end":{"line":85,"column":null}},"12":{"start":{"line":82,"column":6},"end":{"line":82,"column":null}},"13":{"start":{"line":83,"column":6},"end":{"line":83,"column":null}},"14":{"start":{"line":84,"column":6},"end":{"line":84,"column":null}},"15":{"start":{"line":88,"column":28},"end":{"line":101,"column":null}},"16":{"start":{"line":92,"column":4},"end":{"line":92,"column":null}},"17":{"start":{"line":92,"column":27},"end":{"line":92,"column":null}},"18":{"start":{"line":94,"column":4},"end":{"line":100,"column":null}},"19":{"start":{"line":95,"column":6},"end":{"line":99,"column":null}},"20":{"start":{"line":96,"column":26},"end":{"line":96,"column":null}},"21":{"start":{"line":97,"column":8},"end":{"line":97,"column":null}},"22":{"start":{"line":98,"column":8},"end":{"line":98,"column":null}},"23":{"start":{"line":103,"column":23},"end":{"line":134,"column":null}},"24":{"start":{"line":104,"column":63},"end":{"line":104,"column":null}},"25":{"start":{"line":106,"column":4},"end":{"line":108,"column":null}},"26":{"start":{"line":107,"column":6},"end":{"line":107,"column":null}},"27":{"start":{"line":110,"column":4},"end":{"line":112,"column":null}},"28":{"start":{"line":111,"column":6},"end":{"line":111,"column":null}},"29":{"start":{"line":114,"column":4},"end":{"line":116,"column":null}},"30":{"start":{"line":115,"column":6},"end":{"line":115,"column":null}},"31":{"start":{"line":118,"column":4},"end":{"line":120,"column":null}},"32":{"start":{"line":119,"column":6},"end":{"line":119,"column":null}},"33":{"start":{"line":122,"column":4},"end":{"line":130,"column":null}},"34":{"start":{"line":123,"column":25},"end":{"line":123,"column":null}},"35":{"start":{"line":124,"column":20},"end":{"line":124,"column":null}},"36":{"start":{"line":125,"column":6},"end":{"line":125,"column":null}},"37":{"start":{"line":127,"column":6},"end":{"line":129,"column":null}},"38":{"start":{"line":128,"column":8},"end":{"line":128,"column":null}},"39":{"start":{"line":132,"column":4},"end":{"line":132,"column":null}},"40":{"start":{"line":133,"column":4},"end":{"line":133,"column":null}},"41":{"start":{"line":136,"column":23},"end":{"line":178,"column":null}},"42":{"start":{"line":137,"column":4},"end":{"line":137,"column":null}},"43":{"start":{"line":138,"column":4},"end":{"line":138,"column":null}},"44":{"start":{"line":140,"column":4},"end":{"line":142,"column":null}},"45":{"start":{"line":141,"column":6},"end":{"line":141,"column":null}},"46":{"start":{"line":144,"column":4},"end":{"line":144,"column":null}},"47":{"start":{"line":146,"column":4},"end":{"line":177,"column":null}},"48":{"start":{"line":147,"column":22},"end":{"line":156,"column":null}},"49":{"start":{"line":158,"column":6},"end":{"line":162,"column":null}},"50":{"start":{"line":159,"column":8},"end":{"line":159,"column":null}},"51":{"start":{"line":161,"column":8},"end":{"line":161,"column":null}},"52":{"start":{"line":164,"column":6},"end":{"line":164,"column":null}},"53":{"start":{"line":165,"column":6},"end":{"line":167,"column":null}},"54":{"start":{"line":166,"column":8},"end":{"line":166,"column":null}},"55":{"start":{"line":169,"column":6},"end":{"line":169,"column":null}},"56":{"start":{"line":170,"column":6},"end":{"line":173,"column":null}},"57":{"start":{"line":176,"column":6},"end":{"line":176,"column":null}},"58":{"start":{"line":180,"column":24},"end":{"line":187,"column":null}},"59":{"start":{"line":189,"column":21},"end":{"line":197,"column":null}},"60":{"start":{"line":226,"column":40},"end":{"line":226,"column":null}},"61":{"start":{"line":252,"column":31},"end":{"line":252,"column":null}},"62":{"start":{"line":271,"column":33},"end":{"line":271,"column":null}},"63":{"start":{"line":283,"column":42},"end":{"line":283,"column":null}},"64":{"start":{"line":306,"column":31},"end":{"line":306,"column":null}},"65":{"start":{"line":323,"column":31},"end":{"line":323,"column":null}},"66":{"start":{"line":339,"column":31},"end":{"line":339,"column":null}},"67":{"start":{"line":351,"column":31},"end":{"line":351,"column":null}},"68":{"start":{"line":369,"column":29},"end":{"line":369,"column":null}}},"fnMap":{"0":{"name":"(anonymous_0)","decl":{"start":{"line":53,"column":73},"end":{"line":53,"column":74}},"loc":{"start":{"line":58,"column":1},"end":{"line":393,"column":null}},"line":58},"1":{"name":"(anonymous_1)","decl":{"start":{"line":68,"column":12},"end":{"line":68,"column":null}},"loc":{"start":{"line":68,"column":12},"end":{"line":86,"column":5}},"line":68},"2":{"name":"(anonymous_2)","decl":{"start":{"line":88,"column":28},"end":{"line":88,"column":null}},"loc":{"start":{"line":90,"column":4},"end":{"line":101,"column":null}},"line":90},"3":{"name":"(anonymous_3)","decl":{"start":{"line":92,"column":16},"end":{"line":92,"column":17}},"loc":{"start":{"line":92,"column":27},"end":{"line":92,"column":null}},"line":92},"4":{"name":"(anonymous_4)","decl":{"start":{"line":95,"column":16},"end":{"line":95,"column":17}},"loc":{"start":{"line":95,"column":17},"end":{"line":99,"column":null}},"line":95},"5":{"name":"(anonymous_5)","decl":{"start":{"line":103,"column":23},"end":{"line":103,"column":null}},"loc":{"start":{"line":103,"column":23},"end":{"line":134,"column":null}},"line":103},"6":{"name":"(anonymous_6)","decl":{"start":{"line":136,"column":23},"end":{"line":136,"column":30}},"loc":{"start":{"line":136,"column":30},"end":{"line":178,"column":null}},"line":136},"7":{"name":"(anonymous_7)","decl":{"start":{"line":226,"column":29},"end":{"line":226,"column":30}},"loc":{"start":{"line":226,"column":40},"end":{"line":226,"column":null}},"line":226},"8":{"name":"(anonymous_8)","decl":{"start":{"line":252,"column":24},"end":{"line":252,"column":25}},"loc":{"start":{"line":252,"column":31},"end":{"line":252,"column":null}},"line":252},"9":{"name":"(anonymous_9)","decl":{"start":{"line":271,"column":26},"end":{"line":271,"column":27}},"loc":{"start":{"line":271,"column":33},"end":{"line":271,"column":null}},"line":271},"10":{"name":"(anonymous_10)","decl":{"start":{"line":283,"column":31},"end":{"line":283,"column":32}},"loc":{"start":{"line":283,"column":42},"end":{"line":283,"column":null}},"line":283},"11":{"name":"(anonymous_11)","decl":{"start":{"line":306,"column":24},"end":{"line":306,"column":25}},"loc":{"start":{"line":306,"column":31},"end":{"line":306,"column":null}},"line":306},"12":{"name":"(anonymous_12)","decl":{"start":{"line":323,"column":24},"end":{"line":323,"column":25}},"loc":{"start":{"line":323,"column":31},"end":{"line":323,"column":null}},"line":323},"13":{"name":"(anonymous_13)","decl":{"start":{"line":339,"column":24},"end":{"line":339,"column":25}},"loc":{"start":{"line":339,"column":31},"end":{"line":339,"column":null}},"line":339},"14":{"name":"(anonymous_14)","decl":{"start":{"line":351,"column":24},"end":{"line":351,"column":25}},"loc":{"start":{"line":351,"column":31},"end":{"line":351,"column":null}},"line":351},"15":{"name":"(anonymous_15)","decl":{"start":{"line":369,"column":23},"end":{"line":369,"column":29}},"loc":{"start":{"line":369,"column":29},"end":{"line":369,"column":null}},"line":369}},"branchMap":{"0":{"loc":{"start":{"line":69,"column":4},"end":{"line":85,"column":null}},"type":"if","locations":[{"start":{"line":69,"column":4},"end":{"line":85,"column":null}},{"start":{"line":80,"column":11},"end":{"line":85,"column":null}}],"line":69},"1":{"loc":{"start":{"line":69,"column":8},"end":{"line":69,"column":29}},"type":"binary-expr","locations":[{"start":{"line":69,"column":8},"end":{"line":69,"column":23}},{"start":{"line":69,"column":23},"end":{"line":69,"column":29}}],"line":69},"2":{"loc":{"start":{"line":76,"column":21},"end":{"line":76,"column":null}},"type":"binary-expr","locations":[{"start":{"line":76,"column":21},"end":{"line":76,"column":44}},{"start":{"line":76,"column":48},"end":{"line":76,"column":null}}],"line":76},"3":{"loc":{"start":{"line":77,"column":17},"end":{"line":77,"column":null}},"type":"binary-expr","locations":[{"start":{"line":77,"column":17},"end":{"line":77,"column":36}},{"start":{"line":77,"column":40},"end":{"line":77,"column":null}}],"line":77},"4":{"loc":{"start":{"line":78,"column":21},"end":{"line":78,"column":null}},"type":"binary-expr","locations":[{"start":{"line":78,"column":21},"end":{"line":78,"column":44}},{"start":{"line":78,"column":48},"end":{"line":78,"column":null}}],"line":78},"5":{"loc":{"start":{"line":80,"column":11},"end":{"line":85,"column":null}},"type":"if","locations":[{"start":{"line":80,"column":11},"end":{"line":85,"column":null}},{"start":{},"end":{}}],"line":80},"6":{"loc":{"start":{"line":94,"column":4},"end":{"line":100,"column":null}},"type":"if","locations":[{"start":{"line":94,"column":4},"end":{"line":100,"column":null}},{"start":{},"end":{}}],"line":94},"7":{"loc":{"start":{"line":106,"column":4},"end":{"line":108,"column":null}},"type":"if","locations":[{"start":{"line":106,"column":4},"end":{"line":108,"column":null}},{"start":{},"end":{}}],"line":106},"8":{"loc":{"start":{"line":110,"column":4},"end":{"line":112,"column":null}},"type":"if","locations":[{"start":{"line":110,"column":4},"end":{"line":112,"column":null}},{"start":{},"end":{}}],"line":110},"9":{"loc":{"start":{"line":114,"column":4},"end":{"line":116,"column":null}},"type":"if","locations":[{"start":{"line":114,"column":4},"end":{"line":116,"column":null}},{"start":{},"end":{}}],"line":114},"10":{"loc":{"start":{"line":114,"column":8},"end":{"line":114,"column":62}},"type":"binary-expr","locations":[{"start":{"line":114,"column":8},"end":{"line":114,"column":24}},{"start":{"line":114,"column":28},"end":{"line":114,"column":62}}],"line":114},"11":{"loc":{"start":{"line":118,"column":4},"end":{"line":120,"column":null}},"type":"if","locations":[{"start":{"line":118,"column":4},"end":{"line":120,"column":null}},{"start":{},"end":{}}],"line":118},"12":{"loc":{"start":{"line":122,"column":4},"end":{"line":130,"column":null}},"type":"if","locations":[{"start":{"line":122,"column":4},"end":{"line":130,"column":null}},{"start":{},"end":{}}],"line":122},"13":{"loc":{"start":{"line":127,"column":6},"end":{"line":129,"column":null}},"type":"if","locations":[{"start":{"line":127,"column":6},"end":{"line":129,"column":null}},{"start":{},"end":{}}],"line":127},"14":{"loc":{"start":{"line":140,"column":4},"end":{"line":142,"column":null}},"type":"if","locations":[{"start":{"line":140,"column":4},"end":{"line":142,"column":null}},{"start":{},"end":{}}],"line":140},"15":{"loc":{"start":{"line":153,"column":21},"end":{"line":153,"column":null}},"type":"binary-expr","locations":[{"start":{"line":153,"column":21},"end":{"line":153,"column":41}},{"start":{"line":153,"column":45},"end":{"line":153,"column":null}}],"line":153},"16":{"loc":{"start":{"line":155,"column":21},"end":{"line":155,"column":null}},"type":"binary-expr","locations":[{"start":{"line":155,"column":21},"end":{"line":155,"column":41}},{"start":{"line":155,"column":45},"end":{"line":155,"column":null}}],"line":155},"17":{"loc":{"start":{"line":158,"column":6},"end":{"line":162,"column":null}},"type":"if","locations":[{"start":{"line":158,"column":6},"end":{"line":162,"column":null}},{"start":{"line":160,"column":13},"end":{"line":162,"column":null}}],"line":158},"18":{"loc":{"start":{"line":158,"column":10},"end":{"line":158,"column":36}},"type":"binary-expr","locations":[{"start":{"line":158,"column":10},"end":{"line":158,"column":23}},{"start":{"line":158,"column":23},"end":{"line":158,"column":36}}],"line":158},"19":{"loc":{"start":{"line":165,"column":6},"end":{"line":167,"column":null}},"type":"if","locations":[{"start":{"line":165,"column":6},"end":{"line":167,"column":null}},{"start":{},"end":{}}],"line":165},"20":{"loc":{"start":{"line":171,"column":8},"end":{"line":173,"column":null}},"type":"cond-expr","locations":[{"start":{"line":172,"column":12},"end":{"line":172,"column":25}},{"start":{"line":173,"column":12},"end":{"line":173,"column":null}}],"line":171},"21":{"loc":{"start":{"line":204,"column":13},"end":{"line":204,"column":null}},"type":"cond-expr","locations":[{"start":{"line":204,"column":25},"end":{"line":204,"column":46}},{"start":{"line":204,"column":46},"end":{"line":204,"column":null}}],"line":204},"22":{"loc":{"start":{"line":207,"column":13},"end":{"line":209,"column":null}},"type":"cond-expr","locations":[{"start":{"line":208,"column":16},"end":{"line":208,"column":null}},{"start":{"line":209,"column":16},"end":{"line":209,"column":null}}],"line":207},"23":{"loc":{"start":{"line":253,"column":25},"end":{"line":253,"column":null}},"type":"cond-expr","locations":[{"start":{"line":253,"column":40},"end":{"line":253,"column":59}},{"start":{"line":253,"column":59},"end":{"line":253,"column":null}}],"line":253},"24":{"loc":{"start":{"line":272,"column":27},"end":{"line":272,"column":null}},"type":"cond-expr","locations":[{"start":{"line":272,"column":43},"end":{"line":272,"column":62}},{"start":{"line":272,"column":62},"end":{"line":272,"column":null}}],"line":272},"25":{"loc":{"start":{"line":307,"column":25},"end":{"line":307,"column":null}},"type":"cond-expr","locations":[{"start":{"line":307,"column":51},"end":{"line":307,"column":70}},{"start":{"line":307,"column":70},"end":{"line":307,"column":null}}],"line":307},"26":{"loc":{"start":{"line":324,"column":25},"end":{"line":324,"column":null}},"type":"cond-expr","locations":[{"start":{"line":324,"column":42},"end":{"line":324,"column":61}},{"start":{"line":324,"column":61},"end":{"line":324,"column":null}}],"line":324},"27":{"loc":{"start":{"line":352,"column":25},"end":{"line":352,"column":null}},"type":"cond-expr","locations":[{"start":{"line":352,"column":46},"end":{"line":352,"column":65}},{"start":{"line":352,"column":65},"end":{"line":352,"column":null}}],"line":352},"28":{"loc":{"start":{"line":382,"column":19},"end":{"line":382,"column":null}},"type":"cond-expr","locations":[{"start":{"line":382,"column":31},"end":{"line":382,"column":47}},{"start":{"line":382,"column":47},"end":{"line":382,"column":null}}],"line":382},"29":{"loc":{"start":{"line":385,"column":19},"end":{"line":385,"column":null}},"type":"cond-expr","locations":[{"start":{"line":385,"column":31},"end":{"line":385,"column":54}},{"start":{"line":385,"column":54},"end":{"line":385,"column":null}}],"line":385}},"s":{"0":1,"1":1,"2":36,"3":36,"4":36,"5":36,"6":36,"7":36,"8":36,"9":16,"10":0,"11":16,"12":16,"13":16,"14":16,"15":36,"16":0,"17":0,"18":0,"19":0,"20":0,"21":0,"22":0,"23":36,"24":0,"25":0,"26":0,"27":0,"28":0,"29":0,"30":0,"31":0,"32":0,"33":0,"34":0,"35":0,"36":0,"37":0,"38":0,"39":0,"40":0,"41":36,"42":0,"43":0,"44":0,"45":0,"46":0,"47":0,"48":0,"49":0,"50":0,"51":0,"52":0,"53":0,"54":0,"55":0,"56":0,"57":0,"58":36,"59":36,"60":0,"61":0,"62":0,"63":0,"64":0,"65":0,"66":0,"67":0,"68":0},"f":{"0":36,"1":16,"2":0,"3":0,"4":0,"5":0,"6":0,"7":0,"8":0,"9":0,"10":0,"11":0,"12":0,"13":0,"14":0,"15":0},"b":{"0":[0,16],"1":[16,0],"2":[0,0],"3":[0,0],"4":[0,0],"5":[16,0],"6":[0,0],"7":[0,0],"8":[0,0],"9":[0,0],"10":[0,0],"11":[0,0],"12":[0,0],"13":[0,0],"14":[0,0],"15":[0,0],"16":[0,0],"17":[0,0],"18":[0,0],"19":[0,0],"20":[0,0],"21":[0,36],"22":[0,36],"23":[0,36],"24":[0,36],"25":[0,36],"26":[0,36],"27":[0,36],"28":[0,0],"29":[0,36]},"meta":{"lastBranch":30,"lastFunction":16,"lastStatement":69,"seen":{"s:42:34:51:Infinity":0,"s:53:73:393:Infinity":1,"f:53:73:53:74":0,"s:5
[...]
:15},"end":{"line":213,"column":null}},"74":{"start":{"line":215,"column":4},"end":{"line":218,"column":null}},"75":{"start":{"line":220,"column":4},"end":{"line":220,"column":null}},"76":{"start":{"line":221,"column":4},"end":{"line":221,"column":null}},"77":{"start":{"line":225,"column":31},"end":{"line":239,"column":null}},"78":{"start":{"line":226,"column":2},"end":{"line":238,"column":null}},"79":{"start":{"line":227,"column":28},"end":{"line":230,"column":null}},"80":{"start":{"line":232,"column":4},"end":{"line":232,"column":null}},"81":{"start":{"line":232,"column":15},"end":{"line":232,"column":null}},"82":{"start":{"line":234,"column":4},"end":{"line":234,"column":null}},"83":{"start":{"line":236,"column":4},"end":{"line":236,"column":null}},"84":{"start":{"line":237,"column":4},"end":{"line":237,"column":null}},"85":{"start":{"line":241,"column":35},"end":{"line":257,"column":null}},"86":{"start":{"line":242,"column":2},"end":{"line":256,"column":null}},"87":{"start":{"line":243,"column":28},"end":{"line":243,"column":null}},"88":{"start":{"line":245,"column":4},"end":{"line":245,"column":null}},"89":{"start":{"line":245,"column":15},"end":{"line":245,"column":null}},"90":{"start":{"line":247,"column":4},"end":{"line":252,"column":null}},"91":{"start":{"line":247,"column":36},"end":{"line":252,"column":null}},"92":{"start":{"line":254,"column":4},"end":{"line":254,"column":null}},"93":{"start":{"line":255,"column":4},"end":{"line":255,"column":null}},"94":{"start":{"line":259,"column":37},"end":{"line":285,"column":null}},"95":{"start":{"line":260,"column":2},"end":{"line":284,"column":null}},"96":{"start":{"line":261,"column":28},"end":{"line":263,"column":null}},"97":{"start":{"line":265,"column":4},"end":{"line":265,"column":null}},"98":{"start":{"line":265,"column":15},"end":{"line":265,"column":null}},"99":{"start":{"line":267,"column":4},"end":{"line":280,"column":null}},"100":{"start":{"line":267,"column":40},"end":{"line":280,"column":null}},"101":{"start":{"line":282,"column":4},"end":{"line":282,"column":null}},"102":{"start":{"line":283,"column":4},"end":{"line":283,"column":null}},"103":{"start":{"line":287,"column":35},"end":{"line":299,"column":null}},"104":{"start":{"line":288,"column":2},"end":{"line":298,"column":null}},"105":{"start":{"line":289,"column":22},"end":{"line":292,"column":null}},"106":{"start":{"line":294,"column":4},"end":{"line":294,"column":null}},"107":{"start":{"line":294,"column":15},"end":{"line":294,"column":null}},"108":{"start":{"line":296,"column":4},"end":{"line":296,"column":null}},"109":{"start":{"line":297,"column":4},"end":{"line":297,"column":null}}},"fnMap":{"0":{"name":"(anonymous_0)","decl":{"start":{"line":5,"column":32},"end":{"line":5,"column":39}},"loc":{"start":{"line":5,"column":39},"end":{"line":24,"column":null}},"line":5},"1":{"name":"(anonymous_1)","decl":{"start":{"line":26,"column":28},"end":{"line":26,"column":35}},"loc":{"start":{"line":26,"column":50},"end":{"line":37,"column":null}},"line":26},"2":{"name":"(anonymous_2)","decl":{"start":{"line":39,"column":41},"end":{"line":39,"column":48}},"loc":{"start":{"line":39,"column":48},"end":{"line":50,"column":null}},"line":39},"3":{"name":"(anonymous_3)","decl":{"start":{"line":52,"column":37},"end":{"line":52,"column":44}},"loc":{"start":{"line":52,"column":44},"end":{"line":63,"column":null}},"line":52},"4":{"name":"(anonymous_4)","decl":{"start":{"line":65,"column":41},"end":{"line":65,"column":null}},"loc":{"start":{"line":65,"column":41},"end":{"line":110,"column":null}},"line":65},"5":{"name":"(anonymous_5)","decl":{"start":{"line":112,"column":28},"end":{"line":112,"column":35}},"loc":{"start":{"line":112,"column":68},"end":{"line":133,"column":null}},"line":112},"6":{"name":"(anonymous_6)","decl":{"start":{"line":135,"column":29},"end":{"line":135,"column":null}},"loc":{"start":{"line":135,"column":29},"end":{"line":141,"column":null}},"line":135},"7":{"name":"(anonymous_7)","decl":{"start":{"line":143,"column":43},"end":{"line":143,"column":50}},"loc":{"start":{"line":143,"column":50},"end":{"line":155,"column":null}},"line":143},"8":{"name":"(anonymous_8)","decl":{"start":{"line":157,"column":35},"end":{"line":157,"column":42}},"loc":{"start":{"line":157,"column":42},"end":{"line":165,"column":null}},"line":157},"9":{"name":"(anonymous_9)","decl":{"start":{"line":167,"column":35},"end":{"line":167,"column":null}},"loc":{"start":{"line":169,"column":2},"end":{"line":204,"column":null}},"line":169},"10":{"name":"(anonymous_10)","decl":{"start":{"line":206,"column":30},"end":{"line":206,"column":null}},"loc":{"start":{"line":206,"column":30},"end":{"line":223,"column":null}},"line":206},"11":{"name":"(anonymous_11)","decl":{"start":{"line":225,"column":31},"end":{"line":225,"column":38}},"loc":{"start":{"line":225,"column":56},"end":{"line":239,"column":null}},"line":225},"12":{"name":"(anonymous_12)","decl":{"start":{"line":241,"column":35},"end":{"line":241,"column":null}},"loc":{"start":{"line":241,"column":35},"end":{"line":257,"column":null}},"line":241},"13":{"name":"(anonymous_13)","decl":{"start":{"line":247,"column":25},"end":{"line":247,"column":36}},"loc":{"start":{"line":247,"column":36},"end":{"line":252,"column":null}},"line":247},"14":{"name":"(anonymous_14)","decl":{"start":{"line":259,"column":37},"end":{"line":259,"column":null}},"loc":{"start":{"line":259,"column":37},"end":{"line":285,"column":null}},"line":259},"15":{"name":"(anonymous_15)","decl":{"start":{"line":267,"column":28},"end":{"line":267,"column":40}},"loc":{"start":{"line":267,"column":40},"end":{"line":280,"column":null}},"line":267},"16":{"name":"(anonymous_16)","decl":{"start":{"line":287,"column":35},"end":{"line":287,"column":42}},"loc":{"start":{"line":287,"column":42},"end":{"line":299,"column":null}},"line":287}},"branchMap":{"0":{"loc":{"start":{"line":13,"column":4},"end":{"line":15,"column":null}},"type":"if","locations":[{"start":{"line":13,"column":4},"end":{"line":15,"column":null}},{"start":{},"end":{}}],"line":13},"1":{"loc":{"start":{"line":17,"column":4},"end":{"line":17,"column":null}},"type":"if","locations":[{"start":{"line":17,"column":4},"end":{"line":17,"column":null}},{"start":{},"end":{}}],"line":17},"2":{"loc":{"start":{"line":29,"column":2},"end":{"line":31,"column":null}},"type":"if","locations":[{"start":{"line":29,"column":2},"end":{"line":31,"column":null}},{"start":{},"end":{}}],"line":29},"3":{"loc":{"start":{"line":47,"column":2},"end":{"line":49,"column":null}},"type":"if","locations":[{"start":{"line":47,"column":2},"end":{"line":49,"column":null}},{"start":{},"end":{}}],"line":47},"4":{"loc":{"start":{"line":60,"column":2},"end":{"line":62,"column":null}},"type":"if","locations":[{"start":{"line":60,"column":2},"end":{"line":62,"column":null}},{"start":{},"end":{}}],"line":60},"5":{"loc":{"start":{"line":68,"column":4},"end":{"line":70,"column":null}},"type":"if","locations":[{"start":{"line":68,"column":4},"end":{"line":70,"column":null}},{"start":{},"end":{}}],"line":68},"6":{"loc":{"start":{"line":82,"column":4},"end":{"line":84,"column":null}},"type":"if","locations":[{"start":{"line":82,"column":4},"end":{"line":84,"column":null}},{"start":{},"end":{}}],"line":82},"7":{"loc":{"start":{"line":91,"column":4},"end":{"line":93,"column":null}},"type":"if","locations":[{"start":{"line":91,"column":4},"end":{"line":93,"column":null}},{"start":{},"end":{}}],"line":91},"8":{"loc":{"start":{"line":100,"column":16},"end":{"line":100,"column":null}},"type":"binary-expr","locations":[{"start":{"line":100,"column":16},"end":{"line":100,"column":57}},{"start":{"line":100,"column":57},"end":{"line":100,"column":null}}],"line":100},"9":{"loc":{"start":{"line":103,"column":4},"end":{"line":105,"column":null}},"type":"if","locations":[{"start":{"line":103,"column":4},"end":{"line":105,"column":null}},{"start":{},"end":{}}],"line":103},"10":{"loc":{"start":{"line":125,"column":2},"end":{"line":127,"column":null}},"type":"if","locations":[{"start":{"line":125,"column":2},"end":{"line":127,"column":null}},{"start":{},"end":{}}],"line":125},"11":{"loc":{"start":{"line":138,"column":2},"end":{"line":140,"column":null}},"type":"if","locations":[{"start":{"line":138,"column":2},"end":{"line":140,"column":null}},{"start":{},"end":{}}],"line":138},"12":{"loc":{"start":{"line":152,"column":2},"end":{"line":154,"column":null}},"type":"if","locations":[{"start":{"line":152,"column":2},"end":{"line":154,"column":null}},{"start":{},"end":{}}],"line":152},"13":{"loc":{"start":{"line":162,"column":2},"end":{"line":164,"column":null}},"type":"if","locations":[{"start":{"line":162,"column":2},"end":{"line":164,"column":null}},{"start":{},"end":{}}],"line":162},"14":{"loc":{"start":{"line":175,"column":20},"end":{"line":175,"column":null}},"type":"binary-expr","locations":[{"start":{"line":175,"column":20},"end":{"line":175,"column":32}},{"start":{"line":175,"column":36},"end":{"line":175,"column":null}}],"line":175},"15":{"loc":{"start":{"line":176,"column":19},"end":{"line":176,"column":null}},"type":"binary-expr","locations":[{"start":{"line":176,"column":19},"end":{"line":176,"column":51}},{"start":{"line":176,"column":51},"end":{"line":176,"column":null}}],"line":176},"16":{"loc":{"start":{"line":187,"column":2},"end":{"line":189,"column":null}},"type":"if","locations":[{"start":{"line":187,"column":2},"end":{"line":189,"column":null}},{"start":{},"end":{}}],"line":187},"17":{"loc":{"start":{"line":195,"column":13},"end":{"line":195,"column":null}},"type":"binary-expr","locations":[{"start":{"line":195,"column":13},"end":{"line":195,"column":22}},{"start":{"line":195,"column":22},"end":{"line":195,"column":null}}],"line":195},"18":{"loc":{"start":{"line":199,"column":2},"end":{"line":201,"column":null}},"type":"if","locations":[{"start":{"line":199,"column":2},"end":{"line":201,"column":null}},{"start":{},"end":{}}],"line":199},"19":{"loc":{"start":{"line":213,"column":4},"end":{"line":213,"column":null}},"type":"if","locations":[{"start":{"line":213,"column":4},"end":{"line":213,"column":null}},{"start":{},"end":{}}],"line":213},"20":{"loc":{"start":{"line":232,"column":4},"end":{"line":232,"column":null}},"type":"if","locations":[{"start":{"line":232,"column":4},"end":{"line":232,"column":null}},{"start":{},"end":{}}],"line":232},"21":{"loc":{"start":{"line":245,"column":4},"end":{"line":245,"column":null}},"type":"if","locations":[{"start":{"line":245,"column":4},"end":{"line":245,"column":null}},{"start":{},"end":{}}],"line":245},"22":{"loc":{"start":{"line":250,"column":14},"end":{"line":250,"column":null}},"type":"cond-expr","locations":[{"start":{"line":250,"column":45},"end":{"line":250,"column":58}},{"start":{"line":250,"column":58},"end":{"line":250,"column":null}}],"line":250},"23":{"loc":{"start":{"line":265,"column":4},"end":{"line":265,"column":null}},"type":"if","locations":[{"start":{"line":265,"column":4},"end":{"line":265,"column":null}},{"start":{},"end":{}}],"line":265},"24":{"loc":{"start":{"line":267,"column":12},"end":{"line":267,"column":21}},"type":"binary-expr","locations":[{"start":{"line":267,"column":12},"end":{"line":267,"column":20}},{"start":{"line":267,"column":20},"end":{"line":267,"column":21}}],"line":267},"25":{"loc":{"start":{"line":270,"column":17},"end":{"line":271,"column":null}},"type":"cond-expr","locations":[{"start":{"line":271,"column":10},"end":{"line":271,"column":46}},{"start":{"line":271,"column":49},"end":{"line":271,"column":null}}],"line":270},"26":{"loc":{"start":{"line":270,"column":17},"end":{"line":270,"column":null}},"type":"binary-expr","locations":[{"start":{"line":270,"column":17},"end":{"line":270,"column":60}},{"start":{"line":270,"column":60},"end":{"line":270,"column":null}}],"line":270},"27":{"loc":{"start":{"line":272,"column":12},"end":{"line":273,"column":null}},"type":"cond-expr","locations":[{"start":{"line":273,"column":10},"end":{"line":273,"column":41}},{"start":{"line":273,"column":44},"end":{"line":273,"column":null}}],"line":272},"28":{"loc":{"start":{"line":272,"column":12},"end":{"line":272,"column":null}},"type":"binary-expr","locations":[{"start":{"line":272,"column":12},"end":{"line":272,"column":55}},{"start":{"line":272,"column":55},"end":{"line":272,"column":null}}],"line":272},"29":{"loc":{"start":{"line":274,"column":16},"end":{"line":275,"column":null}},"type":"cond-expr","locations":[{"start":{"line":275,"column":10},"end":{"line":275,"column":45}},{"start":{"line":275,"column":48},"end":{"line":275,"column":null}}],"line":274},"30":{"loc":{"start":{"line":274,"column":16},"end":{"line":274,"column":null}},"type":"binary-expr","locations":[{"start":{"line":274,"column":16},"end":{"line":274,"column":59}},{"start":{"line":274,"column":59},"end":{"line":274,"column":null}}],"line":274},"31":{"loc":{"start":{"line":294,"column":4},"end":{"line":294,"column":null}},"type":"if","locations":[{"start":{"line":294,"column":4},"end":{"line":294,"column":null}},{"start":{},"end":{}}],"line":294}},"s":{"0":3,"1":0,"2":0,"3":0,"4":0,"5":0,"6":0,"7":0,"8":0,"9":0,"10":3,"11":0,"12":0,"13":0,"14":0,"15":0,"16":3,"17":0,"18":0,"19":0,"20":3,"21":0,"22":0,"23":0,"24":3,"25":0,"26":0,"27":0,"28":0,"29":0,"30":0,"31":0,"32":0,"33":0,"34":0,"35":0,"36":0,"37":0,"38":0,"39":3,"40":0,"41":0,"42":0,"43":0,"44":0,"45":3,"46":0,"47":0,"48":0,"49":3,"50":0,"51":0,"52":0,"53":3,"54":0,"55":0,"56":0,"57":3,"58":0,"59":0,"60":0,"61":0,"62":0,"63":0,"64":0,"65":0,"66":0,"67":0,"68":0,"69":3,"70":0,"71":0,"72":0,"73":0,"74":0,"75":0,"76":0,"77":3,"78":0,"79":0,"80":0,"81":0,"82":0,"83":0,"84":0,"85":3,"86":0,"87":0,"88":0,"89":0,"90":0,"91":0,"92":0,"93":0,"94":3,"95":0,"96":0,"97":0,"98":0,"99":0,"100":0,"101":0,"102":0,"103":3,"104":0,"105":0,"106":0,"107":0,"108":0,"109":0},"f":{"0":0,"1":0,"2":0,"3":0,"4":0,"5":0,"6":0,"7":0,"8":0,"9":0,"10":0,"11":0,"12":0,"13":0,"14":0,"15":0,"16":0},"b":{"0":[0,0],"1":[0,0],"2":[0,0],"3":[0,0],"4":[0,0],"5":[0,0],"6":[0,0],"7":[0,0],"8":[0,0],"9":[0,0],"10":[0,0],"11":[0,0],"12":[0,0],"13":[0,0],"14":[0,0],"15":[0,0],"16":[0,0],"17":[0,0],"18":[0,0],"19":[0,0],"20":[0,0],"21":[0,0],"22":[0,0],"23":[0,0],"24":[0,0],"25":[0,0],"26":[0,0],"27":[0,0],"28":[0,0],"29":[0,0],"30":[0,0],"31":[0,0]},"meta":{"lastBranch":32,"lastFunction":17,"lastStatement":110,"seen":{"s:5:32:24:Infinity":0,"f:5:32:5:39":0,"s:6:2:23:Infinity":1,"s:7:28:11:Infinity":2,"b:13:4:15:Infinity:undefined:undefined:undefined:undefined":0,"s:13:4:15:Infinity":3,"s:14:6:14:Infinity":4,"b:17:4:17:Infinity:undefined:undefined:undefined:undefined":1,"s:17:4:17:Infinity":5,"s:17:15:17:Infinity":6,"s:19:4:19:Infinity":7,"s:21:4:21:Infinity":8,"s:22:4:22:Infinity":9,"s:26:28:37:Infinity":10,"f:26:28:26:35":1,"s:27:20:27:Infinity":11,"b:29:2:31:Infinity:undefined:undefined:undefined:undefined":2,"s:29:2:31:Infinity":12,"s:30:4:30:Infinity":13,"s:34:2:34:Infinity":14,"s:36:2:36:Infinity":15,"s:39:41:50:Infinity":16,"f:39:41:39:48":2,"s:40:20:45:Infinity":17,"b:47:2:49:Infinity:undefined:undefined:undefined:undefined":3,"s:47:2:49:Infinity":18,"s:48:4:48:Infinity":19,"s:52:37:63:Infinity":20,"f:52:37:52:44":3,"s:53:20:58:Infinity":21,"b:60:2:62:Infinity:undefined:undefined:undefined:undefined":4,"s:60:2:62:Infinity":22,"s:61:4:61:Infinity":23,"s:65:41:110:Infinity":24,"f:65:41:65:Infinity":4,"s:66:2:109:Infinity":25,"b:68:4:70:Infinity:undefined:undefined:undefined:undefined":5,"s:68:4:70:Infinity":26,"s:69:6:69:Infinity":27,"s:81:22:81:Infinity":28,"b:82:4:84:Infinity:undefined:undefined:undefined:undefined":6,"s:82:4:84:Infinity":29,"s:83:6:83:Infinity":30,"s:89:24:89:Infinity":31,"b:91:4:93:Infinity:undefined:undefined:undefined:undefined":7,"s:91:4:93:Infinity":32,"s:92:6:92:Infinity":33,"s:97:22:101:Infinity":34,"b:100:16:100:57:100:57:100:Infinity":8,"b:103:4:105:Infinity:undefined:undefined:undefined:undefined":9,"s:103:4:105:Infinity":35,"s:104:6:104:Infinity":36,"s:107:4:107:Infinity":37,"s:108:4:108:Infinity":38,"s:112:28:133:Infinity":39,"f:112:28:112:35":5,"s:113:20:123:Infinity":40,"b:125:2:127:Infinity:undefined:undefined:undefined:undefined":10,"s:125:2:127:Infinity":41,"s:126:4:126:Infinity":42,"s:130:2:130:Infinity":43,"s:132:2:132:Infinity":44,"s:135:29:141:Infinity":45,"f:135:29:135:Infinity":6,"s:136:20:136:Infinity":46,"b:138:2:140:Infinity:undefined:undefined:undefined:undefined":11,"s:138:2:140:Infinity":47,"s:139:4:139:Infinity":48,"s:143:43:155:Infinity":49,"f:143:43:143:50":7,"s:144:20:150:Infinity":50,"b:152:2:154:Infinity:undefined:undefined:undefined:undefined":12,"s:152:2:154:Infinity":51,"s:153:4:153:Infinity":52,"s:157:35:165:Infinity":53,"f:157:35:157:42":8,"s:158:20:160:Infinity":54,"b:162:2:164:Infinity:undefined:undefined:undefined:undefined":13,"s:162:2:164:Infinity":55,"s:163:4:163:Infinity":56,"s:167:35:204:Infinity":57,"f:167:35:167:Infinity":9,"s:171:30:171:Infinity":58,"s:174:20:174:Infinity":59,"s:175:20:175:Infinity":60,"b:175:20:175:32:175:36:175:Infinity":14,"s:176:19:176:Infinity":61,"b:176:19:176:51:176:51:176:Infinity":15,"s:179:34:185:Infinity":62,"b:187:2:189:Infinity:undefined:undefined:undefined:undefined":16,"s:187:2:189:Infinity":63,"s:188:4:188:Infinity":64,"s:192:31:197:Infinity":65,"b:195:13:195:22:195:22:195:Infinity":17,"b:199:2:201:Infinity:undefined:undefined:undefined:undefined":18,"s:199:2:201:Infinity":66,"s:200:4:200:Infinity":67,"s:203:2:203:Infinity":68,"s:206:30:223:Infinity":69,"f:206:30:206:Infinity":10,"s:207:2:222:Infinity":70,"s:209:28:211:Infinity":71,"b:213:4:213:Infinity:undefined:undefined:undefined:undefined":19,"s:213:4:213:Infinity":72,"s:213:15:213:Infinity":73,"s:215:4:218:Infinity":74,"s:220:4:220:Infinity":75,"s:221:4:221:Infinity":76,"s:225:31:239:Infinity":77,"f:225:31:225:38":11,"s:226:2:238:Infinity":78,"s:227:28:230:Infinity":79,"b:232:4:232:Infinity:undefined:undefined:undefined:undefined":20,"s:232:4:232:Infinity":80,"s:232:15:232:Infinity":81,"s:234:4:234:Infinity":82,"s:236:4:236:Infinity":83,"s:237:4:237:Infinity":84,"s:241:35:257:Infinity":85,"f:241:35:241:Infinity":12,"s:242:2:256:Infinity":86,"s:243:28:243:Infinity":87,"b:245:4:245:Infinity:undefined:undefined:undefined:undefined":21,"s:245:4:245:Infinity":88,"s:245:15:245:Infinity":89,"s:247:4:252:Infinity":90,"f:247:25:247:36":13,"s:247:36:252:Infinity":91,"b:250:45:250:58:250:58:250:Infinity":22,"s:254:4:254:Infinity":92,"s:255:4:255:Infinity":93,"s:259:37:285:Infinity":94,"f:259:37:259:Infinity":14,"s:260:2:284:Infinity":95,"s:261:28:263:Infinity":96,"b:265:4:265:Infinity:undefined:undefined:undefined:undefined":23,"s:265:4:265:Infinity":97,"s:265:15:265:Infinity":98,"s:267:4:280:Infinity":99,"b:267:12:267:20:267:20:267:21":24,"f:267:28:267:40":15,"s:267:40:280:Infinity":100,"b:271:10:271:46:271:49:271:Infinity":25,"b:270:17:270:60:270:60:270:Infinity":26,"b:273:10:273:41:273:44:273:Infinity":27,"b:272:12:272:55:272:55:272:Infinity":28,"b:275:10:275:45:275:48:275:Infinity":29,"b:274:16:274:59:274:59:274:Infinity":30,"s:282:4:282:Infinity":101,"s:283:4:283:Infinity":102,"s:287:35:299:Infinity":103,"f:287:35:287:42":16,"s:288:2:298:Infinity":104,"s:289:22:292:Infinity":105,"b:294:4:294:Infinity:undefined:undefined:undefined:undefined":31,"s:294:4:294:Infinity":106,"s:294:15:294:Infinity":107,"s:296:4:296:Infinity":108,"s:297:4:297:Infinity":109}}}
,"/Users/onasis/dev-hub/seftec-store/src/utils/sanitize.ts": {"path":"/Users/onasis/dev-hub/seftec-store/src/utils/sanitize.ts","statementMap":{"0":{"start":{"line":4,"column":28},"end":{"line":12,"column":null}},"1":{"start":{"line":5,"column":2},"end":{"line":11,"column":null}}},"fnMap":{"0":{"name":"(anonymous_0)","decl":{"start":{"line":4,"column":28},"end":{"line":4,"column":29}},"loc":{"start":{"line":4,"column":29},"end":{"line":12,"column":null}},"line":4}},"branchMap":{},"s":{"0":1,"1":24},"f":{"0":24},"b":{},"meta":{"lastBranch":0,"lastFunction":1,"lastStatement":2,"seen":{"s:4:28:12:Infinity":0,"f:4:28:4:29":0,"s:5:2:11:Infinity":1}}}
}
