TN:
SF:locales/ar.json
FNF:0
FNH:0
LF:0
LH:0
BRF:0
BRH:0
end_of_record
TN:
SF:locales/de.json
FNF:0
FNH:0
LF:0
LH:0
BRF:0
BRH:0
end_of_record
TN:
SF:locales/en.json
FNF:0
FNH:0
LF:0
LH:0
BRF:0
BRH:0
end_of_record
TN:
SF:locales/es.json
FNF:0
FNH:0
LF:0
LH:0
BRF:0
BRH:0
end_of_record
TN:
SF:locales/fr.json
FNF:0
FNH:0
LF:0
LH:0
BRF:0
BRH:0
end_of_record
TN:
SF:locales/ja.json
FNF:0
FNH:0
LF:0
LH:0
BRF:0
BRH:0
end_of_record
TN:
SF:locales/pt.json
FNF:0
FNH:0
LF:0
LH:0
BRF:0
BRH:0
end_of_record
TN:
SF:locales/zh.json
FNF:0
FNH:0
LF:0
LH:0
BRF:0
BRH:0
end_of_record
TN:
SF:src/components/icons.tsx
FNF:0
FNH:0
DA:6,1
LF:1
LH:1
BRF:0
BRH:0
end_of_record
TN:
SF:src/components/auth/AuthForm.tsx
FN:19,AuthForm
FN:31,(anonymous_1)
FN:43,(anonymous_2)
FN:47,(anonymous_3)
FN:51,(anonymous_4)
FN:61,(anonymous_5)
FN:77,(anonymous_6)
FN:80,(anonymous_7)
FNF:8
FNH:0
FNDA:0,AuthForm
FNDA:0,(anonymous_1)
FNDA:0,(anonymous_2)
FNDA:0,(anonymous_3)
FNDA:0,(anonymous_4)
FNDA:0,(anonymous_5)
FNDA:0,(anonymous_6)
FNDA:0,(anonymous_7)
DA:20,0
DA:21,0
DA:22,0
DA:23,0
DA:24,0
DA:25,0
DA:26,0
DA:27,0
DA:28,0
DA:31,0
DA:36,0
DA:37,0
DA:38,0
DA:39,0
DA:43,0
DA:44,0
DA:47,0
DA:48,0
DA:51,0
DA:52,0
DA:53,0
DA:56,0
DA:60,0
DA:61,0
DA:77,0
DA:80,0
LF:26
LH:0
BRDA:20,0,0,0
BRDA:20,0,1,0
BRDA:36,1,0,0
BRDA:36,1,1,0
BRDA:36,2,0,0
BRDA:36,2,1,0
BRDA:38,3,0,0
BRDA:38,3,1,0
BRDA:53,4,0,0
BRDA:53,4,1,0
BRDA:56,5,0,0
BRDA:56,5,1,0
BRDA:60,6,0,0
BRDA:60,6,1,0
BRF:14
BRH:0
end_of_record
TN:
SF:src/components/auth/AuthModal.tsx
FN:12,AuthModal
FN:27,(anonymous_1)
FNF:2
FNH:0
FNDA:0,AuthModal
FNDA:0,(anonymous_1)
DA:13,0
DA:14,0
DA:17,0
DA:27,0
LF:4
LH:0
BRDA:17,0,0,0
BRDA:17,0,1,0
BRF:2
BRH:0
end_of_record
TN:
SF:src/components/auth/AuthToggle.tsx
FN:10,AuthToggle
FNF:1
FNH:0
FNDA:0,AuthToggle
LF:0
LH:0
BRDA:14,0,0,0
BRDA:14,0,1,0
BRDA:20,1,0,0
BRDA:20,1,1,0
BRF:4
BRH:0
end_of_record
TN:
SF:src/components/auth/MFAVerificationForm.tsx
FN:16,MFAVerificationForm
FN:22,(anonymous_1)
FN:75,(anonymous_2)
FNF:3
FNH:0
FNDA:0,MFAVerificationForm
FNDA:0,(anonymous_1)
FNDA:0,(anonymous_2)
DA:17,0
DA:18,0
DA:19,0
DA:20,0
DA:22,0
DA:23,0
DA:25,0
DA:26,0
DA:31,0
DA:34,0
DA:36,0
DA:37,0
DA:39,0
DA:40,0
DA:42,0
DA:49,0
DA:55,0
DA:75,0
LF:18
LH:0
BRDA:25,0,0,0
BRDA:25,0,1,0
BRDA:39,1,0,0
BRDA:39,1,1,0
BRDA:40,2,0,0
BRDA:40,2,1,0
BRDA:52,3,0,0
BRDA:52,3,1,0
BRDA:85,4,0,0
BRDA:85,4,1,0
BRDA:87,5,0,0
BRDA:87,5,1,0
BRF:12
BRH:0
end_of_record
TN:
SF:src/components/auth/MagicLinkForm.tsx
FN:29,MagicLinkForm
FN:41,onSubmit
FN:69,(anonymous_2)
FNF:3
FNH:0
FNDA:0,MagicLinkForm
FNDA:0,onSubmit
FNDA:0,(anonymous_2)
DA:20,1
DA:30,0
DA:31,0
DA:32,0
DA:34,0
DA:42,0
DA:44,0
DA:45,0
DA:46,0
DA:47,0
DA:49,0
DA:51,0
DA:55,0
DA:69,0
LF:14
LH:1
BRDA:55,0,0,0
BRDA:55,0,1,0
BRDA:107,1,0,0
BRDA:107,1,1,0
BRF:4
BRH:0
end_of_record
TN:
SF:src/components/auth/ResetPasswordForm.tsx
FN:15,ResetPasswordForm
FN:21,(anonymous_1)
FN:91,(anonymous_2)
FNF:3
FNH:0
FNDA:0,ResetPasswordForm
FNDA:0,(anonymous_1)
FNDA:0,(anonymous_2)
DA:16,0
DA:17,0
DA:18,0
DA:19,0
DA:21,0
DA:22,0
DA:24,0
DA:25,0
DA:30,0
DA:33,0
DA:35,0
DA:36,0
DA:40,0
DA:42,0
DA:43,0
DA:48,0
DA:54,0
DA:91,0
LF:18
LH:0
BRDA:24,0,0,0
BRDA:24,0,1,0
BRDA:40,1,0,0
BRDA:40,1,1,0
BRDA:51,2,0,0
BRDA:51,2,1,0
BRDA:72,3,0,0
BRDA:72,3,1,0
BRDA:102,4,0,0
BRDA:102,4,1,0
BRF:10
BRH:0
end_of_record
TN:
SF:src/components/auth/SignInForm.tsx
FN:29,SignInForm
FN:51,handleSubmit
FNF:2
FNH:0
FNDA:0,SignInForm
FNDA:0,handleSubmit
DA:35,0
DA:36,0
DA:37,0
DA:38,0
DA:41,0
DA:43,0
DA:52,0
DA:54,0
DA:55,0
DA:56,0
DA:61,0
DA:64,0
DA:66,0
DA:72,0
LF:14
LH:0
BRDA:41,0,0,0
BRDA:41,0,1,0
BRDA:64,1,0,0
BRDA:64,1,1,0
BRDA:68,2,0,0
BRDA:68,2,1,0
BRDA:130,3,0,0
BRDA:130,3,1,0
BRF:8
BRH:0
end_of_record
TN:
SF:src/components/auth/SignUpForm.tsx
FN:27,SignUpForm
FN:40,handleSubmit
FNF:2
FNH:0
FNDA:0,SignUpForm
FNDA:0,handleSubmit
DA:28,0
DA:29,0
DA:31,0
DA:41,0
DA:43,0
DA:44,0
DA:47,0
DA:51,0
DA:53,0
DA:59,0
LF:10
LH:0
BRF:0
BRH:0
end_of_record
TN:
SF:src/components/auth/SocialAuthButtons.tsx
FN:12,SocialAuthButtons
FN:27,(anonymous_1)
FN:29,(anonymous_2)
FN:35,(anonymous_3)
FN:45,(anonymous_4)
FN:61,(anonymous_5)
FN:75,(anonymous_6)
FN:89,(anonymous_7)
FNF:8
FNH:0
FNDA:0,SocialAuthButtons
FNDA:0,(anonymous_1)
FNDA:0,(anonymous_2)
FNDA:0,(anonymous_3)
FNDA:0,(anonymous_4)
FNDA:0,(anonymous_5)
FNDA:0,(anonymous_6)
FNDA:0,(anonymous_7)
DA:13,0
DA:25,0
DA:27,0
DA:28,0
DA:29,0
DA:30,0
DA:34,0
DA:35,0
DA:45,0
DA:61,0
DA:75,0
DA:89,0
LF:12
LH:0
BRF:0
BRH:0
end_of_record
TN:
SF:src/components/auth/UserProfileDropdown.tsx
FN:18,UserProfileDropdown
FN:21,(anonymous_1)
FN:127,(anonymous_2)
FNF:3
FNH:0
FNDA:0,UserProfileDropdown
FNDA:0,(anonymous_1)
FNDA:0,(anonymous_2)
DA:19,0
DA:21,0
DA:22,0
DA:23,0
DA:25,0
DA:28,0
DA:127,0
LF:7
LH:0
BRDA:22,0,0,0
BRDA:22,0,1,0
BRDA:22,1,0,0
BRDA:22,1,1,0
BRDA:25,2,0,0
BRDA:25,2,1,0
BRDA:28,3,0,0
BRDA:28,3,1,0
BRDA:52,4,0,0
BRDA:52,4,1,0
BRDA:52,5,0,0
BRDA:52,5,1,0
BRF:12
BRH:0
end_of_record
TN:
SF:src/components/dashboard/TradeFinanceTab.tsx
FN:13,(anonymous_0)
FN:26,(anonymous_1)
FN:41,(anonymous_2)
FN:42,(anonymous_3)
FN:52,(anonymous_4)
FN:134,(anonymous_5)
FN:143,(anonymous_6)
FN:153,(anonymous_7)
FN:170,(anonymous_8)
FN:183,(anonymous_9)
FN:184,(anonymous_10)
FN:185,(anonymous_11)
FN:187,(anonymous_12)
FN:192,(anonymous_13)
FN:197,(anonymous_14)
FN:202,(anonymous_15)
FN:206,(anonymous_16)
FN:211,(anonymous_17)
FN:321,(anonymous_18)
FN:360,(anonymous_19)
FN:399,(anonymous_20)
FNF:21
FNH:12
FNDA:35,(anonymous_0)
FNDA:35,(anonymous_1)
FNDA:35,(anonymous_2)
FNDA:35,(anonymous_3)
FNDA:35,(anonymous_4)
FNDA:0,(anonymous_5)
FNDA:0,(anonymous_6)
FNDA:0,(anonymous_7)
FNDA:20,(anonymous_8)
FNDA:64,(anonymous_9)
FNDA:64,(anonymous_10)
FNDA:64,(anonymous_11)
FNDA:0,(anonymous_12)
FNDA:0,(anonymous_13)
FNDA:0,(anonymous_14)
FNDA:0,(anonymous_15)
FNDA:0,(anonymous_16)
FNDA:0,(anonymous_17)
FNDA:32,(anonymous_18)
FNDA:16,(anonymous_19)
FNDA:16,(anonymous_20)
DA:13,1
DA:14,35
DA:22,35
DA:26,1
DA:27,35
DA:38,35
DA:41,1
DA:42,35
DA:52,1
DA:53,35
DA:59,35
DA:65,35
DA:134,0
DA:143,0
DA:154,0
DA:155,0
DA:170,1
DA:171,20
DA:172,20
DA:173,20
DA:174,20
DA:175,20
DA:176,20
DA:177,20
DA:179,20
DA:180,20
DA:183,64
DA:184,64
DA:185,64
DA:187,20
DA:188,0
DA:189,0
DA:192,20
DA:193,0
DA:194,0
DA:197,20
DA:198,0
DA:199,0
DA:202,20
DA:203,0
DA:206,20
DA:207,0
DA:208,0
DA:211,20
DA:212,0
DA:321,32
DA:360,16
DA:399,16
LF:48
LH:34
BRDA:22,0,0,35
BRDA:22,0,1,0
BRDA:38,1,0,35
BRDA:38,1,1,0
BRDA:87,2,0,35
BRDA:87,2,1,0
BRDA:109,3,0,32
BRDA:109,3,1,3
BRDA:114,4,0,32
BRDA:114,4,1,3
BRDA:116,5,0,3
BRDA:116,5,1,0
BRDA:154,6,0,0
BRDA:154,6,1,0
BRDA:154,7,0,0
BRDA:154,7,1,0
BRDA:159,8,0,3
BRDA:159,8,1,30
BRDA:217,9,0,2
BRDA:217,9,1,18
BRDA:243,10,0,18
BRDA:243,10,1,2
BRDA:245,11,0,18
BRDA:245,11,1,1
BRDA:245,12,0,18
BRDA:245,12,1,1
BRDA:260,13,0,18
BRDA:260,13,1,2
BRDA:262,14,0,18
BRDA:262,14,1,1
BRDA:262,15,0,18
BRDA:262,15,1,1
BRDA:278,16,0,18
BRDA:278,16,1,1
BRDA:278,17,0,18
BRDA:278,17,1,1
BRDA:281,18,0,18
BRDA:281,18,1,1
BRDA:281,19,0,18
BRDA:281,19,1,1
BRDA:293,20,0,2
BRDA:293,20,1,18
BRDA:296,21,0,16
BRDA:296,21,1,4
BRDA:298,22,0,2
BRDA:298,22,1,18
BRDA:302,23,0,2
BRDA:302,23,1,18
BRDA:304,24,0,2
BRDA:304,24,1,18
BRDA:308,25,0,2
BRDA:308,25,1,18
BRDA:310,26,0,2
BRDA:310,26,1,18
BRF:54
BRH:46
end_of_record
TN:
SF:src/components/dashboard/trade-finance/ApplicationDetailModal.tsx
FN:36,(anonymous_0)
FN:40,(anonymous_1)
FN:49,(anonymous_2)
FN:61,(anonymous_3)
FN:76,(anonymous_4)
FN:77,(anonymous_5)
FN:80,(anonymous_6)
FN:90,(anonymous_7)
FN:91,(anonymous_8)
FN:351,(anonymous_9)
FNF:10
FNH:3
FNDA:0,(anonymous_0)
FNDA:0,(anonymous_1)
FNDA:0,(anonymous_2)
FNDA:0,(anonymous_3)
FNDA:0,(anonymous_4)
FNDA:0,(anonymous_5)
FNDA:20,(anonymous_6)
FNDA:16,(anonymous_7)
FNDA:16,(anonymous_8)
FNDA:0,(anonymous_9)
DA:36,1
DA:37,0
DA:40,1
DA:41,0
DA:42,0
DA:49,1
DA:50,0
DA:58,0
DA:61,1
DA:62,0
DA:73,0
DA:76,1
DA:77,0
DA:80,1
DA:86,20
DA:87,20
DA:88,20
DA:90,20
DA:91,16
DA:92,16
DA:93,0
DA:94,0
DA:95,0
DA:96,0
DA:98,0
DA:100,0
DA:105,16
DA:108,20
DA:352,0
DA:353,0
LF:30
LH:14
BRDA:41,0,0,0
BRDA:41,0,1,0
BRDA:58,1,0,0
BRDA:58,1,1,0
BRDA:73,2,0,0
BRDA:73,2,1,0
BRDA:92,3,0,0
BRDA:92,3,1,16
BRDA:92,4,0,16
BRDA:92,4,1,0
BRDA:108,5,0,20
BRDA:108,5,1,0
BRDA:139,6,0,0
BRDA:139,6,1,0
BRDA:142,7,0,0
BRDA:142,7,1,0
BRDA:300,8,0,0
BRDA:300,8,1,0
BRDA:313,9,0,0
BRDA:313,9,1,0
BRDA:352,10,0,0
BRDA:352,10,1,0
BRDA:352,11,0,0
BRDA:352,11,1,0
BRDA:366,12,0,0
BRDA:366,12,1,0
BRDA:387,13,0,0
BRDA:387,13,1,0
BRF:28
BRH:3
end_of_record
TN:
SF:src/components/dashboard/trade-finance/ApplicationFormModal.tsx
FN:53,(anonymous_0)
FN:68,(anonymous_1)
FN:88,(anonymous_2)
FN:92,(anonymous_3)
FN:95,(anonymous_4)
FN:103,(anonymous_5)
FN:136,(anonymous_6)
FN:226,(anonymous_7)
FN:252,(anonymous_8)
FN:271,(anonymous_9)
FN:283,(anonymous_10)
FN:306,(anonymous_11)
FN:323,(anonymous_12)
FN:339,(anonymous_13)
FN:351,(anonymous_14)
FN:369,(anonymous_15)
FNF:16
FNH:2
FNDA:36,(anonymous_0)
FNDA:16,(anonymous_1)
FNDA:0,(anonymous_2)
FNDA:0,(anonymous_3)
FNDA:0,(anonymous_4)
FNDA:0,(anonymous_5)
FNDA:0,(anonymous_6)
FNDA:0,(anonymous_7)
FNDA:0,(anonymous_8)
FNDA:0,(anonymous_9)
FNDA:0,(anonymous_10)
FNDA:0,(anonymous_11)
FNDA:0,(anonymous_12)
FNDA:0,(anonymous_13)
FNDA:0,(anonymous_14)
FNDA:0,(anonymous_15)
DA:42,1
DA:53,1
DA:59,36
DA:60,36
DA:61,36
DA:62,36
DA:63,36
DA:65,36
DA:68,36
DA:69,16
DA:70,0
DA:80,16
DA:82,16
DA:83,16
DA:84,16
DA:88,36
DA:92,0
DA:94,0
DA:95,0
DA:96,0
DA:97,0
DA:98,0
DA:103,36
DA:104,0
DA:106,0
DA:107,0
DA:110,0
DA:111,0
DA:114,0
DA:115,0
DA:118,0
DA:119,0
DA:122,0
DA:123,0
DA:124,0
DA:125,0
DA:127,0
DA:128,0
DA:132,0
DA:133,0
DA:136,36
DA:137,0
DA:138,0
DA:140,0
DA:141,0
DA:144,0
DA:146,0
DA:147,0
DA:158,0
DA:159,0
DA:161,0
DA:164,0
DA:165,0
DA:166,0
DA:169,0
DA:170,0
DA:176,0
DA:180,36
DA:189,36
DA:226,0
DA:252,0
DA:271,0
DA:283,0
DA:306,0
DA:323,0
DA:339,0
DA:351,0
DA:369,0
LF:68
LH:19
BRDA:69,0,0,0
BRDA:69,0,1,16
BRDA:69,1,0,16
BRDA:69,1,1,0
BRDA:76,2,0,0
BRDA:76,2,1,0
BRDA:77,3,0,0
BRDA:77,3,1,0
BRDA:78,4,0,0
BRDA:78,4,1,0
BRDA:80,5,0,16
BRDA:80,5,1,0
BRDA:94,6,0,0
BRDA:94,6,1,0
BRDA:106,7,0,0
BRDA:106,7,1,0
BRDA:110,8,0,0
BRDA:110,8,1,0
BRDA:114,9,0,0
BRDA:114,9,1,0
BRDA:114,10,0,0
BRDA:114,10,1,0
BRDA:118,11,0,0
BRDA:118,11,1,0
BRDA:122,12,0,0
BRDA:122,12,1,0
BRDA:127,13,0,0
BRDA:127,13,1,0
BRDA:140,14,0,0
BRDA:140,14,1,0
BRDA:153,15,0,0
BRDA:153,15,1,0
BRDA:155,16,0,0
BRDA:155,16,1,0
BRDA:158,17,0,0
BRDA:158,17,1,0
BRDA:158,18,0,0
BRDA:158,18,1,0
BRDA:165,19,0,0
BRDA:165,19,1,0
BRDA:171,20,0,0
BRDA:171,20,1,0
BRDA:204,21,0,0
BRDA:204,21,1,36
BRDA:207,22,0,0
BRDA:207,22,1,36
BRDA:253,23,0,0
BRDA:253,23,1,36
BRDA:272,24,0,0
BRDA:272,24,1,36
BRDA:307,25,0,0
BRDA:307,25,1,36
BRDA:324,26,0,0
BRDA:324,26,1,36
BRDA:352,27,0,0
BRDA:352,27,1,36
BRDA:382,28,0,0
BRDA:382,28,1,0
BRDA:385,29,0,0
BRDA:385,29,1,36
BRF:60
BRH:11
end_of_record
TN:
SF:src/components/dashboard/trade-finance/DocumentUploadModal.tsx
FN:46,(anonymous_0)
FN:71,(anonymous_1)
FN:75,(anonymous_2)
FN:82,(anonymous_3)
FN:90,(anonymous_4)
FN:91,(anonymous_5)
FN:92,(anonymous_6)
FN:98,(anonymous_7)
FN:99,(anonymous_8)
FN:99,(anonymous_9)
FN:102,(anonymous_10)
FN:105,(anonymous_11)
FN:108,(anonymous_12)
FN:109,(anonymous_13)
FN:121,(anonymous_14)
FN:122,(anonymous_15)
FN:128,(anonymous_16)
FN:137,(anonymous_17)
FN:138,(anonymous_18)
FN:154,(anonymous_19)
FN:156,(anonymous_20)
FN:163,(anonymous_21)
FN:165,(anonymous_22)
FN:176,(anonymous_23)
FN:177,(anonymous_24)
FN:200,(anonymous_25)
FN:288,(anonymous_26)
FN:325,(anonymous_27)
FNF:28
FNH:1
FNDA:20,(anonymous_0)
FNDA:0,(anonymous_1)
FNDA:0,(anonymous_2)
FNDA:0,(anonymous_3)
FNDA:0,(anonymous_4)
FNDA:0,(anonymous_5)
FNDA:0,(anonymous_6)
FNDA:0,(anonymous_7)
FNDA:0,(anonymous_8)
FNDA:0,(anonymous_9)
FNDA:0,(anonymous_10)
FNDA:0,(anonymous_11)
FNDA:0,(anonymous_12)
FNDA:0,(anonymous_13)
FNDA:0,(anonymous_14)
FNDA:0,(anonymous_15)
FNDA:0,(anonymous_16)
FNDA:0,(anonymous_17)
FNDA:0,(anonymous_18)
FNDA:0,(anonymous_19)
FNDA:0,(anonymous_20)
FNDA:0,(anonymous_21)
FNDA:0,(anonymous_22)
FNDA:0,(anonymous_23)
FNDA:0,(anonymous_24)
FNDA:0,(anonymous_25)
FNDA:0,(anonymous_26)
FNDA:0,(anonymous_27)
DA:46,1
DA:52,20
DA:53,20
DA:54,20
DA:55,20
DA:57,20
DA:71,20
DA:72,0
DA:73,0
DA:75,0
DA:82,0
DA:85,0
DA:86,0
DA:90,20
DA:91,0
DA:92,0
DA:93,0
DA:98,20
DA:99,0
DA:102,20
DA:103,0
DA:105,0
DA:106,0
DA:108,0
DA:109,0
DA:110,0
DA:114,0
DA:115,0
DA:121,0
DA:122,0
DA:123,0
DA:128,0
DA:129,0
DA:132,0
DA:133,0
DA:136,0
DA:137,0
DA:138,0
DA:139,0
DA:154,20
DA:155,0
DA:156,0
DA:158,0
DA:159,0
DA:163,20
DA:165,0
DA:166,0
DA:167,0
DA:168,0
DA:171,0
DA:172,0
DA:173,0
DA:176,20
DA:177,20
DA:200,0
DA:289,0
DA:325,0
LF:57
LH:14
BRDA:73,0,0,0
BRDA:73,0,1,0
BRDA:73,1,0,0
BRDA:73,1,1,0
BRDA:85,2,0,0
BRDA:85,2,1,0
BRDA:93,3,0,0
BRDA:93,3,1,0
BRDA:103,4,0,0
BRDA:103,4,1,0
BRDA:106,5,0,0
BRDA:106,5,1,0
BRDA:110,6,0,0
BRDA:110,6,1,0
BRDA:123,7,0,0
BRDA:123,7,1,0
BRDA:132,8,0,0
BRDA:132,8,1,0
BRDA:139,9,0,0
BRDA:139,9,1,0
BRDA:144,10,0,0
BRDA:144,10,1,0
BRDA:166,11,0,0
BRDA:166,11,1,0
BRDA:343,12,0,0
BRDA:343,12,1,20
BRDA:343,13,0,20
BRDA:343,13,1,0
BRF:28
BRH:2
end_of_record
TN:
SF:src/components/ui/avatar.tsx
FNF:0
FNH:0
DA:19,1
DA:31,1
DA:46,1
LF:3
LH:3
BRF:0
BRH:0
end_of_record
TN:
SF:src/components/ui/badge.tsx
FN:32,Badge
FNF:1
FNH:0
FNDA:0,Badge
DA:6,2
LF:1
LH:1
BRF:0
BRH:0
end_of_record
TN:
SF:src/components/ui/button.tsx
FN:38,(anonymous_0)
FNF:1
FNH:1
FNDA:121,(anonymous_0)
DA:7,2
DA:37,2
DA:39,121
DA:53,2
LF:4
LH:4
BRDA:38,0,0,121
BRDA:39,1,0,0
BRDA:39,1,1,121
BRF:3
BRH:2
end_of_record
TN:
SF:src/components/ui/card.tsx
FNF:0
FNH:0
DA:19,2
DA:31,2
DA:46,2
DA:58,2
DA:66,2
DA:78,2
LF:6
LH:6
BRF:0
BRH:0
end_of_record
TN:
SF:src/components/ui/dialog.tsx
FNF:0
FNH:0
DA:7,2
DA:9,2
DA:11,2
DA:13,2
DA:28,2
DA:52,2
DA:66,2
DA:80,2
DA:95,2
DA:107,2
LF:10
LH:10
BRF:0
BRH:0
end_of_record
TN:
SF:src/components/ui/dropdown-menu.tsx
FN:169,(anonymous_0)
FNF:1
FNH:0
FNDA:0,(anonymous_0)
DA:7,1
DA:9,1
DA:11,1
DA:13,1
DA:15,1
DA:17,1
DA:38,1
DA:54,1
DA:73,1
DA:91,1
DA:114,1
DA:137,1
DA:155,1
DA:167,1
DA:169,1
DA:180,1
LF:16
LH:16
BRDA:29,0,0,0
BRDA:29,0,1,0
BRDA:60,1,0,12
BRDA:85,2,0,0
BRDA:85,2,1,0
BRDA:149,3,0,0
BRDA:149,3,1,0
BRF:7
BRH:1
end_of_record
TN:
SF:src/components/ui/footer.tsx
FN:10,(anonymous_0)
FNF:1
FNH:1
FNDA:3,(anonymous_0)
DA:10,1
DA:13,3
LF:2
LH:2
BRF:0
BRH:0
end_of_record
TN:
SF:src/components/ui/form.tsx
FN:29,(anonymous_0)
FN:42,(anonymous_1)
FN:76,(anonymous_2)
FN:90,(anonymous_3)
FN:107,(anonymous_4)
FN:129,(anonymous_5)
FN:146,(anonymous_6)
FNF:7
FNH:0
FNDA:0,(anonymous_0)
FNDA:0,(anonymous_1)
FNDA:0,(anonymous_2)
FNDA:0,(anonymous_3)
FNDA:0,(anonymous_4)
FNDA:0,(anonymous_5)
FNDA:0,(anonymous_6)
DA:16,1
DA:25,1
DA:29,1
DA:42,1
DA:43,0
DA:44,0
DA:45,0
DA:47,0
DA:49,0
DA:50,0
DA:53,0
DA:55,0
DA:69,1
DA:73,1
DA:77,0
DA:85,1
DA:87,1
DA:91,0
DA:102,1
DA:104,1
DA:108,0
DA:124,1
DA:126,1
DA:130,0
DA:141,1
DA:143,1
DA:147,0
DA:148,0
DA:150,0
DA:151,0
DA:165,1
LF:31
LH:15
BRDA:49,0,0,0
BRDA:49,0,1,0
BRDA:96,1,0,0
BRDA:96,1,1,0
BRDA:115,2,0,0
BRDA:115,2,1,0
BRDA:148,3,0,0
BRDA:148,3,1,0
BRDA:150,4,0,0
BRDA:150,4,1,0
BRF:10
BRH:0
end_of_record
TN:
SF:src/components/ui/input.tsx
FN:7,(anonymous_0)
FNF:1
FNH:0
FNDA:0,(anonymous_0)
DA:6,2
DA:21,2
LF:2
LH:2
BRF:0
BRH:0
end_of_record
TN:
SF:src/components/ui/label.tsx
FNF:0
FNH:0
DA:8,2
DA:23,2
LF:2
LH:2
BRF:0
BRH:0
end_of_record
TN:
SF:src/components/ui/language-toggle.tsx
FN:23,(anonymous_0)
FN:24,(anonymous_1)
FN:32,(anonymous_2)
FN:55,(anonymous_3)
FN:62,(anonymous_4)
FN:67,(anonymous_5)
FN:73,(anonymous_6)
FN:85,(anonymous_7)
FN:101,(anonymous_8)
FN:106,(anonymous_9)
FN:125,(anonymous_10)
FNF:11
FNH:8
FNDA:4,(anonymous_0)
FNDA:3,(anonymous_1)
FNDA:0,(anonymous_2)
FNDA:0,(anonymous_3)
FNDA:150,(anonymous_4)
FNDA:3,(anonymous_5)
FNDA:3,(anonymous_6)
FNDA:18,(anonymous_7)
FNDA:6,(anonymous_8)
FNDA:6,(anonymous_9)
FNDA:0,(anonymous_10)
DA:19,1
DA:23,1
DA:24,4
DA:26,3
DA:27,3
DA:29,0
DA:32,4
DA:33,0
DA:34,0
DA:35,0
DA:38,0
DA:39,0
DA:43,0
DA:48,0
DA:55,0
DA:56,0
DA:62,4
DA:63,150
DA:67,4
DA:68,3
DA:69,3
DA:73,4
DA:74,3
DA:85,1
DA:86,18
DA:87,18
DA:88,0
DA:90,18
DA:101,1
DA:105,6
DA:106,6
DA:125,0
LF:32
LH:20
BRDA:26,0,0,3
BRDA:26,0,1,0
BRDA:27,1,0,3
BRDA:27,1,1,3
BRDA:35,2,0,0
BRDA:35,2,1,0
BRDA:38,3,0,0
BRDA:38,3,1,0
BRDA:69,4,0,0
BRDA:69,4,1,3
BRDA:87,5,0,0
BRDA:87,5,1,18
BRDA:102,6,0,6
BRDA:103,7,0,6
BRDA:106,8,0,6
BRDA:106,8,1,0
BRDA:113,9,0,6
BRDA:113,9,1,0
BRDA:127,10,0,6
BRDA:127,10,1,42
BRF:20
BRH:11
end_of_record
TN:
SF:src/components/ui/seftec-hub.tsx
FN:15,SeftecHub
FNF:1
FNH:1
FNDA:7,SeftecHub
LF:0
LH:0
BRF:0
BRH:0
end_of_record
TN:
SF:src/components/ui/select.tsx
FNF:0
FNH:0
DA:7,1
DA:9,1
DA:11,1
DA:31,1
DA:48,1
DA:65,1
DA:98,1
DA:110,1
DA:133,1
DA:145,1
LF:10
LH:10
BRDA:71,0,0,0
BRDA:77,1,0,0
BRDA:77,1,1,0
BRDA:88,2,0,0
BRDA:88,2,1,0
BRF:5
BRH:0
end_of_record
TN:
SF:src/components/ui/tabs.tsx
FNF:0
FNH:0
DA:7,2
DA:22,2
DA:43,2
DA:58,2
LF:4
LH:4
BRF:0
BRH:0
end_of_record
TN:
SF:src/components/ui/textarea.tsx
FN:9,(anonymous_0)
FNF:1
FNH:0
FNDA:0,(anonymous_0)
DA:8,1
DA:22,1
LF:2
LH:2
BRF:0
BRH:0
end_of_record
TN:
SF:src/components/ui/theme-toggle.tsx
FN:13,ThemeToggle
FN:18,(anonymous_1)
FN:32,(anonymous_2)
FNF:3
FNH:2
FNDA:12,ThemeToggle
FNDA:6,(anonymous_1)
FNDA:0,(anonymous_2)
DA:14,12
DA:15,12
DA:18,12
DA:19,6
DA:22,12
DA:23,6
DA:26,6
DA:32,0
LF:8
LH:7
BRDA:13,0,0,12
BRDA:22,1,0,6
BRDA:22,1,1,6
BRDA:32,2,0,0
BRDA:32,2,1,0
BRDA:35,3,0,0
BRDA:35,3,1,6
BRDA:38,4,0,0
BRDA:38,4,1,6
BRF:9
BRH:5
end_of_record
TN:
SF:src/components/ui/toast.tsx
FN:45,(anonymous_0)
FNF:1
FNH:0
FNDA:0,(anonymous_0)
DA:8,1
DA:23,1
DA:25,1
DA:41,1
DA:54,1
DA:69,1
DA:87,1
DA:99,1
DA:111,1
LF:9
LH:9
BRF:0
BRH:0
end_of_record
TN:
SF:src/components/ui/toaster.tsx
FN:12,Toaster
FN:17,(anonymous_1)
FNF:2
FNH:1
FNDA:3,Toaster
FNDA:0,(anonymous_1)
DA:13,3
LF:1
LH:1
BRF:0
BRH:0
end_of_record
TN:
SF:src/components/ui/tooltip.tsx
FNF:0
FNH:0
DA:6,1
DA:8,1
DA:10,1
DA:26,1
LF:4
LH:4
BRDA:15,0,0,6
BRF:1
BRH:1
end_of_record
TN:
SF:src/components/ui/navbar/auth-section.tsx
FN:13,(anonymous_0)
FNF:1
FNH:1
FNDA:6,(anonymous_0)
DA:13,1
DA:18,6
DA:19,6
LF:3
LH:3
BRF:0
BRH:0
end_of_record
TN:
SF:src/components/ui/navbar/desktop-nav.tsx
FN:8,(anonymous_0)
FN:14,(anonymous_1)
FN:15,(anonymous_2)
FN:16,(anonymous_3)
FN:21,(anonymous_4)
FN:23,(anonymous_5)
FN:27,(anonymous_6)
FN:35,(anonymous_7)
FNF:8
FNH:4
FNDA:6,(anonymous_0)
FNDA:3,(anonymous_1)
FNDA:0,(anonymous_2)
FNDA:0,(anonymous_3)
FNDA:0,(anonymous_4)
FNDA:0,(anonymous_5)
FNDA:3,(anonymous_6)
FNDA:30,(anonymous_7)
DA:8,1
DA:9,6
DA:10,6
DA:11,6
DA:14,6
DA:15,3
DA:16,0
DA:19,3
DA:20,3
DA:21,3
DA:22,0
DA:23,0
DA:27,3
DA:28,3
DA:29,3
DA:30,3
DA:35,6
DA:36,30
DA:43,30
LF:19
LH:16
BRDA:22,0,0,0
BRDA:22,0,1,0
BRDA:43,1,0,30
BRDA:43,1,1,0
BRDA:54,2,0,6
BRDA:54,2,1,24
BRDA:62,3,0,30
BRDA:62,3,1,6
BRF:8
BRH:5
end_of_record
TN:
SF:src/components/ui/navbar/index.tsx
FN:22,MainNav
FN:29,(anonymous_1)
FN:40,(anonymous_2)
FN:46,(anonymous_3)
FN:51,(anonymous_4)
FN:52,(anonymous_5)
FN:60,(anonymous_6)
FN:61,(anonymous_7)
FNF:8
FNH:7
FNDA:7,MainNav
FNDA:0,(anonymous_1)
FNDA:3,(anonymous_2)
FNDA:3,(anonymous_3)
FNDA:3,(anonymous_4)
FNDA:3,(anonymous_5)
FNDA:3,(anonymous_6)
FNDA:3,(anonymous_7)
DA:23,7
DA:24,7
DA:25,7
DA:26,7
DA:27,7
DA:29,7
DA:30,0
DA:33,0
DA:34,0
DA:36,0
DA:40,7
DA:41,3
DA:42,3
DA:46,7
DA:47,3
DA:51,7
DA:52,3
DA:53,3
DA:58,7
DA:60,7
DA:61,3
DA:62,3
DA:66,3
LF:23
LH:19
BRDA:33,0,0,0
BRDA:33,0,1,0
BRDA:91,1,0,0
BRDA:91,1,1,0
BRF:4
BRH:0
end_of_record
TN:
SF:src/components/ui/navbar/logo.tsx
FN:6,(anonymous_0)
FNF:1
FNH:1
FNDA:7,(anonymous_0)
DA:6,1
LF:1
LH:1
BRF:0
BRH:0
end_of_record
TN:
SF:src/components/ui/navbar/mobile-menu.tsx
FN:20,(anonymous_0)
FN:26,(anonymous_1)
FN:27,(anonymous_2)
FN:28,(anonymous_3)
FN:33,(anonymous_4)
FN:35,(anonymous_5)
FN:39,(anonymous_6)
FN:47,(anonymous_7)
FN:94,(anonymous_8)
FNF:9
FNH:3
FNDA:6,(anonymous_0)
FNDA:3,(anonymous_1)
FNDA:0,(anonymous_2)
FNDA:0,(anonymous_3)
FNDA:0,(anonymous_4)
FNDA:0,(anonymous_5)
FNDA:3,(anonymous_6)
FNDA:0,(anonymous_7)
FNDA:0,(anonymous_8)
DA:20,1
DA:21,6
DA:22,6
DA:23,6
DA:26,6
DA:27,3
DA:28,0
DA:31,3
DA:32,3
DA:33,3
DA:34,0
DA:35,0
DA:39,3
DA:40,3
DA:41,3
DA:42,3
DA:47,6
DA:48,0
DA:55,0
DA:58,6
DA:95,0
DA:96,0
LF:22
LH:15
BRDA:34,0,0,0
BRDA:34,0,1,0
BRDA:55,1,0,0
BRDA:55,1,1,0
BRDA:58,2,0,6
BRDA:58,2,1,0
BRDA:79,3,0,0
BRDA:79,3,1,0
BRDA:92,4,0,0
BRDA:92,4,1,0
BRDA:180,5,0,0
BRDA:180,5,1,0
BRF:12
BRH:1
end_of_record
TN:
SF:src/components/ui/navbar/mobile-toggle.tsx
FN:11,(anonymous_0)
FNF:1
FNH:1
FNDA:6,(anonymous_0)
DA:11,1
LF:1
LH:1
BRDA:18,0,0,0
BRDA:18,0,1,6
BRF:2
BRH:1
end_of_record
TN:
SF:src/config/site.ts
FNF:0
FNH:0
DA:15,1
LF:1
LH:1
BRF:0
BRH:0
end_of_record
TN:
SF:src/context/AuthContext.tsx
FN:26,AuthProvider
FN:32,(anonymous_1)
FN:35,(anonymous_2)
FN:36,(anonymous_3)
FN:46,(anonymous_4)
FN:64,(anonymous_5)
FN:81,(anonymous_6)
FN:98,(anonymous_7)
FN:115,(anonymous_8)
FN:128,(anonymous_9)
FN:145,(anonymous_10)
FN:161,(anonymous_11)
FN:178,(anonymous_12)
FN:195,(anonymous_13)
FN:214,(anonymous_14)
FN:229,(anonymous_15)
FN:252,(anonymous_16)
FN:256,(anonymous_17)
FN:269,(anonymous_18)
FN:285,(anonymous_19)
FN:314,(anonymous_20)
FNF:21
FNH:20
FNDA:103,AuthProvider
FNDA:1,(anonymous_1)
FNDA:43,(anonymous_2)
FNDA:43,(anonymous_3)
FNDA:2,(anonymous_4)
FNDA:2,(anonymous_5)
FNDA:1,(anonymous_6)
FNDA:1,(anonymous_7)
FNDA:2,(anonymous_8)
FNDA:2,(anonymous_9)
FNDA:1,(anonymous_10)
FNDA:1,(anonymous_11)
FNDA:1,(anonymous_12)
FNDA:0,(anonymous_13)
FNDA:2,(anonymous_14)
FNDA:2,(anonymous_15)
FNDA:4,(anonymous_16)
FNDA:2,(anonymous_17)
FNDA:1,(anonymous_18)
FNDA:100,(anonymous_19)
FNDA:140,(anonymous_20)
DA:24,4
DA:27,103
DA:28,103
DA:29,103
DA:30,103
DA:31,103
DA:32,103
DA:35,103
DA:36,43
DA:37,43
DA:38,1
DA:40,1
DA:45,1
DA:46,2
DA:50,1
DA:51,1
DA:53,0
DA:56,42
DA:57,42
DA:61,43
DA:64,103
DA:65,2
DA:66,2
DA:67,1
DA:72,1
DA:77,1
DA:81,103
DA:82,1
DA:83,1
DA:84,1
DA:89,0
DA:94,0
DA:98,103
DA:99,1
DA:100,1
DA:101,1
DA:106,0
DA:111,0
DA:115,103
DA:116,2
DA:117,2
DA:119,1
DA:124,1
DA:128,103
DA:129,2
DA:130,2
DA:131,1
DA:136,1
DA:141,1
DA:145,103
DA:146,1
DA:147,1
DA:148,1
DA:153,0
DA:161,103
DA:162,1
DA:163,1
DA:164,1
DA:169,0
DA:174,0
DA:178,103
DA:179,1
DA:180,1
DA:181,1
DA:186,0
DA:191,0
DA:195,103
DA:196,0
DA:197,0
DA:198,0
DA:199,0
DA:200,0
DA:205,0
DA:210,0
DA:214,103
DA:215,2
DA:216,2
DA:217,2
DA:218,1
DA:220,1
DA:225,1
DA:229,103
DA:230,2
DA:231,2
DA:232,1
DA:233,1
DA:238,1
DA:239,1
DA:241,1
DA:243,1
DA:248,1
DA:252,103
DA:253,4
DA:256,103
DA:257,2
DA:258,2
DA:260,1
DA:265,1
DA:269,103
DA:270,1
DA:271,1
DA:272,1
DA:277,0
DA:285,103
DA:314,4
DA:315,140
DA:316,140
DA:317,4
DA:319,136
LF:109
LH:91
BRDA:37,0,0,1
BRDA:37,0,1,42
BRDA:45,1,0,1
BRDA:45,1,1,0
BRDA:51,2,0,1
BRDA:51,2,1,0
BRDA:75,3,0,1
BRDA:75,3,1,0
BRDA:92,4,0,0
BRDA:92,4,1,0
BRDA:109,5,0,0
BRDA:109,5,1,0
BRDA:122,6,0,1
BRDA:122,6,1,0
BRDA:139,7,0,1
BRDA:139,7,1,0
BRDA:156,8,0,0
BRDA:156,8,1,0
BRDA:172,9,0,0
BRDA:172,9,1,0
BRDA:189,10,0,0
BRDA:189,10,1,0
BRDA:197,11,0,0
BRDA:197,11,1,0
BRDA:208,12,0,0
BRDA:208,12,1,0
BRDA:217,13,0,1
BRDA:217,13,1,1
BRDA:223,14,0,1
BRDA:223,14,1,0
BRDA:232,15,0,1
BRDA:232,15,1,0
BRDA:239,16,0,1
BRDA:239,16,1,0
BRDA:246,17,0,1
BRDA:246,17,1,0
BRDA:263,18,0,1
BRDA:263,18,1,0
BRDA:280,19,0,0
BRDA:280,19,1,0
BRDA:316,20,0,4
BRDA:316,20,1,136
BRF:42
BRH:16
end_of_record
TN:
SF:src/context/CartContext.tsx
FN:29,(anonymous_0)
FN:34,(anonymous_1)
FN:48,(anonymous_2)
FN:52,(anonymous_3)
FN:53,(anonymous_4)
FN:54,(anonymous_5)
FN:58,(anonymous_6)
FN:83,(anonymous_7)
FN:84,(anonymous_8)
FN:84,(anonymous_9)
FN:92,(anonymous_10)
FN:98,(anonymous_11)
FN:99,(anonymous_12)
FN:105,(anonymous_13)
FN:110,(anonymous_14)
FN:112,(anonymous_15)
FN:114,(anonymous_16)
FN:150,(anonymous_17)
FN:197,(anonymous_18)
FNF:19
FNH:17
FNDA:67,(anonymous_0)
FNDA:21,(anonymous_1)
FNDA:48,(anonymous_2)
FNDA:20,(anonymous_3)
FNDA:20,(anonymous_4)
FNDA:4,(anonymous_5)
FNDA:1,(anonymous_6)
FNDA:4,(anonymous_7)
FNDA:4,(anonymous_8)
FNDA:4,(anonymous_9)
FNDA:4,(anonymous_10)
FNDA:2,(anonymous_11)
FNDA:2,(anonymous_12)
FNDA:2,(anonymous_13)
FNDA:23,(anonymous_14)
FNDA:23,(anonymous_15)
FNDA:0,(anonymous_16)
FNDA:0,(anonymous_17)
FNDA:76,(anonymous_18)
DA:27,2
DA:29,2
DA:30,67
DA:31,67
DA:32,67
DA:34,67
DA:36,21
DA:37,21
DA:38,4
DA:39,4
DA:41,1
DA:42,1
DA:48,67
DA:49,48
DA:52,67
DA:53,20
DA:54,20
DA:56,20
DA:58,1
DA:59,1
DA:65,19
DA:73,19
DA:77,20
DA:83,67
DA:84,4
DA:86,4
DA:92,67
DA:93,4
DA:94,2
DA:95,2
DA:98,2
DA:99,2
DA:100,2
DA:105,67
DA:106,2
DA:107,2
DA:110,67
DA:112,67
DA:114,67
DA:115,0
DA:116,0
DA:121,0
DA:124,0
DA:125,0
DA:130,0
DA:133,0
DA:135,0
DA:145,0
DA:147,0
DA:150,0
DA:157,0
DA:161,0
DA:164,0
DA:166,0
DA:171,0
DA:173,0
DA:174,0
DA:179,0
DA:183,67
DA:197,2
DA:198,76
DA:199,76
DA:200,4
DA:202,72
LF:64
LH:45
BRDA:37,0,0,4
BRDA:37,0,1,17
BRDA:52,1,0,20
BRDA:56,2,0,1
BRDA:56,2,1,19
BRDA:59,3,0,1
BRDA:59,3,1,0
BRDA:93,4,0,2
BRDA:93,4,1,2
BRDA:100,5,0,2
BRDA:100,5,1,0
BRDA:115,6,0,0
BRDA:115,6,1,0
BRDA:124,7,0,0
BRDA:124,7,1,0
BRDA:145,8,0,0
BRDA:145,8,1,0
BRDA:147,9,0,0
BRDA:147,9,1,0
BRDA:161,10,0,0
BRDA:161,10,1,0
BRDA:177,11,0,0
BRDA:177,11,1,0
BRDA:199,12,0,4
BRDA:199,12,1,72
BRF:25
BRH:11
end_of_record
TN:
SF:src/features/feature-flags.ts
FN:37,isFeatureEnabled
FN:71,useFeatureFlag
FN:76,(anonymous_2)
FN:81,(anonymous_3)
FN:107,(anonymous_4)
FN:115,(anonymous_5)
FN:154,useFeatureFlags
FN:159,(anonymous_7)
FN:164,(anonymous_8)
FN:170,(anonymous_9)
FN:186,(anonymous_10)
FN:201,(anonymous_11)
FN:206,(anonymous_12)
FN:215,(anonymous_13)
FN:232,getCurrentUserId
FN:259,useFeatureFlagForCurrentUser
FN:262,(anonymous_16)
FNF:17
FNH:17
FNDA:4,isFeatureEnabled
FNDA:39,useFeatureFlag
FNDA:19,(anonymous_2)
FNDA:19,(anonymous_3)
FNDA:1,(anonymous_4)
FNDA:19,(anonymous_5)
FNDA:12,useFeatureFlags
FNDA:6,(anonymous_7)
FNDA:6,(anonymous_8)
FNDA:11,(anonymous_9)
FNDA:2,(anonymous_10)
FNDA:1,(anonymous_11)
FNDA:2,(anonymous_12)
FNDA:6,(anonymous_13)
FNDA:3,getCurrentUserId
FNDA:8,useFeatureFlagForCurrentUser
FNDA:3,(anonymous_16)
DA:15,1
DA:41,4
DA:42,4
DA:43,4
DA:72,39
DA:73,39
DA:74,39
DA:76,39
DA:77,19
DA:78,19
DA:81,19
DA:82,19
DA:83,19
DA:84,19
DA:86,17
DA:87,17
DA:88,17
DA:91,1
DA:92,1
DA:93,1
DA:95,1
DA:98,18
DA:99,18
DA:104,19
DA:107,19
DA:108,1
DA:110,1
DA:111,1
DA:115,19
DA:116,19
DA:117,19
DA:121,39
DA:155,12
DA:156,12
DA:157,12
DA:159,12
DA:160,6
DA:161,6
DA:164,6
DA:165,6
DA:166,6
DA:167,6
DA:169,6
DA:171,11
DA:172,8
DA:176,4
DA:177,4
DA:178,4
DA:181,1
DA:182,1
DA:183,1
DA:185,1
DA:186,1
DA:187,2
DA:189,1
DA:192,5
DA:193,5
DA:198,6
DA:201,6
DA:202,1
DA:204,1
DA:205,1
DA:207,2
DA:208,2
DA:211,1
DA:215,6
DA:216,6
DA:217,6
DA:221,12
DA:233,3
DA:234,3
DA:235,2
DA:237,1
DA:238,1
DA:260,8
DA:262,8
DA:263,3
DA:266,8
LF:78
LH:78
BRDA:86,0,0,17
BRDA:86,0,1,0
BRDA:92,1,0,1
BRDA:92,1,1,0
BRDA:98,2,0,18
BRDA:98,2,1,0
BRDA:108,3,0,1
BRDA:108,3,1,0
BRDA:176,4,0,4
BRDA:176,4,1,0
BRDA:182,5,0,1
BRDA:182,5,1,0
BRDA:192,6,0,5
BRDA:192,6,1,0
BRDA:202,7,0,1
BRDA:202,7,1,0
BRF:16
BRH:8
end_of_record
TN:
SF:src/hooks/use-auth-state.ts
FN:8,(anonymous_0)
FN:14,(anonymous_1)
FN:17,(anonymous_2)
FN:22,(anonymous_3)
FN:33,(anonymous_4)
FN:42,(anonymous_5)
FN:47,(anonymous_6)
FN:52,(anonymous_7)
FNF:8
FNH:5
FNDA:100,(anonymous_0)
FNDA:42,(anonymous_1)
FNDA:0,(anonymous_2)
FNDA:0,(anonymous_3)
FNDA:42,(anonymous_4)
FNDA:42,(anonymous_5)
FNDA:3,(anonymous_6)
FNDA:0,(anonymous_7)
DA:8,4
DA:9,100
DA:10,100
DA:11,100
DA:12,100
DA:14,100
DA:16,42
DA:18,0
DA:19,0
DA:20,0
DA:22,0
DA:23,0
DA:26,0
DA:28,0
DA:33,42
DA:34,42
DA:35,42
DA:36,42
DA:37,3
DA:39,42
DA:42,42
DA:43,42
DA:47,100
DA:48,3
DA:49,3
DA:52,100
DA:53,0
DA:54,0
DA:58,100
LF:29
LH:20
BRDA:19,0,0,0
BRDA:19,0,1,0
BRDA:20,1,0,0
BRDA:20,1,1,0
BRDA:35,2,0,42
BRDA:35,2,1,39
BRDA:36,3,0,3
BRDA:36,3,1,39
BRDA:53,4,0,0
BRDA:53,4,1,0
BRF:10
BRH:4
end_of_record
TN:
SF:src/hooks/use-marketplace-cart.ts
FN:31,useMarketplaceCart
FN:36,(anonymous_1)
FN:50,(anonymous_2)
FN:81,(anonymous_3)
FN:105,(anonymous_4)
FN:112,(anonymous_5)
FN:123,(anonymous_6)
FN:147,(anonymous_7)
FN:154,(anonymous_8)
FN:165,(anonymous_9)
FN:189,(anonymous_10)
FN:196,(anonymous_11)
FN:207,(anonymous_12)
FN:230,(anonymous_13)
FN:237,(anonymous_14)
FNF:15
FNH:12
FNDA:25,useMarketplaceCart
FNDA:20,(anonymous_1)
FNDA:14,(anonymous_2)
FNDA:3,(anonymous_3)
FNDA:1,(anonymous_4)
FNDA:2,(anonymous_5)
FNDA:2,(anonymous_6)
FNDA:2,(anonymous_7)
FNDA:0,(anonymous_8)
FNDA:1,(anonymous_9)
FNDA:1,(anonymous_10)
FNDA:0,(anonymous_11)
FNDA:1,(anonymous_12)
FNDA:1,(anonymous_13)
FNDA:0,(anonymous_14)
DA:32,25
DA:33,25
DA:34,25
DA:36,25
DA:37,20
DA:38,20
DA:39,20
DA:48,25
DA:51,14
DA:52,0
DA:55,14
DA:57,14
DA:68,14
DA:69,6
DA:70,6
DA:73,8
DA:80,25
DA:82,3
DA:84,2
DA:86,2
DA:98,2
DA:99,1
DA:100,1
DA:103,1
DA:106,1
DA:107,1
DA:113,2
DA:122,25
DA:124,2
DA:126,2
DA:128,2
DA:140,2
DA:141,0
DA:142,0
DA:145,2
DA:148,2
DA:149,2
DA:155,0
DA:164,25
DA:166,1
DA:168,1
DA:170,1
DA:182,1
DA:183,0
DA:184,0
DA:187,1
DA:190,1
DA:191,1
DA:197,0
DA:206,25
DA:208,1
DA:210,1
DA:212,1
DA:223,1
DA:224,0
DA:225,0
DA:228,1
DA:231,1
DA:232,1
DA:238,0
DA:246,25
LF:61
LH:51
BRDA:38,0,0,0
BRDA:38,0,1,20
BRDA:51,1,0,0
BRDA:51,1,1,14
BRDA:68,2,0,6
BRDA:68,2,1,8
BRDA:70,3,0,6
BRDA:70,3,1,0
BRDA:82,4,0,1
BRDA:82,4,1,2
BRDA:98,5,0,1
BRDA:98,5,1,1
BRDA:100,6,0,1
BRDA:100,6,1,0
BRDA:124,7,0,0
BRDA:124,7,1,2
BRDA:140,8,0,0
BRDA:140,8,1,2
BRDA:142,9,0,0
BRDA:142,9,1,0
BRDA:166,10,0,0
BRDA:166,10,1,1
BRDA:182,11,0,0
BRDA:182,11,1,1
BRDA:184,12,0,0
BRDA:184,12,1,0
BRDA:208,13,0,0
BRDA:208,13,1,1
BRDA:223,14,0,0
BRDA:223,14,1,1
BRDA:225,15,0,0
BRDA:225,15,1,0
BRDA:247,16,0,25
BRDA:247,16,1,12
BRF:34
BRH:18
end_of_record
TN:
SF:src/hooks/use-marketplace-orders.ts
FN:44,useMarketplaceOrders
FN:57,(anonymous_1)
FN:88,(anonymous_2)
FN:130,(anonymous_3)
FN:155,(anonymous_4)
FN:163,(anonymous_5)
FN:174,(anonymous_6)
FN:199,(anonymous_7)
FN:206,(anonymous_8)
FNF:9
FNH:9
FNDA:23,useMarketplaceOrders
FNDA:11,(anonymous_1)
FNDA:2,(anonymous_2)
FNDA:3,(anonymous_3)
FNDA:2,(anonymous_4)
FNDA:1,(anonymous_5)
FNDA:2,(anonymous_6)
FNDA:1,(anonymous_7)
FNDA:1,(anonymous_8)
DA:45,23
DA:46,23
DA:47,23
DA:55,23
DA:58,11
DA:60,11
DA:76,10
DA:77,0
DA:78,0
DA:81,10
DA:88,23
DA:89,2
DA:91,1
DA:120,1
DA:121,0
DA:122,0
DA:125,1
DA:129,23
DA:131,3
DA:133,3
DA:134,3
DA:136,3
DA:148,3
DA:149,1
DA:150,1
DA:153,2
DA:156,2
DA:157,2
DA:158,2
DA:164,1
DA:173,23
DA:175,2
DA:177,2
DA:178,2
DA:180,2
DA:192,2
DA:193,1
DA:194,1
DA:197,1
DA:200,1
DA:201,1
DA:207,1
DA:215,23
LF:43
LH:39
BRDA:58,0,0,0
BRDA:58,0,1,11
BRDA:76,1,0,0
BRDA:76,1,1,10
BRDA:81,2,0,10
BRDA:81,2,1,0
BRDA:89,3,0,1
BRDA:89,3,1,1
BRDA:120,4,0,0
BRDA:120,4,1,1
BRDA:131,5,0,0
BRDA:131,5,1,3
BRDA:134,6,0,0
BRDA:134,6,1,3
BRDA:148,7,0,1
BRDA:148,7,1,2
BRDA:150,8,0,1
BRDA:150,8,1,0
BRDA:175,9,0,0
BRDA:175,9,1,2
BRDA:178,10,0,0
BRDA:178,10,1,2
BRDA:192,11,0,1
BRDA:192,11,1,1
BRDA:194,12,0,1
BRDA:194,12,1,0
BRDA:216,13,0,23
BRDA:216,13,1,11
BRF:28
BRH:18
end_of_record
TN:
SF:src/hooks/use-mobile.tsx
FN:16,useIsMobile
FN:19,(anonymous_1)
FN:22,(anonymous_2)
FN:30,(anonymous_3)
FN:40,useResponsive
FN:49,(anonymous_5)
FN:50,(anonymous_6)
FN:65,(anonymous_7)
FNF:8
FNH:3
FNDA:12,useIsMobile
FNDA:6,(anonymous_1)
FNDA:0,(anonymous_2)
FNDA:6,(anonymous_3)
FNDA:0,useResponsive
FNDA:0,(anonymous_5)
FNDA:0,(anonymous_6)
FNDA:0,(anonymous_7)
DA:5,1
DA:17,12
DA:19,12
DA:20,6
DA:22,6
DA:23,0
DA:26,6
DA:28,6
DA:30,6
DA:33,12
DA:41,0
DA:49,0
DA:50,0
DA:51,0
DA:52,0
DA:61,0
DA:63,0
DA:65,0
DA:68,0
LF:19
LH:9
BRDA:54,0,0,0
BRDA:54,0,1,0
BRDA:55,1,0,0
BRDA:55,1,1,0
BRF:4
BRH:0
end_of_record
TN:
SF:src/hooks/use-toast.ts
FN:28,genId
FN:59,(anonymous_1)
FN:64,(anonymous_2)
FN:75,(anonymous_3)
FN:86,(anonymous_4)
FN:99,(anonymous_5)
FN:106,(anonymous_6)
FN:125,(anonymous_7)
FN:134,dispatch
FN:136,(anonymous_9)
FN:144,toast
FN:147,(anonymous_11)
FN:152,(anonymous_12)
FN:160,(anonymous_13)
FN:173,useToast
FN:176,(anonymous_15)
FN:178,(anonymous_16)
FN:189,(anonymous_17)
FNF:18
FNH:3
FNDA:0,genId
FNDA:0,(anonymous_1)
FNDA:0,(anonymous_2)
FNDA:0,(anonymous_3)
FNDA:0,(anonymous_4)
FNDA:0,(anonymous_5)
FNDA:0,(anonymous_6)
FNDA:0,(anonymous_7)
FNDA:0,dispatch
FNDA:0,(anonymous_9)
FNDA:0,toast
FNDA:0,(anonymous_11)
FNDA:0,(anonymous_12)
FNDA:0,(anonymous_13)
FNDA:15,useToast
FNDA:9,(anonymous_15)
FNDA:9,(anonymous_16)
FNDA:0,(anonymous_17)
DA:9,2
DA:10,2
DA:19,2
DA:26,2
DA:29,0
DA:30,0
DA:57,2
DA:59,2
DA:60,0
DA:61,0
DA:64,0
DA:65,0
DA:66,0
DA:72,0
DA:75,2
DA:76,0
DA:78,0
DA:84,0
DA:87,0
DA:92,0
DA:96,0
DA:97,0
DA:99,0
DA:100,0
DA:104,0
DA:107,0
DA:117,0
DA:118,0
DA:123,0
DA:125,0
DA:130,2
DA:132,2
DA:135,0
DA:136,0
DA:137,0
DA:145,0
DA:147,0
DA:148,0
DA:152,0
DA:154,0
DA:161,0
DA:166,0
DA:174,15
DA:176,15
DA:177,9
DA:178,9
DA:179,9
DA:180,9
DA:181,9
DA:186,15
DA:189,0
LF:51
LH:17
BRDA:60,0,0,0
BRDA:60,0,1,0
BRDA:76,1,0,0
BRDA:76,1,1,0
BRDA:76,1,2,0
BRDA:76,1,3,0
BRDA:87,2,0,0
BRDA:87,2,1,0
BRDA:96,3,0,0
BRDA:96,3,1,0
BRDA:107,4,0,0
BRDA:107,4,1,0
BRDA:107,5,0,0
BRDA:107,5,1,0
BRDA:117,6,0,0
BRDA:117,6,1,0
BRDA:161,7,0,0
BRDA:161,7,1,0
BRDA:180,8,0,9
BRDA:180,8,1,0
BRF:20
BRH:1
end_of_record
TN:
SF:src/hooks/use-trade-finance.ts
FN:92,useTradeFinance
FN:97,(anonymous_1)
FN:111,(anonymous_2)
FN:146,(anonymous_3)
FN:186,(anonymous_4)
FN:215,(anonymous_5)
FN:239,(anonymous_6)
FN:247,(anonymous_7)
FN:258,(anonymous_8)
FN:282,(anonymous_9)
FN:289,(anonymous_10)
FN:300,(anonymous_11)
FN:324,(anonymous_12)
FN:332,(anonymous_13)
FN:343,(anonymous_14)
FN:367,(anonymous_15)
FN:375,(anonymous_16)
FN:386,(anonymous_17)
FN:442,(anonymous_18)
FN:449,(anonymous_19)
FNF:20
FNH:17
FNDA:52,useTradeFinance
FNDA:60,(anonymous_1)
FNDA:25,(anonymous_2)
FNDA:21,(anonymous_3)
FNDA:3,(anonymous_4)
FNDA:4,(anonymous_5)
FNDA:1,(anonymous_6)
FNDA:3,(anonymous_7)
FNDA:3,(anonymous_8)
FNDA:2,(anonymous_9)
FNDA:1,(anonymous_10)
FNDA:3,(anonymous_11)
FNDA:1,(anonymous_12)
FNDA:2,(anonymous_13)
FNDA:3,(anonymous_14)
FNDA:2,(anonymous_15)
FNDA:1,(anonymous_16)
FNDA:0,(anonymous_17)
FNDA:0,(anonymous_18)
FNDA:0,(anonymous_19)
DA:93,52
DA:94,52
DA:95,52
DA:97,52
DA:98,60
DA:99,60
DA:100,60
DA:109,52
DA:112,25
DA:114,25
DA:116,25
DA:127,25
DA:128,1
DA:129,1
DA:132,23
DA:133,23
DA:144,52
DA:147,21
DA:148,0
DA:160,21
DA:162,21
DA:173,21
DA:174,1
DA:175,1
DA:178,20
DA:179,20
DA:186,52
DA:189,3
DA:191,2
DA:193,2
DA:204,2
DA:205,0
DA:206,0
DA:209,2
DA:210,2
DA:214,52
DA:216,4
DA:218,3
DA:220,3
DA:232,3
DA:233,2
DA:234,2
DA:237,1
DA:240,1
DA:241,1
DA:242,1
DA:248,3
DA:257,52
DA:259,3
DA:261,3
DA:263,3
DA:275,3
DA:276,1
DA:277,1
DA:280,2
DA:283,2
DA:284,2
DA:290,1
DA:299,52
DA:301,3
DA:303,3
DA:305,3
DA:317,3
DA:318,2
DA:319,2
DA:322,1
DA:325,1
DA:326,1
DA:327,1
DA:333,2
DA:342,52
DA:344,3
DA:346,3
DA:348,3
DA:360,3
DA:361,1
DA:362,1
DA:365,2
DA:368,2
DA:369,2
DA:370,2
DA:376,1
DA:385,52
DA:395,0
DA:397,0
DA:400,0
DA:401,0
DA:403,0
DA:407,0
DA:408,0
DA:412,0
DA:417,0
DA:435,0
DA:436,0
DA:437,0
DA:440,0
DA:443,0
DA:444,0
DA:450,0
DA:458,52
LF:100
LH:81
BRDA:99,0,0,0
BRDA:99,0,1,60
BRDA:112,1,0,0
BRDA:112,1,1,25
BRDA:127,2,0,1
BRDA:127,2,1,24
BRDA:129,3,0,1
BRDA:129,3,1,0
BRDA:133,4,0,23
BRDA:133,4,1,1
BRDA:147,5,0,0
BRDA:147,5,1,21
BRDA:173,6,0,1
BRDA:173,6,1,20
BRDA:175,7,0,1
BRDA:175,7,1,0
BRDA:189,8,0,1
BRDA:189,8,1,2
BRDA:204,9,0,0
BRDA:204,9,1,2
BRDA:206,10,0,0
BRDA:206,10,1,0
BRDA:216,11,0,1
BRDA:216,11,1,3
BRDA:232,12,0,2
BRDA:232,12,1,1
BRDA:234,13,0,2
BRDA:234,13,1,0
BRDA:259,14,0,0
BRDA:259,14,1,3
BRDA:275,15,0,1
BRDA:275,15,1,2
BRDA:277,16,0,1
BRDA:277,16,1,0
BRDA:301,17,0,0
BRDA:301,17,1,3
BRDA:317,18,0,2
BRDA:317,18,1,1
BRDA:319,19,0,2
BRDA:319,19,1,0
BRDA:344,20,0,0
BRDA:344,20,1,3
BRDA:360,21,0,1
BRDA:360,21,1,2
BRDA:362,22,0,1
BRDA:362,22,1,0
BRDA:395,23,0,0
BRDA:395,23,1,0
BRDA:407,24,0,0
BRDA:407,24,1,0
BRDA:435,25,0,0
BRDA:435,25,1,0
BRDA:437,26,0,0
BRDA:437,26,1,0
BRDA:460,27,0,52
BRDA:460,27,1,22
BRF:56
BRH:33
end_of_record
TN:
SF:src/integrations/supabase/client.ts
FN:36,(anonymous_0)
FN:47,(anonymous_1)
FN:52,(anonymous_2)
FNF:3
FNH:0
FNDA:0,(anonymous_0)
FNDA:0,(anonymous_1)
FNDA:0,(anonymous_2)
DA:7,1
DA:8,1
DA:11,1
DA:12,0
DA:13,0
DA:14,0
DA:16,0
DA:26,1
DA:36,1
DA:37,0
DA:39,0
DA:40,0
DA:41,0
DA:44,0
DA:47,1
DA:48,0
DA:49,0
DA:52,1
DA:53,0
DA:55,0
DA:57,0
DA:58,0
DA:64,0
DA:65,0
DA:66,0
DA:69,0
DA:71,0
DA:72,0
LF:28
LH:7
BRDA:11,0,0,0
BRDA:11,0,1,1
BRDA:11,1,0,1
BRDA:11,1,1,1
BRDA:13,2,0,0
BRDA:13,2,1,0
BRDA:14,3,0,0
BRDA:14,3,1,0
BRDA:39,4,0,0
BRDA:39,4,1,0
BRDA:44,5,0,0
BRDA:44,5,1,0
BRDA:49,6,0,0
BRDA:49,6,1,0
BRDA:55,7,0,0
BRDA:55,7,1,0
BRDA:64,8,0,0
BRDA:64,8,1,0
BRF:18
BRH:3
end_of_record
TN:
SF:src/lib/translations.ts
FN:36,getTranslation
FN:61,loadSharedTranslations
FNF:2
FNH:2
FNDA:150,getTranslation
FNDA:3,loadSharedTranslations
DA:12,1
DA:24,1
DA:37,150
DA:38,150
DA:40,150
DA:41,300
DA:42,300
DA:45,0
DA:46,0
DA:47,0
DA:48,0
DA:50,0
DA:53,0
DA:57,150
DA:64,3
LF:15
LH:9
BRDA:38,0,0,150
BRDA:38,0,1,0
BRDA:41,1,0,300
BRDA:41,1,1,0
BRDA:41,2,0,300
BRDA:41,2,1,300
BRDA:41,2,2,300
BRDA:47,3,0,0
BRDA:47,3,1,0
BRDA:47,4,0,0
BRDA:47,4,1,0
BRDA:47,4,2,0
BRDA:50,5,0,0
BRDA:50,5,1,0
BRDA:53,6,0,0
BRDA:53,6,1,0
BRDA:53,6,2,0
BRDA:57,7,0,150
BRDA:57,7,1,0
BRDA:57,7,2,0
BRF:20
BRH:6
end_of_record
TN:
SF:src/lib/utils.ts
FN:5,cn
FN:9,formatCurrency
FN:18,calculateBusinessCount
FNF:3
FNH:1
FNDA:597,cn
FNDA:0,formatCurrency
FNDA:0,calculateBusinessCount
DA:6,597
DA:10,0
DA:23,0
DA:24,0
DA:25,0
DA:26,0
DA:29,0
DA:31,0
LF:8
LH:1
BRDA:19,0,0,0
BRDA:20,1,0,0
BRDA:21,2,0,0
BRF:3
BRH:0
end_of_record
TN:
SF:src/lib/payments/provider.ts
FN:40,(anonymous_0)
FN:47,(anonymous_1)
FN:54,(anonymous_2)
FN:61,(anonymous_3)
FN:68,(anonymous_4)
FN:75,(anonymous_5)
FN:87,(anonymous_6)
FN:130,(anonymous_7)
FN:147,(anonymous_8)
FN:158,(anonymous_9)
FN:168,(anonymous_10)
FN:178,(anonymous_11)
FN:28,(anonymous_12)
FNF:13
FNH:13
FNDA:12,(anonymous_0)
FNDA:5,(anonymous_1)
FNDA:1,(anonymous_2)
FNDA:8,(anonymous_3)
FNDA:37,(anonymous_4)
FNDA:2,(anonymous_5)
FNDA:109,(anonymous_6)
FNDA:110,(anonymous_7)
FNDA:16,(anonymous_8)
FNDA:5,(anonymous_9)
FNDA:11,(anonymous_10)
FNDA:16,(anonymous_11)
FNDA:126,(anonymous_12)
DA:25,126
DA:26,126
DA:29,126
DA:30,126
DA:41,12
DA:48,5
DA:55,1
DA:62,8
DA:69,37
DA:76,2
DA:88,109
DA:89,1
DA:92,108
DA:93,108
DA:99,107
DA:100,1
DA:104,106
DA:105,2
DA:109,104
DA:110,1
DA:114,103
DA:116,103
DA:117,103
DA:120,0
DA:122,1
DA:123,1
DA:131,110
DA:132,110
DA:133,758
DA:134,758
DA:135,758
DA:137,110
DA:148,16
DA:159,5
DA:169,11
DA:183,16
LF:36
LH:35
BRDA:88,0,0,1
BRDA:88,0,1,108
BRDA:99,1,0,1
BRDA:99,1,1,106
BRDA:104,2,0,2
BRDA:104,2,1,104
BRDA:104,3,0,106
BRDA:104,3,1,106
BRDA:104,3,2,106
BRDA:109,4,0,1
BRDA:109,4,1,103
BRDA:114,5,0,103
BRDA:114,5,1,0
BRF:13
BRH:12
end_of_record
TN:
SF:src/lib/payments/registry.ts
FN:36,(anonymous_0)
FN:46,(anonymous_1)
FN:55,(anonymous_2)
FN:56,(anonymous_3)
FN:72,(anonymous_4)
FN:79,(anonymous_5)
FN:86,(anonymous_6)
FN:102,(anonymous_7)
FN:118,(anonymous_8)
FN:125,(anonymous_9)
FN:126,(anonymous_10)
FN:132,(anonymous_11)
FN:133,(anonymous_12)
FN:141,(anonymous_13)
FN:148,(anonymous_14)
FN:155,(anonymous_15)
FN:158,(anonymous_16)
FN:174,(anonymous_17)
FN:29,(anonymous_18)
FN:193,(anonymous_19)
FN:200,(anonymous_20)
FN:207,(anonymous_21)
FN:225,(anonymous_22)
FN:235,(anonymous_23)
FN:242,(anonymous_24)
FN:243,(anonymous_25)
FN:245,(anonymous_26)
FN:247,(anonymous_27)
FN:248,(anonymous_28)
FNF:29
FNH:22
FNDA:1,(anonymous_0)
FNDA:18,(anonymous_1)
FNDA:34,(anonymous_2)
FNDA:0,(anonymous_3)
FNDA:34,(anonymous_4)
FNDA:5,(anonymous_5)
FNDA:2,(anonymous_6)
FNDA:2,(anonymous_7)
FNDA:9,(anonymous_8)
FNDA:1,(anonymous_9)
FNDA:2,(anonymous_10)
FNDA:5,(anonymous_11)
FNDA:10,(anonymous_12)
FNDA:1,(anonymous_13)
FNDA:1,(anonymous_14)
FNDA:2,(anonymous_15)
FNDA:4,(anonymous_16)
FNDA:1,(anonymous_17)
FNDA:21,(anonymous_18)
FNDA:1,(anonymous_19)
FNDA:1,(anonymous_20)
FNDA:1,(anonymous_21)
FNDA:1,(anonymous_22)
FNDA:0,(anonymous_23)
FNDA:0,(anonymous_24)
FNDA:0,(anonymous_25)
FNDA:0,(anonymous_26)
FNDA:0,(anonymous_27)
FNDA:0,(anonymous_28)
DA:24,1
DA:25,21
DA:26,21
DA:27,21
DA:30,21
DA:37,37
DA:38,21
DA:40,37
DA:47,18
DA:49,17
DA:51,17
DA:52,17
DA:55,17
DA:56,34
DA:57,0
DA:61,17
DA:62,17
DA:64,0
DA:65,0
DA:73,34
DA:80,5
DA:87,2
DA:88,2
DA:91,2
DA:92,1
DA:93,1
DA:96,1
DA:103,2
DA:104,2
DA:107,2
DA:108,1
DA:109,1
DA:112,1
DA:119,9
DA:126,2
DA:133,5
DA:134,10
DA:142,1
DA:149,1
DA:156,2
DA:158,2
DA:159,4
DA:160,4
DA:161,4
DA:163,0
DA:167,2
DA:168,2
DA:175,39
DA:176,20
DA:177,20
DA:180,39
DA:194,2
DA:201,2
DA:211,3
DA:213,1
DA:215,1
DA:217,1
DA:218,1
DA:226,2
DA:235,1
DA:236,0
DA:238,0
DA:242,0
DA:244,0
DA:246,0
DA:247,0
DA:248,0
LF:67
LH:56
BRDA:37,0,0,21
BRDA:37,0,1,16
BRDA:47,1,0,1
BRDA:47,1,1,17
BRDA:88,2,0,0
BRDA:88,2,1,2
BRDA:91,3,0,1
BRDA:91,3,1,1
BRDA:104,4,0,0
BRDA:104,4,1,2
BRDA:107,5,0,1
BRDA:107,5,1,1
BRDA:175,6,0,20
BRDA:175,6,1,19
BRDA:211,7,0,1
BRDA:211,7,1,1
BRDA:211,7,2,1
BRF:17
BRH:15
end_of_record
TN:
SF:src/lib/payments/providers/paypal.ts
FN:50,(anonymous_0)
FN:55,(anonymous_1)
FN:68,(anonymous_2)
FN:84,(anonymous_3)
FN:106,(anonymous_4)
FN:116,(anonymous_5)
FN:128,(anonymous_6)
FN:140,(anonymous_7)
FN:156,(anonymous_8)
FN:195,(anonymous_9)
FN:238,(anonymous_10)
FN:269,(anonymous_11)
FN:283,(anonymous_12)
FN:312,(anonymous_13)
FN:336,(anonymous_14)
FN:372,(anonymous_15)
FN:379,(anonymous_16)
FN:389,(anonymous_17)
FN:390,(anonymous_18)
FN:407,(anonymous_19)
FN:408,(anonymous_20)
FN:425,(anonymous_21)
FN:438,(anonymous_22)
FN:28,(anonymous_23)
FNF:24
FNH:18
FNDA:17,(anonymous_0)
FNDA:0,(anonymous_1)
FNDA:4,(anonymous_2)
FNDA:6,(anonymous_3)
FNDA:5,(anonymous_4)
FNDA:5,(anonymous_5)
FNDA:2,(anonymous_6)
FNDA:1,(anonymous_7)
FNDA:0,(anonymous_8)
FNDA:2,(anonymous_9)
FNDA:6,(anonymous_10)
FNDA:1,(anonymous_11)
FNDA:1,(anonymous_12)
FNDA:2,(anonymous_13)
FNDA:1,(anonymous_14)
FNDA:0,(anonymous_15)
FNDA:0,(anonymous_16)
FNDA:5,(anonymous_17)
FNDA:2,(anonymous_18)
FNDA:0,(anonymous_19)
FNDA:0,(anonymous_20)
FNDA:6,(anonymous_21)
FNDA:1,(anonymous_22)
FNDA:39,(anonymous_23)
DA:29,39
DA:43,39
DA:56,0
DA:58,0
DA:62,0
DA:64,0
DA:69,4
DA:70,4
DA:74,3
DA:76,1
DA:85,6
DA:86,6
DA:90,6
DA:91,1
DA:98,5
DA:99,0
DA:106,5
DA:116,6
DA:118,6
DA:120,0
DA:129,2
DA:132,2
DA:134,2
DA:135,0
DA:140,2
DA:142,2
DA:143,1
DA:148,1
DA:150,0
DA:157,0
DA:158,0
DA:168,0
DA:169,0
DA:174,0
DA:183,0
DA:185,0
DA:196,2
DA:197,2
DA:210,2
DA:211,1
DA:220,1
DA:228,0
DA:239,6
DA:240,6
DA:247,6
DA:248,1
DA:253,5
DA:261,5
DA:263,0
DA:270,1
DA:271,1
DA:275,1
DA:276,0
DA:283,1
DA:302,1
DA:304,0
DA:313,2
DA:314,2
DA:322,2
DA:323,1
DA:328,1
DA:330,0
DA:337,1
DA:338,1
DA:347,1
DA:348,0
DA:353,1
DA:360,1
DA:362,0
DA:376,0
DA:390,5
DA:408,0
DA:426,6
DA:435,6
DA:439,1
DA:448,1
LF:76
LH:52
BRDA:74,0,0,3
BRDA:74,0,1,2
BRDA:90,1,0,1
BRDA:90,1,1,5
BRDA:98,2,0,0
BRDA:98,2,1,5
BRDA:102,3,0,0
BRDA:102,3,1,0
BRDA:106,4,0,5
BRDA:106,4,1,0
BRDA:110,5,0,4
BRDA:110,5,1,1
BRDA:111,6,0,5
BRDA:111,6,1,0
BRDA:123,7,0,0
BRDA:123,7,1,0
BRDA:134,8,0,0
BRDA:134,8,1,2
BRDA:134,9,0,2
BRDA:134,9,1,2
BRDA:136,10,0,0
BRDA:136,10,1,0
BRDA:142,11,0,1
BRDA:142,11,1,1
BRDA:164,12,0,0
BRDA:164,12,1,0
BRDA:168,13,0,0
BRDA:168,13,1,0
BRDA:168,14,0,0
BRDA:168,14,1,0
BRDA:170,15,0,0
BRDA:170,15,1,0
BRDA:170,15,2,0
BRDA:178,16,0,0
BRDA:178,16,1,0
BRDA:179,17,0,0
BRDA:179,17,1,0
BRDA:201,18,0,2
BRDA:201,18,1,2
BRDA:210,19,0,1
BRDA:210,19,1,1
BRDA:210,20,0,2
BRDA:210,20,1,2
BRDA:216,21,0,1
BRDA:216,21,1,1
BRDA:216,21,2,0
BRDA:247,22,0,1
BRDA:247,22,1,5
BRDA:247,23,0,6
BRDA:247,23,1,6
BRDA:249,24,0,1
BRDA:249,24,1,1
BRDA:249,24,2,0
BRDA:275,25,0,0
BRDA:275,25,1,1
BRDA:275,26,0,1
BRDA:275,26,1,1
BRDA:279,27,0,0
BRDA:279,27,1,0
BRDA:279,27,2,0
BRDA:283,28,0,1
BRDA:283,28,1,0
BRDA:322,29,0,1
BRDA:322,29,1,1
BRDA:322,30,0,2
BRDA:322,30,1,2
BRDA:324,31,0,1
BRDA:324,31,1,1
BRDA:324,31,2,0
BRDA:347,32,0,0
BRDA:347,32,1,1
BRDA:347,33,0,1
BRDA:347,33,1,1
BRDA:349,34,0,0
BRDA:349,34,1,0
BRDA:349,34,2,0
BRDA:357,35,0,1
BRDA:357,35,1,0
BRDA:395,36,0,2
BRDA:395,36,1,0
BRDA:413,37,0,0
BRDA:413,37,1,0
BRDA:435,38,0,6
BRDA:435,38,1,0
BRDA:448,39,0,1
BRDA:448,39,1,0
BRF:86
BRH:45
end_of_record
TN:
SF:src/lib/payments/providers/sayswitch.ts
FN:55,(anonymous_0)
FN:60,(anonymous_1)
FN:73,(anonymous_2)
FN:89,(anonymous_3)
FN:111,(anonymous_4)
FN:129,(anonymous_5)
FN:143,(anonymous_6)
FN:162,(anonymous_7)
FN:176,(anonymous_8)
FN:199,(anonymous_9)
FN:233,(anonymous_10)
FN:272,(anonymous_11)
FN:317,(anonymous_12)
FN:362,(anonymous_13)
FN:407,(anonymous_14)
FN:459,(anonymous_15)
FN:484,(anonymous_16)
FN:511,(anonymous_17)
FN:554,(anonymous_18)
FN:568,(anonymous_19)
FN:588,(anonymous_20)
FN:612,(anonymous_21)
FN:625,(anonymous_22)
FN:31,(anonymous_23)
FNF:24
FNH:23
FNDA:17,(anonymous_0)
FNDA:0,(anonymous_1)
FNDA:5,(anonymous_2)
FNDA:3,(anonymous_3)
FNDA:2,(anonymous_4)
FNDA:2,(anonymous_5)
FNDA:1,(anonymous_6)
FNDA:1,(anonymous_7)
FNDA:1,(anonymous_8)
FNDA:2,(anonymous_9)
FNDA:3,(anonymous_10)
FNDA:6,(anonymous_11)
FNDA:3,(anonymous_12)
FNDA:1,(anonymous_13)
FNDA:2,(anonymous_14)
FNDA:3,(anonymous_15)
FNDA:3,(anonymous_16)
FNDA:2,(anonymous_17)
FNDA:2,(anonymous_18)
FNDA:1,(anonymous_19)
FNDA:1,(anonymous_20)
FNDA:14,(anonymous_21)
FNDA:4,(anonymous_22)
FNDA:54,(anonymous_23)
DA:32,54
DA:48,54
DA:61,0
DA:63,0
DA:67,0
DA:69,0
DA:74,5
DA:75,5
DA:79,4
DA:81,1
DA:90,3
DA:91,3
DA:95,3
DA:96,1
DA:103,2
DA:104,0
DA:111,2
DA:119,3
DA:121,0
DA:130,2
DA:131,2
DA:135,2
DA:136,1
DA:143,1
DA:152,2
DA:154,0
DA:163,1
DA:164,1
DA:168,1
DA:169,0
DA:176,1
DA:185,1
DA:187,0
DA:200,2
DA:201,2
DA:209,2
DA:210,1
DA:216,1
DA:222,0
DA:234,3
DA:236,1
DA:242,1
DA:248,0
DA:254,0
DA:261,1
DA:277,6
DA:278,6
DA:287,6
DA:288,1
DA:298,5
DA:306,0
DA:322,3
DA:323,3
DA:332,3
DA:333,1
DA:343,2
DA:351,0
DA:367,1
DA:368,1
DA:377,1
DA:378,0
DA:388,1
DA:396,0
DA:413,2
DA:414,2
DA:424,2
DA:425,0
DA:435,2
DA:444,0
DA:460,3
DA:461,3
DA:468,3
DA:471,0
DA:474,3
DA:476,3
DA:477,1
DA:484,3
DA:501,3
DA:503,0
DA:512,2
DA:513,2
DA:519,2
DA:520,1
DA:525,1
DA:542,2
DA:544,0
DA:555,2
DA:556,2
DA:560,2
DA:561,0
DA:568,2
DA:578,2
DA:580,0
DA:589,1
DA:590,1
DA:594,1
DA:595,0
DA:600,1
DA:602,0
DA:613,14
DA:622,14
DA:626,4
DA:627,4
DA:628,1
DA:629,0
DA:630,0
DA:631,0
LF:107
LH:79
BRDA:79,0,0,4
BRDA:79,0,1,3
BRDA:95,1,0,1
BRDA:95,1,1,2
BRDA:103,2,0,0
BRDA:103,2,1,2
BRDA:107,3,0,0
BRDA:107,3,1,0
BRDA:111,4,0,2
BRDA:111,4,1,0
BRDA:112,5,0,2
BRDA:112,5,1,2
BRDA:124,6,0,0
BRDA:124,6,1,0
BRDA:135,7,0,1
BRDA:135,7,1,1
BRDA:135,8,0,2
BRDA:135,8,1,2
BRDA:139,9,0,1
BRDA:139,9,1,1
BRDA:139,9,2,0
BRDA:143,10,0,1
BRDA:143,10,1,0
BRDA:144,11,0,1
BRDA:144,11,1,1
BRDA:148,12,0,1
BRDA:148,12,1,0
BRDA:148,12,2,0
BRDA:168,13,0,0
BRDA:168,13,1,1
BRDA:168,14,0,1
BRDA:168,14,1,1
BRDA:172,15,0,0
BRDA:172,15,1,0
BRDA:172,15,2,0
BRDA:176,16,0,1
BRDA:176,16,1,0
BRDA:177,17,0,1
BRDA:177,17,1,1
BRDA:181,18,0,1
BRDA:181,18,1,0
BRDA:209,19,0,1
BRDA:209,19,1,1
BRDA:209,20,0,2
BRDA:209,20,1,2
BRDA:212,21,0,1
BRDA:212,21,1,1
BRDA:212,21,2,0
BRDA:234,22,0,1
BRDA:234,22,1,1
BRDA:234,22,2,0
BRDA:234,22,3,0
BRDA:234,22,4,1
BRDA:287,23,0,1
BRDA:287,23,1,5
BRDA:287,24,0,6
BRDA:287,24,1,6
BRDA:294,25,0,1
BRDA:294,25,1,1
BRDA:294,25,2,0
BRDA:332,26,0,1
BRDA:332,26,1,2
BRDA:332,27,0,3
BRDA:332,27,1,2
BRDA:339,28,0,1
BRDA:339,28,1,0
BRDA:339,28,2,0
BRDA:347,29,0,3
BRDA:347,29,1,0
BRDA:377,30,0,0
BRDA:377,30,1,1
BRDA:377,31,0,1
BRDA:377,31,1,1
BRDA:384,32,0,0
BRDA:384,32,1,0
BRDA:384,32,2,0
BRDA:392,33,0,1
BRDA:392,33,1,0
BRDA:411,34,0,2
BRDA:424,35,0,0
BRDA:424,35,1,2
BRDA:424,36,0,2
BRDA:424,36,1,2
BRDA:431,37,0,0
BRDA:431,37,1,0
BRDA:431,37,2,0
BRDA:468,38,0,0
BRDA:468,38,1,3
BRDA:476,39,0,1
BRDA:476,39,1,2
BRDA:484,40,0,2
BRDA:484,40,1,0
BRDA:491,41,0,3
BRDA:491,41,1,0
BRDA:519,42,0,1
BRDA:519,42,1,1
BRDA:519,43,0,2
BRDA:519,43,1,1
BRDA:532,44,0,1
BRDA:532,44,1,0
BRDA:560,45,0,0
BRDA:560,45,1,2
BRDA:560,46,0,2
BRDA:560,46,1,2
BRDA:564,47,0,0
BRDA:564,47,1,0
BRDA:564,47,2,0
BRDA:568,48,0,2
BRDA:568,48,1,0
BRDA:594,49,0,0
BRDA:594,49,1,1
BRDA:594,50,0,1
BRDA:594,50,1,1
BRDA:596,51,0,0
BRDA:596,51,1,0
BRDA:596,51,2,0
BRDA:622,52,0,14
BRDA:622,52,1,0
BRDA:626,53,0,4
BRDA:626,53,1,0
BRDA:627,54,0,3
BRDA:627,54,1,1
BRDA:628,55,0,1
BRDA:628,55,1,0
BRDA:629,56,0,0
BRDA:629,56,1,0
BRDA:630,57,0,0
BRDA:630,57,1,0
BRF:128
BRH:76
end_of_record
TN:
SF:src/lib/validations/auth.ts
FN:38,(anonymous_0)
FNF:1
FNH:0
FNDA:0,(anonymous_0)
DA:4,1
DA:16,1
DA:25,1
DA:31,1
DA:38,0
LF:5
LH:4
BRF:0
BRH:0
end_of_record
TN:
SF:src/pages/PaymentSuccess.tsx
FN:11,(anonymous_0)
FNF:1
FNH:1
FNDA:4,(anonymous_0)
DA:11,1
DA:12,4
DA:13,4
LF:3
LH:3
BRF:0
BRH:0
end_of_record
TN:
SF:src/services/FeatureFlagManager.ts
FN:65,(anonymous_0)
FN:75,(anonymous_1)
FN:105,(anonymous_2)
FN:113,(anonymous_3)
FN:114,(anonymous_4)
FN:120,(anonymous_5)
FN:124,(anonymous_6)
FN:132,(anonymous_7)
FN:142,(anonymous_8)
FN:181,(anonymous_9)
FN:194,(anonymous_10)
FN:217,(anonymous_11)
FN:231,(anonymous_12)
FN:251,(anonymous_13)
FN:268,(anonymous_14)
FN:325,(anonymous_15)
FN:369,(anonymous_16)
FN:406,(anonymous_17)
FN:438,(anonymous_18)
FN:57,(anonymous_19)
FN:455,getFeatureFlagManager
FN:465,resetFeatureFlagManager
FNF:22
FNH:19
FNDA:25,(anonymous_0)
FNDA:2,(anonymous_1)
FNDA:115,(anonymous_2)
FNDA:2,(anonymous_3)
FNDA:1,(anonymous_4)
FNDA:3,(anonymous_5)
FNDA:1,(anonymous_6)
FNDA:117,(anonymous_7)
FNDA:114,(anonymous_8)
FNDA:2,(anonymous_9)
FNDA:2,(anonymous_10)
FNDA:117,(anonymous_11)
FNDA:105,(anonymous_12)
FNDA:102,(anonymous_13)
FNDA:107,(anonymous_14)
FNDA:4,(anonymous_15)
FNDA:3,(anonymous_16)
FNDA:3,(anonymous_17)
FNDA:0,(anonymous_18)
FNDA:25,(anonymous_19)
FNDA:0,getFeatureFlagManager
FNDA:0,resetFeatureFlagManager
DA:39,25
DA:40,25
DA:41,25
DA:42,25
DA:43,25
DA:46,25
DA:49,25
DA:58,25
DA:59,25
DA:66,25
DA:76,2
DA:79,2
DA:80,2
DA:81,2
DA:89,0
DA:90,0
DA:91,0
DA:92,0
DA:96,2
DA:106,115
DA:107,115
DA:114,2
DA:121,3
DA:124,3
DA:125,1
DA:133,117
DA:134,117
DA:136,4
DA:143,114
DA:144,114
DA:150,114
DA:151,3
DA:152,3
DA:155,111
DA:156,111
DA:166,111
DA:168,111
DA:171,0
DA:173,0
DA:174,0
DA:182,2
DA:183,2
DA:187,2
DA:188,1
DA:189,1
DA:192,1
DA:194,1
DA:195,2
DA:203,2
DA:207,1
DA:209,0
DA:210,0
DA:219,117
DA:220,3
DA:224,114
DA:232,105
DA:233,104
DA:236,104
DA:237,2
DA:242,102
DA:243,102
DA:245,102
DA:252,102
DA:253,102
DA:254,706
DA:255,706
DA:256,706
DA:258,102
DA:273,107
DA:274,0
DA:275,0
DA:281,107
DA:282,107
DA:284,107
DA:285,1
DA:286,1
DA:293,106
DA:294,1
DA:302,105
DA:304,105
DA:310,0
DA:311,0
DA:330,4
DA:331,4
DA:336,4
DA:337,1
DA:340,4
DA:345,4
DA:346,1
DA:347,1
DA:354,3
DA:356,3
DA:358,0
DA:359,0
DA:375,3
DA:376,3
DA:385,3
DA:386,1
DA:387,1
DA:393,2
DA:395,0
DA:396,0
DA:407,3
DA:408,3
DA:413,3
DA:414,1
DA:415,1
DA:422,2
DA:423,2
DA:425,2
DA:427,0
DA:428,0
DA:439,0
DA:440,0
DA:441,0
DA:443,0
DA:444,0
DA:445,0
DA:450,1
DA:456,0
DA:457,0
DA:459,0
DA:466,0
DA:467,0
DA:468,0
LF:125
LH:94
BRDA:79,0,0,2
BRDA:79,0,1,0
BRDA:79,1,0,2
BRDA:79,1,1,0
BRDA:83,2,0,2
BRDA:83,2,1,0
BRDA:84,3,0,2
BRDA:84,3,1,0
BRDA:89,4,0,0
BRDA:89,4,1,0
BRDA:134,5,0,113
BRDA:134,5,1,4
BRDA:150,6,0,3
BRDA:150,6,1,111
BRDA:155,7,0,111
BRDA:155,7,1,0
BRDA:158,8,0,111
BRDA:158,8,1,0
BRDA:159,9,0,111
BRDA:159,9,1,0
BRDA:187,10,0,1
BRDA:187,10,1,1
BRDA:192,11,0,1
BRDA:192,11,1,0
BRDA:197,12,0,2
BRDA:197,12,1,0
BRDA:198,13,0,2
BRDA:198,13,1,0
BRDA:219,14,0,3
BRDA:219,14,1,114
BRDA:220,15,0,3
BRDA:220,15,1,0
BRDA:232,16,0,1
BRDA:232,16,1,104
BRDA:233,17,0,0
BRDA:233,17,1,104
BRDA:236,18,0,2
BRDA:236,18,1,102
BRDA:273,19,0,0
BRDA:273,19,1,107
BRDA:273,20,0,107
BRDA:273,20,1,107
BRDA:274,21,0,0
BRDA:274,21,1,0
BRDA:277,22,0,0
BRDA:277,22,1,0
BRDA:284,23,0,1
BRDA:284,23,1,106
BRDA:293,24,0,1
BRDA:293,24,1,105
BRDA:306,25,0,41
BRDA:306,25,1,64
BRDA:336,26,0,1
BRDA:336,26,1,3
BRDA:345,27,0,1
BRDA:345,27,1,3
BRDA:361,28,0,0
BRDA:361,28,1,0
BRDA:371,29,0,3
BRDA:372,30,0,3
BRDA:382,31,0,3
BRDA:382,31,1,0
BRDA:385,32,0,1
BRDA:385,32,1,2
BRDA:398,33,0,0
BRDA:398,33,1,0
BRDA:413,34,0,1
BRDA:413,34,1,2
BRDA:430,35,0,0
BRDA:430,35,1,0
BRDA:439,36,0,0
BRDA:439,36,1,0
BRDA:58,37,0,25
BRDA:58,37,1,0
BRDA:456,38,0,0
BRDA:456,38,1,0
BRDA:466,39,0,0
BRDA:466,39,1,0
BRF:78
BRH:45
end_of_record
TN:
SF:src/utils/auth-utils.ts
FN:5,(anonymous_0)
FN:26,(anonymous_1)
FN:39,(anonymous_2)
FN:52,(anonymous_3)
FN:65,(anonymous_4)
FN:112,(anonymous_5)
FN:135,(anonymous_6)
FN:143,(anonymous_7)
FN:157,(anonymous_8)
FN:167,(anonymous_9)
FN:206,(anonymous_10)
FN:225,(anonymous_11)
FN:241,(anonymous_12)
FN:247,(anonymous_13)
FN:259,(anonymous_14)
FN:267,(anonymous_15)
FN:287,(anonymous_16)
FNF:17
FNH:0
FNDA:0,(anonymous_0)
FNDA:0,(anonymous_1)
FNDA:0,(anonymous_2)
FNDA:0,(anonymous_3)
FNDA:0,(anonymous_4)
FNDA:0,(anonymous_5)
FNDA:0,(anonymous_6)
FNDA:0,(anonymous_7)
FNDA:0,(anonymous_8)
FNDA:0,(anonymous_9)
FNDA:0,(anonymous_10)
FNDA:0,(anonymous_11)
FNDA:0,(anonymous_12)
FNDA:0,(anonymous_13)
FNDA:0,(anonymous_14)
FNDA:0,(anonymous_15)
FNDA:0,(anonymous_16)
DA:5,3
DA:6,0
DA:7,0
DA:13,0
DA:14,0
DA:17,0
DA:19,0
DA:21,0
DA:22,0
DA:26,3
DA:27,0
DA:29,0
DA:30,0
DA:34,0
DA:36,0
DA:39,3
DA:40,0
DA:47,0
DA:48,0
DA:52,3
DA:53,0
DA:60,0
DA:61,0
DA:65,3
DA:66,0
DA:68,0
DA:69,0
DA:81,0
DA:82,0
DA:83,0
DA:89,0
DA:91,0
DA:92,0
DA:97,0
DA:103,0
DA:104,0
DA:107,0
DA:108,0
DA:112,3
DA:113,0
DA:125,0
DA:126,0
DA:130,0
DA:132,0
DA:135,3
DA:136,0
DA:138,0
DA:139,0
DA:143,3
DA:144,0
DA:152,0
DA:153,0
DA:157,3
DA:158,0
DA:162,0
DA:163,0
DA:167,3
DA:171,0
DA:174,0
DA:175,0
DA:176,0
DA:179,0
DA:187,0
DA:188,0
DA:192,0
DA:199,0
DA:200,0
DA:203,0
DA:206,3
DA:207,0
DA:209,0
DA:213,0
DA:215,0
DA:220,0
DA:221,0
DA:225,3
DA:226,0
DA:227,0
DA:232,0
DA:234,0
DA:236,0
DA:237,0
DA:241,3
DA:242,0
DA:243,0
DA:245,0
DA:247,0
DA:254,0
DA:255,0
DA:259,3
DA:260,0
DA:261,0
DA:265,0
DA:267,0
DA:282,0
DA:283,0
DA:287,3
DA:288,0
DA:289,0
DA:294,0
DA:296,0
DA:297,0
LF:102
LH:15
BRDA:13,0,0,0
BRDA:13,0,1,0
BRDA:17,1,0,0
BRDA:17,1,1,0
BRDA:29,2,0,0
BRDA:29,2,1,0
BRDA:47,3,0,0
BRDA:47,3,1,0
BRDA:60,4,0,0
BRDA:60,4,1,0
BRDA:68,5,0,0
BRDA:68,5,1,0
BRDA:82,6,0,0
BRDA:82,6,1,0
BRDA:91,7,0,0
BRDA:91,7,1,0
BRDA:100,8,0,0
BRDA:100,8,1,0
BRDA:103,9,0,0
BRDA:103,9,1,0
BRDA:125,10,0,0
BRDA:125,10,1,0
BRDA:138,11,0,0
BRDA:138,11,1,0
BRDA:152,12,0,0
BRDA:152,12,1,0
BRDA:162,13,0,0
BRDA:162,13,1,0
BRDA:175,14,0,0
BRDA:175,14,1,0
BRDA:176,15,0,0
BRDA:176,15,1,0
BRDA:187,16,0,0
BRDA:187,16,1,0
BRDA:195,17,0,0
BRDA:195,17,1,0
BRDA:199,18,0,0
BRDA:199,18,1,0
BRDA:213,19,0,0
BRDA:213,19,1,0
BRDA:232,20,0,0
BRDA:232,20,1,0
BRDA:245,21,0,0
BRDA:245,21,1,0
BRDA:250,22,0,0
BRDA:250,22,1,0
BRDA:265,23,0,0
BRDA:265,23,1,0
BRDA:267,24,0,0
BRDA:267,24,1,0
BRDA:270,25,0,0
BRDA:270,25,1,0
BRDA:270,26,0,0
BRDA:270,26,1,0
BRDA:272,27,0,0
BRDA:272,27,1,0
BRDA:272,28,0,0
BRDA:272,28,1,0
BRDA:274,29,0,0
BRDA:274,29,1,0
BRDA:274,30,0,0
BRDA:274,30,1,0
BRDA:294,31,0,0
BRDA:294,31,1,0
BRF:64
BRH:0
end_of_record
TN:
SF:src/utils/sanitize.ts
FN:4,(anonymous_0)
FNF:1
FNH:1
FNDA:24,(anonymous_0)
DA:4,1
DA:5,24
LF:2
LH:2
BRF:0
BRH:0
end_of_record
